<?xml version="1.0" encoding="UTF-8"?>
<testsuite name="testCase.ARTICLE_TC003_VerifyUserCanPublishAnUnpublishedArticle" tests="1" skipped="0" failures="0" errors="0" timestamp="2018-03-05T07:23:10" hostname="LGDN15031" time="18.138">
  <properties/>
  <testcase name="login[0](http://192.168.188.150/joomla/administrator, diempham, diempham, Test Article 1520234587034, Sample Data-Articles, Unpublished, this is article content)" classname="testCase.ARTICLE_TC003_VerifyUserCanPublishAnUnpublishedArticle" time="18.138"/>
  <system-out><![CDATA[]]></system-out>
  <system-err><![CDATA[Mar 05, 2018 2:23:10 PM org.openqa.selenium.remote.ProtocolHandshake createSession
INFO: Detected dialect: OSS
Mar 05, 2018 2:23:10 PM testCase.ARTICLE_TC003_VerifyUserCanPublishAnUnpublishedArticle login
INFO: -----------TC_JOOMLA_ARTICLE_003-------------
Mar 05, 2018 2:23:10 PM testCase.ARTICLE_TC003_VerifyUserCanPublishAnUnpublishedArticle login
INFO: Step 1: Navigate to the URL: http://192.168.189.197:1081/joomla/administrator/
Mar 05, 2018 2:23:11 PM testCase.ARTICLE_TC003_VerifyUserCanPublishAnUnpublishedArticle login
INFO: Step 2 :Enter valid username into Username field
Mar 05, 2018 2:23:11 PM testCase.ARTICLE_TC003_VerifyUserCanPublishAnUnpublishedArticle login
INFO: Step 3: Enter valid password into Password field
Mar 05, 2018 2:23:11 PM testCase.ARTICLE_TC003_VerifyUserCanPublishAnUnpublishedArticle login
INFO: Step 4: Click on 'Log in' button
Mar 05, 2018 2:23:13 PM testCase.ARTICLE_TC003_VerifyUserCanPublishAnUnpublishedArticle login
INFO: Step 5: Select Content > Articles
Mar 05, 2018 2:23:14 PM testCase.ARTICLE_TC003_VerifyUserCanPublishAnUnpublishedArticle login
INFO: Step 6:Click on 'New' icon of the top right toolbar
Mar 05, 2018 2:23:17 PM testCase.ARTICLE_TC003_VerifyUserCanPublishAnUnpublishedArticle login
INFO: Step 7: Enter a title on 'Title' field
Mar 05, 2018 2:23:18 PM testCase.ARTICLE_TC003_VerifyUserCanPublishAnUnpublishedArticle login
INFO: Step 8: Select an item from the 'Category' dropdown list
Mar 05, 2018 2:23:18 PM testCase.ARTICLE_TC003_VerifyUserCanPublishAnUnpublishedArticle login
INFO: Step 9: Select 'Unpublished' item from 'Status' dropdown list
Mar 05, 2018 2:23:18 PM testCase.ARTICLE_TC003_VerifyUserCanPublishAnUnpublishedArticle login
INFO: Step 10: Enter value on 'Article Text' text area
Mar 05, 2018 2:23:19 PM testCase.ARTICLE_TC003_VerifyUserCanPublishAnUnpublishedArticle login
INFO: Step 11: Click on 'Save & Close' icon of the top right toolbar
Mar 05, 2018 2:23:22 PM testCase.ARTICLE_TC003_VerifyUserCanPublishAnUnpublishedArticle login
INFO: Step 12: Verify the article is saved successfully
Mar 05, 2018 2:23:25 PM testCase.ARTICLE_TC003_VerifyUserCanPublishAnUnpublishedArticle login
INFO: Step 13: Check on the recently added article's checkbox
Mar 05, 2018 2:23:25 PM testCase.ARTICLE_TC003_VerifyUserCanPublishAnUnpublishedArticle login
INFO: Step 14: Click on 'Publish' icon of the top right toolbar
Mar 05, 2018 2:23:27 PM testCase.ARTICLE_TC003_VerifyUserCanPublishAnUnpublishedArticle login
INFO: Step 15: Verify the article is published successfully
]]></system-err>
</testsuite>
