<?xml version="1.0" encoding="UTF-8"?>
<testsuite name="testCase.ARTICLE_TC005_VerifyUserCanMoveAnArticleToTheArchive" tests="1" skipped="0" failures="0" errors="0" timestamp="2018-03-05T07:23:59" hostname="LGDN15031" time="17.527">
  <properties/>
  <testcase name="login[0](http://192.168.188.150/joomla/administrator, diempham, diempham, Test Article 1520234635749, Sample Data-Articles, this is article content)" classname="testCase.ARTICLE_TC005_VerifyUserCanMoveAnArticleToTheArchive" time="17.527"/>
  <system-out><![CDATA[]]></system-out>
  <system-err><![CDATA[Mar 05, 2018 2:23:58 PM org.openqa.selenium.remote.ProtocolHandshake createSession
INFO: Detected dialect: OSS
Mar 05, 2018 2:23:59 PM testCase.ARTICLE_TC005_VerifyUserCanMoveAnArticleToTheArchive login
INFO: -----------TC_JOOMLA_ARTICLE_005-------------
Mar 05, 2018 2:23:59 PM testCase.ARTICLE_TC005_VerifyUserCanMoveAnArticleToTheArchive login
INFO: Step 1: Navigate to the URL: http://192.168.189.197:1081/joomla/administrator/
Mar 05, 2018 2:24:00 PM testCase.ARTICLE_TC005_VerifyUserCanMoveAnArticleToTheArchive login
INFO: Step 2 :Enter valid username into Username field
Mar 05, 2018 2:24:00 PM testCase.ARTICLE_TC005_VerifyUserCanMoveAnArticleToTheArchive login
INFO: Step 3: Enter valid password into Password field
Mar 05, 2018 2:24:00 PM testCase.ARTICLE_TC005_VerifyUserCanMoveAnArticleToTheArchive login
INFO: Step 4: Click on 'Log in' button
Mar 05, 2018 2:24:01 PM testCase.ARTICLE_TC005_VerifyUserCanMoveAnArticleToTheArchive login
INFO: Step 5: Select Content > Articles
Mar 05, 2018 2:24:02 PM testCase.ARTICLE_TC005_VerifyUserCanMoveAnArticleToTheArchive login
INFO: Step 6:Click on 'New' icon of the top right toolbar
Mar 05, 2018 2:24:05 PM testCase.ARTICLE_TC005_VerifyUserCanMoveAnArticleToTheArchive login
INFO: Step 7: Enter a title on 'Title' field
Mar 05, 2018 2:24:05 PM testCase.ARTICLE_TC005_VerifyUserCanMoveAnArticleToTheArchive login
INFO: Step 8: Select an item from the 'Category' dropdown list
Mar 05, 2018 2:24:06 PM testCase.ARTICLE_TC005_VerifyUserCanMoveAnArticleToTheArchive login
INFO: Step 9: Enter value on 'Article Text' text area
Mar 05, 2018 2:24:06 PM testCase.ARTICLE_TC005_VerifyUserCanMoveAnArticleToTheArchive login
INFO: Step 10: Click on 'Save & Close' icon of the top right toolbar
Mar 05, 2018 2:24:09 PM testCase.ARTICLE_TC005_VerifyUserCanMoveAnArticleToTheArchive login
INFO: Step 11: Verify the article is saved successfully
Mar 05, 2018 2:24:12 PM testCase.ARTICLE_TC005_VerifyUserCanMoveAnArticleToTheArchive login
INFO: Step 12: Check on the recently added article's checkbox
Mar 05, 2018 2:24:12 PM testCase.ARTICLE_TC005_VerifyUserCanMoveAnArticleToTheArchive login
INFO: Step 13: Click on 'Archive' icon of the top right toolbar
Mar 05, 2018 2:24:14 PM testCase.ARTICLE_TC005_VerifyUserCanMoveAnArticleToTheArchive login
INFO: Step 14: Verify the confirm message is displayed
Mar 05, 2018 2:24:14 PM testCase.ARTICLE_TC005_VerifyUserCanMoveAnArticleToTheArchive login
INFO: Step 15: Select 'Archived' item of 'Status' dropdown list
Mar 05, 2018 2:24:16 PM testCase.ARTICLE_TC005_VerifyUserCanMoveAnArticleToTheArchive login
INFO: Step 16: Verify the archived article is displayed on the table grid
]]></system-err>
</testsuite>
