<?xml version="1.0" encoding="UTF-8"?>
<testsuite name="testCase.ARTICLE_TC011_VerifyUserCanSortTheArticleTableByIDColumn" tests="1" skipped="0" failures="0" errors="0" timestamp="2018-03-05T07:26:42" hostname="LGDN15031" time="80.057">
  <properties/>
  <testcase name="login[0](http://192.168.188.150/joomla/administrator, diempham, diempham)" classname="testCase.ARTICLE_TC011_VerifyUserCanSortTheArticleTableByIDColumn" time="80.057"/>
  <system-out><![CDATA[]]></system-out>
  <system-err><![CDATA[Mar 05, 2018 2:26:42 PM org.openqa.selenium.remote.ProtocolHandshake createSession
INFO: Detected dialect: OSS
Mar 05, 2018 2:26:42 PM testCase.ARTICLE_TC011_VerifyUserCanSortTheArticleTableByIDColumn login
INFO: -----------TC_JOOMLA_ARTICLE_011-------------
Mar 05, 2018 2:26:42 PM testCase.ARTICLE_TC011_VerifyUserCanSortTheArticleTableByIDColumn login
INFO: Step 1: Navigate to the URL: http://192.168.189.197:1081/joomla/administrator/
Mar 05, 2018 2:26:43 PM testCase.ARTICLE_TC011_VerifyUserCanSortTheArticleTableByIDColumn login
INFO: Step 2 :Enter valid username into Username field
Mar 05, 2018 2:26:43 PM testCase.ARTICLE_TC011_VerifyUserCanSortTheArticleTableByIDColumn login
INFO: Step 3: Enter valid password into Password field
Mar 05, 2018 2:26:43 PM testCase.ARTICLE_TC011_VerifyUserCanSortTheArticleTableByIDColumn login
INFO: Step 4: Click on 'Log in' button
Mar 05, 2018 2:26:45 PM testCase.ARTICLE_TC011_VerifyUserCanSortTheArticleTableByIDColumn login
INFO: Step 5: Select Content > Article Manager
Mar 05, 2018 2:26:45 PM testCase.ARTICLE_TC011_VerifyUserCanSortTheArticleTableByIDColumn login
INFO: Step 6: Click on the Header link of ID column
Mar 05, 2018 2:26:48 PM testCase.ARTICLE_TC011_VerifyUserCanSortTheArticleTableByIDColumn login
INFO: Step 7: Verify the articles is sorted by ID in ascending order
Mar 05, 2018 2:27:25 PM testCase.ARTICLE_TC011_VerifyUserCanSortTheArticleTableByIDColumn login
INFO: Step 8: Click on the Header link of ID column
Mar 05, 2018 2:27:28 PM testCase.ARTICLE_TC011_VerifyUserCanSortTheArticleTableByIDColumn login
INFO: Step 9: Verify the articles is sorted by ID in descending order
]]></system-err>
</testsuite>
