<?xml version="1.0" encoding="UTF-8"?>
<testsuite name="testCase.BANNERS_TC008_VerifyThatUserCanSearchABannerByUsingFilterTextbox" tests="1" skipped="0" failures="0" errors="0" timestamp="2018-03-05T07:38:24" hostname="LGDN15031" time="32.271">
  <properties/>
  <testcase name="login[0](http://192.168.188.150/joomla/administrator, diempham, diempham, Client Test 1520235500887, Mr John, John@gmail.com, Category Test 1520235500887, Banner Test 1520235500887, Category Test 1520235500887)" classname="testCase.BANNERS_TC008_VerifyThatUserCanSearchABannerByUsingFilterTextbox" time="32.271"/>
  <system-out><![CDATA[]]></system-out>
  <system-err><![CDATA[Mar 05, 2018 2:38:24 PM org.openqa.selenium.remote.ProtocolHandshake createSession
INFO: Detected dialect: OSS
Mar 05, 2018 2:38:24 PM testCase.BANNERS_TC008_VerifyThatUserCanSearchABannerByUsingFilterTextbox login
INFO: -----------TC_JOOMLA_BANNERS_008-------------
Mar 05, 2018 2:38:24 PM testCase.BANNERS_TC008_VerifyThatUserCanSearchABannerByUsingFilterTextbox login
INFO: Step 1: Navigate to the URL: http://192.168.189.197:1081/joomla/administrator/
Mar 05, 2018 2:38:24 PM testCase.BANNERS_TC008_VerifyThatUserCanSearchABannerByUsingFilterTextbox login
INFO: Step 2 : Login with User Name and password
Mar 05, 2018 2:38:25 PM testCase.BANNERS_TC008_VerifyThatUserCanSearchABannerByUsingFilterTextbox login
INFO: Step 3: Click Login in button
Mar 05, 2018 2:38:27 PM testCase.BANNERS_TC008_VerifyThatUserCanSearchABannerByUsingFilterTextbox login
INFO: Step 4: Select Components -> Banners -> Clients
Mar 05, 2018 2:38:29 PM testCase.BANNERS_TC008_VerifyThatUserCanSearchABannerByUsingFilterTextbox login
INFO: Step 5: Click New button in the right top cornera
Mar 05, 2018 2:38:30 PM testCase.BANNERS_TC008_VerifyThatUserCanSearchABannerByUsingFilterTextbox login
INFO: Step 6: Enter valid Client Name to Client Name textbox
Mar 05, 2018 2:38:30 PM testCase.BANNERS_TC008_VerifyThatUserCanSearchABannerByUsingFilterTextbox login
INFO: Step 7: Enter valid Client Name to Client Name textbox
Mar 05, 2018 2:38:30 PM testCase.BANNERS_TC008_VerifyThatUserCanSearchABannerByUsingFilterTextbox login
INFO: Step 8: Enter valid Contact Email to Contact Email textbox
Mar 05, 2018 2:38:30 PM testCase.BANNERS_TC008_VerifyThatUserCanSearchABannerByUsingFilterTextbox login
INFO: Step 9: Click Save & Close button
Mar 05, 2018 2:38:32 PM testCase.BANNERS_TC008_VerifyThatUserCanSearchABannerByUsingFilterTextbox login
INFO: Step 10: A message : Client successfully saved shows and new client is created
Mar 05, 2018 2:38:34 PM testCase.BANNERS_TC008_VerifyThatUserCanSearchABannerByUsingFilterTextbox login
INFO: Step 11: Select Components -> Banners -> Categories
Mar 05, 2018 2:38:36 PM testCase.BANNERS_TC008_VerifyThatUserCanSearchABannerByUsingFilterTextbox login
INFO: Step 12: Click New button in the right top corner
Mar 05, 2018 2:38:38 PM testCase.BANNERS_TC008_VerifyThatUserCanSearchABannerByUsingFilterTextbox login
INFO: Step 13: Enter valid Category Name to Name textbox
Mar 05, 2018 2:38:38 PM testCase.BANNERS_TC008_VerifyThatUserCanSearchABannerByUsingFilterTextbox login
INFO: Step 14: Click Save & Close button
Mar 05, 2018 2:38:41 PM testCase.BANNERS_TC008_VerifyThatUserCanSearchABannerByUsingFilterTextbox login
INFO: Step 15: A message : Category successfully saved shows and new category is created
Mar 05, 2018 2:38:44 PM testCase.BANNERS_TC008_VerifyThatUserCanSearchABannerByUsingFilterTextbox login
INFO: Step 16: Select Components -> Banners -> Banners
Mar 05, 2018 2:38:45 PM testCase.BANNERS_TC008_VerifyThatUserCanSearchABannerByUsingFilterTextbox login
INFO: Step 17: Click New button in the right top corner
Mar 05, 2018 2:38:47 PM testCase.BANNERS_TC008_VerifyThatUserCanSearchABannerByUsingFilterTextbox login
INFO: Step 18: Enter valid Name to Name textbox
Mar 05, 2018 2:38:47 PM testCase.BANNERS_TC008_VerifyThatUserCanSearchABannerByUsingFilterTextbox login
INFO: Step 19: Select a Category in Category dropdown list
Mar 05, 2018 2:38:48 PM testCase.BANNERS_TC008_VerifyThatUserCanSearchABannerByUsingFilterTextbox login
INFO: Step 20: Select a Client in Client dropdown list
Mar 05, 2018 2:38:50 PM testCase.BANNERS_TC008_VerifyThatUserCanSearchABannerByUsingFilterTextbox login
INFO: Step 21: Click Save & Close button
Mar 05, 2018 2:38:52 PM testCase.BANNERS_TC008_VerifyThatUserCanSearchABannerByUsingFilterTextbox login
INFO: Step 22: A message : Banner successfully saved shows and new banner is created
Mar 05, 2018 2:38:54 PM testCase.BANNERS_TC008_VerifyThatUserCanSearchABannerByUsingFilterTextbox login
INFO: Step 23: Enter valid Banner Name to Filter textbox
Mar 05, 2018 2:38:55 PM testCase.BANNERS_TC008_VerifyThatUserCanSearchABannerByUsingFilterTextbox login
INFO: Step 24: Click Search button
Mar 05, 2018 2:38:56 PM testCase.BANNERS_TC008_VerifyThatUserCanSearchABannerByUsingFilterTextbox login
INFO: Step 25: Verify: Recently created banner displays
]]></system-err>
</testsuite>
