<?xml version="1.0" encoding="UTF-8"?>
<testsuite name="testCase.ARTICLE_TC010_VerifyUserCanSearchForArticlesUsingTheFilterDropdownLists" tests="1" skipped="0" failures="0" errors="0" timestamp="2018-03-05T07:26:13" hostname="LGDN15031" time="24.823">
  <properties/>
  <testcase name="login[0](http://192.168.188.150/joomla/administrator, diempham, diempham, Test Article 1520234769977, - Park Site, Published, Registered, this is article content, Published, - Park Site, Registered, diempham, icon-publish, - Park Site, Registered, diempham)" classname="testCase.ARTICLE_TC010_VerifyUserCanSearchForArticlesUsingTheFilterDropdownLists" time="24.823"/>
  <system-out><![CDATA[]]></system-out>
  <system-err><![CDATA[Mar 05, 2018 2:26:12 PM org.openqa.selenium.remote.ProtocolHandshake createSession
INFO: Detected dialect: OSS
Mar 05, 2018 2:26:13 PM testCase.ARTICLE_TC010_VerifyUserCanSearchForArticlesUsingTheFilterDropdownLists login
INFO: -----------TC_JOOMLA_ARTICLE_010-------------
Mar 05, 2018 2:26:13 PM testCase.ARTICLE_TC010_VerifyUserCanSearchForArticlesUsingTheFilterDropdownLists login
INFO: Step 1: Navigate to the URL: http://192.168.189.197:1081/joomla/administrator/
Mar 05, 2018 2:26:13 PM testCase.ARTICLE_TC010_VerifyUserCanSearchForArticlesUsingTheFilterDropdownLists login
INFO: Step 2 :Enter valid username into Username field
Mar 05, 2018 2:26:13 PM testCase.ARTICLE_TC010_VerifyUserCanSearchForArticlesUsingTheFilterDropdownLists login
INFO: Step 3: Enter valid password into Password field
Mar 05, 2018 2:26:14 PM testCase.ARTICLE_TC010_VerifyUserCanSearchForArticlesUsingTheFilterDropdownLists login
INFO: Step 4: Click on 'Log in' button
Mar 05, 2018 2:26:15 PM testCase.ARTICLE_TC010_VerifyUserCanSearchForArticlesUsingTheFilterDropdownLists login
INFO: Step 5: Select Content > Articles
Mar 05, 2018 2:26:16 PM testCase.ARTICLE_TC010_VerifyUserCanSearchForArticlesUsingTheFilterDropdownLists login
INFO: Step 6:Click on 'New' icon of the top right toolbar
Mar 05, 2018 2:26:19 PM testCase.ARTICLE_TC010_VerifyUserCanSearchForArticlesUsingTheFilterDropdownLists login
INFO: Step 7: Enter a title on 'Title' field
Mar 05, 2018 2:26:19 PM testCase.ARTICLE_TC010_VerifyUserCanSearchForArticlesUsingTheFilterDropdownLists login
INFO: Step 8: Select an item from the 'Category' dropdown list
Mar 05, 2018 2:26:20 PM testCase.ARTICLE_TC010_VerifyUserCanSearchForArticlesUsingTheFilterDropdownLists login
INFO: Step 9: Select 'Published' item from 'Status' dropdown list
Mar 05, 2018 2:26:20 PM testCase.ARTICLE_TC010_VerifyUserCanSearchForArticlesUsingTheFilterDropdownLists login
INFO: Step 10: Select an item from the 'Access' dropdown list
Mar 05, 2018 2:26:21 PM testCase.ARTICLE_TC010_VerifyUserCanSearchForArticlesUsingTheFilterDropdownLists login
INFO: Step 11: Enter value on 'Article Text' text area
Mar 05, 2018 2:26:21 PM testCase.ARTICLE_TC010_VerifyUserCanSearchForArticlesUsingTheFilterDropdownLists login
INFO: Step 12: Click on 'Save & Close' icon of the top right toolbar
Mar 05, 2018 2:26:23 PM testCase.ARTICLE_TC010_VerifyUserCanSearchForArticlesUsingTheFilterDropdownLists login
INFO: Step 13: Verify the article is saved successfully
Mar 05, 2018 2:26:26 PM testCase.ARTICLE_TC010_VerifyUserCanSearchForArticlesUsingTheFilterDropdownLists login
INFO: Step 14: Select an item from the 'Status' filter dropdown list
Mar 05, 2018 2:26:28 PM testCase.ARTICLE_TC010_VerifyUserCanSearchForArticlesUsingTheFilterDropdownLists login
INFO: Step 15: Select an item from the 'Category' filter dropdown list
Mar 05, 2018 2:26:30 PM testCase.ARTICLE_TC010_VerifyUserCanSearchForArticlesUsingTheFilterDropdownLists login
INFO: Step 16: Select an item from the 'Access' filter dropdown list
Mar 05, 2018 2:26:31 PM testCase.ARTICLE_TC010_VerifyUserCanSearchForArticlesUsingTheFilterDropdownLists login
INFO: Step 17: Select an item from the 'Author' filter dropdown list
Mar 05, 2018 2:26:33 PM testCase.ARTICLE_TC010_VerifyUserCanSearchForArticlesUsingTheFilterDropdownLists login
INFO: Step 18: Verify the property of displayed articles are matched with the selected criteria from the filter dropdown lists
]]></system-err>
</testsuite>
