<?xml version="1.0" encoding="UTF-8"?>
<testsuite name="testCase.ARTICLE_TC006_VerifyUserCanCheckInAnArticle" tests="1" skipped="0" failures="0" errors="0" timestamp="2018-03-05T07:24:20" hostname="LGDN15031" time="53.324">
  <properties/>
  <testcase name="login[0](http://192.168.188.150/joomla/administrator, diempham, diempham, Test Article 1520234656804, Sample Data-Articles, Published, this is article content)" classname="testCase.ARTICLE_TC006_VerifyUserCanCheckInAnArticle" time="53.324"/>
  <system-out><![CDATA[]]></system-out>
  <system-err><![CDATA[Mar 05, 2018 2:24:20 PM org.openqa.selenium.remote.ProtocolHandshake createSession
INFO: Detected dialect: OSS
Mar 05, 2018 2:24:20 PM testCase.ARTICLE_TC006_VerifyUserCanCheckInAnArticle login
INFO: -----------TC_JOOMLA_ARTICLE_006-------------
Mar 05, 2018 2:24:20 PM testCase.ARTICLE_TC006_VerifyUserCanCheckInAnArticle login
INFO: Step 1: Navigate to the URL: http://192.168.189.197:1081/joomla/administrator/
Mar 05, 2018 2:24:21 PM testCase.ARTICLE_TC006_VerifyUserCanCheckInAnArticle login
INFO: Step 2 :Enter valid username into Username field
Mar 05, 2018 2:24:22 PM testCase.ARTICLE_TC006_VerifyUserCanCheckInAnArticle login
INFO: Step 3: Enter valid password into Password field
Mar 05, 2018 2:24:22 PM testCase.ARTICLE_TC006_VerifyUserCanCheckInAnArticle login
INFO: Step 4: Click on 'Log in' button
Mar 05, 2018 2:24:23 PM testCase.ARTICLE_TC006_VerifyUserCanCheckInAnArticle login
INFO: Step 5: Select Content > Articles
Mar 05, 2018 2:24:24 PM testCase.ARTICLE_TC006_VerifyUserCanCheckInAnArticle login
INFO: Step 6:Click on 'New' icon of the top right toolbar
Mar 05, 2018 2:24:28 PM testCase.ARTICLE_TC006_VerifyUserCanCheckInAnArticle login
INFO: Step 7: Enter a title on 'Title' field
Mar 05, 2018 2:24:28 PM testCase.ARTICLE_TC006_VerifyUserCanCheckInAnArticle login
INFO: Step 8: Select an item from the 'Category' dropdown list
Mar 05, 2018 2:24:29 PM testCase.ARTICLE_TC006_VerifyUserCanCheckInAnArticle login
INFO: Step 9: Select 'Published' item from 'Status' dropdown list
Mar 05, 2018 2:24:29 PM testCase.ARTICLE_TC006_VerifyUserCanCheckInAnArticle login
INFO: Step 10: Enter value on 'Article Text' text area
Mar 05, 2018 2:24:30 PM testCase.ARTICLE_TC006_VerifyUserCanCheckInAnArticle login
INFO: Step 11: Click on 'Save' icon of the top right toolbar
Mar 05, 2018 2:24:33 PM testCase.ARTICLE_TC006_VerifyUserCanCheckInAnArticle login
INFO: Step 12: Verify the article is saved successfully
Mar 05, 2018 2:24:33 PM testCase.ARTICLE_TC006_VerifyUserCanCheckInAnArticle login
INFO: Step 13: Close the browser window
Mar 05, 2018 2:24:33 PM testCase.ARTICLE_TC006_VerifyUserCanCheckInAnArticle login
INFO: Step 14: Navigate to the URL: http://192.168.189.197:1081/joomla/administrator/
Mar 05, 2018 2:24:37 PM org.openqa.selenium.remote.ProtocolHandshake createSession
INFO: Detected dialect: OSS
Mar 05, 2018 2:24:38 PM testCase.ARTICLE_TC006_VerifyUserCanCheckInAnArticle login
INFO: Step 15: Enter valid username into Username field
Mar 05, 2018 2:24:38 PM testCase.ARTICLE_TC006_VerifyUserCanCheckInAnArticle login
INFO: Step 16: Enter valid password into Password field
Mar 05, 2018 2:24:39 PM testCase.ARTICLE_TC006_VerifyUserCanCheckInAnArticle login
INFO: Step 17: Click on 'Log in' button
Mar 05, 2018 2:24:40 PM testCase.ARTICLE_TC006_VerifyUserCanCheckInAnArticle login
INFO: Step 18: Select Content > Article Manager
Mar 05, 2018 2:24:40 PM testCase.ARTICLE_TC006_VerifyUserCanCheckInAnArticle login
INFO: Step 19: Check on the recently added article's checkbox
Mar 05, 2018 2:24:42 PM testCase.ARTICLE_TC006_VerifyUserCanCheckInAnArticle login
INFO: Step 20: Click on 'Check In' icon of the top right toolbar
Mar 05, 2018 2:24:44 PM testCase.ARTICLE_TC006_VerifyUserCanCheckInAnArticle login
INFO: Step 21: Verify the article is checked in successfully
]]></system-err>
</testsuite>
