<?xml version="1.0" encoding="UTF-8"?>
<testsuite name="testCase.BANNERS_TC009_VerifyThatUserCanSearchABannerByUsingFilterDropdownLists" tests="1" skipped="0" failures="0" errors="0" timestamp="2018-03-05T07:38:59" hostname="LGDN15031" time="38.646">
  <properties/>
  <testcase name="login[0](http://192.168.188.150/joomla/administrator, diempham, diempham, Client Test 1520235536673, Mr John, John@gmail.com, Category Test 1520235536673, Banner Test 1520235536673, Category Test 1520235536673)" classname="testCase.BANNERS_TC009_VerifyThatUserCanSearchABannerByUsingFilterDropdownLists" time="38.646"/>
  <system-out><![CDATA[]]></system-out>
  <system-err><![CDATA[Mar 05, 2018 2:38:59 PM org.openqa.selenium.remote.ProtocolHandshake createSession
INFO: Detected dialect: OSS
Mar 05, 2018 2:38:59 PM testCase.BANNERS_TC009_VerifyThatUserCanSearchABannerByUsingFilterDropdownLists login
INFO: -----------TC_JOOMLA_BANNERS_008-------------
Mar 05, 2018 2:38:59 PM testCase.BANNERS_TC009_VerifyThatUserCanSearchABannerByUsingFilterDropdownLists login
INFO: Step 1: Navigate to the URL: http://192.168.189.197:1081/joomla/administrator/
Mar 05, 2018 2:39:00 PM testCase.BANNERS_TC009_VerifyThatUserCanSearchABannerByUsingFilterDropdownLists login
INFO: Step 2 : Login with User Name and password
Mar 05, 2018 2:39:01 PM testCase.BANNERS_TC009_VerifyThatUserCanSearchABannerByUsingFilterDropdownLists login
INFO: Step 3: Click Login in button
Mar 05, 2018 2:39:02 PM testCase.BANNERS_TC009_VerifyThatUserCanSearchABannerByUsingFilterDropdownLists login
INFO: Step 4: Select Components -> Banners -> Clients
Mar 05, 2018 2:39:03 PM testCase.BANNERS_TC009_VerifyThatUserCanSearchABannerByUsingFilterDropdownLists login
INFO: Step 5: Click New button in the right top cornera
Mar 05, 2018 2:39:04 PM testCase.BANNERS_TC009_VerifyThatUserCanSearchABannerByUsingFilterDropdownLists login
INFO: Step 6: Enter valid Client Name to Client Name textbox
Mar 05, 2018 2:39:05 PM testCase.BANNERS_TC009_VerifyThatUserCanSearchABannerByUsingFilterDropdownLists login
INFO: Step 7: Enter valid Client Name to Client Name textbox
Mar 05, 2018 2:39:05 PM testCase.BANNERS_TC009_VerifyThatUserCanSearchABannerByUsingFilterDropdownLists login
INFO: Step 8: Enter valid Contact Email to Contact Email textbox
Mar 05, 2018 2:39:05 PM testCase.BANNERS_TC009_VerifyThatUserCanSearchABannerByUsingFilterDropdownLists login
INFO: Step 9: Click Save & Close button
Mar 05, 2018 2:39:06 PM testCase.BANNERS_TC009_VerifyThatUserCanSearchABannerByUsingFilterDropdownLists login
INFO: Step 10: A message : Client successfully saved shows and new client is created
Mar 05, 2018 2:39:11 PM testCase.BANNERS_TC009_VerifyThatUserCanSearchABannerByUsingFilterDropdownLists login
INFO: Step 11: Select Components -> Banners -> Categories
Mar 05, 2018 2:39:13 PM testCase.BANNERS_TC009_VerifyThatUserCanSearchABannerByUsingFilterDropdownLists login
INFO: Step 12: Click New button in the right top corner
Mar 05, 2018 2:39:15 PM testCase.BANNERS_TC009_VerifyThatUserCanSearchABannerByUsingFilterDropdownLists login
INFO: Step 13: Enter valid Category Name to Name textbox
Mar 05, 2018 2:39:15 PM testCase.BANNERS_TC009_VerifyThatUserCanSearchABannerByUsingFilterDropdownLists login
INFO: Step 14: Click Save & Close button
Mar 05, 2018 2:39:18 PM testCase.BANNERS_TC009_VerifyThatUserCanSearchABannerByUsingFilterDropdownLists login
INFO: Step 15: A message : Category successfully saved shows and new category is created
Mar 05, 2018 2:39:20 PM testCase.BANNERS_TC009_VerifyThatUserCanSearchABannerByUsingFilterDropdownLists login
INFO: Step 16: Select Components -> Banners -> Banners
Mar 05, 2018 2:39:23 PM testCase.BANNERS_TC009_VerifyThatUserCanSearchABannerByUsingFilterDropdownLists login
INFO: Step 17: Click New button in the right top corner
Mar 05, 2018 2:39:25 PM testCase.BANNERS_TC009_VerifyThatUserCanSearchABannerByUsingFilterDropdownLists login
INFO: Step 18: Enter valid Name to Name textbox
Mar 05, 2018 2:39:25 PM testCase.BANNERS_TC009_VerifyThatUserCanSearchABannerByUsingFilterDropdownLists login
INFO: Step 19: Select a Category in Category dropdown list
Mar 05, 2018 2:39:26 PM testCase.BANNERS_TC009_VerifyThatUserCanSearchABannerByUsingFilterDropdownLists login
INFO: Step 20: Select a Client in Client dropdown list
Mar 05, 2018 2:39:27 PM testCase.BANNERS_TC009_VerifyThatUserCanSearchABannerByUsingFilterDropdownLists login
INFO: Step 21: Click Save & Close button
Mar 05, 2018 2:39:29 PM testCase.BANNERS_TC009_VerifyThatUserCanSearchABannerByUsingFilterDropdownLists login
INFO: Step 22: A message : Banner successfully saved shows and new banner is created
Mar 05, 2018 2:39:32 PM testCase.BANNERS_TC009_VerifyThatUserCanSearchABannerByUsingFilterDropdownLists login
INFO: Step 23: Select Client that banner belong to in Client dropdown list
Mar 05, 2018 2:39:35 PM testCase.BANNERS_TC009_VerifyThatUserCanSearchABannerByUsingFilterDropdownLists login
INFO: Step 24: Select Category that banner belong to in Category dropdown list
Mar 05, 2018 2:39:36 PM testCase.BANNERS_TC009_VerifyThatUserCanSearchABannerByUsingFilterDropdownLists login
INFO: Step 25: Verify: Recently created banner displays
]]></system-err>
</testsuite>
