<?xml version="1.0" encoding="UTF-8"?>
<testsuite name="testCase.BANNERS_TC007_VerifyThatUserCanBrowseBannerHelpPage" tests="1" skipped="0" failures="0" errors="0" timestamp="2018-03-05T07:38:11" hostname="LGDN15031" time="9.378">
  <properties/>
  <testcase name="login[0](http://192.168.188.150/joomla/administrator, diempham, diempham)" classname="testCase.BANNERS_TC007_VerifyThatUserCanBrowseBannerHelpPage" time="9.378"/>
  <system-out><![CDATA[]]></system-out>
  <system-err><![CDATA[Mar 05, 2018 2:38:11 PM org.openqa.selenium.remote.ProtocolHandshake createSession
INFO: Detected dialect: OSS
Mar 05, 2018 2:38:11 PM testCase.BANNERS_TC007_VerifyThatUserCanBrowseBannerHelpPage login
INFO: -----------TC_JOOMLA_BANNERS_007-------------
Mar 05, 2018 2:38:11 PM testCase.BANNERS_TC007_VerifyThatUserCanBrowseBannerHelpPage login
INFO: Step 1: Navigate to the URL: http://192.168.189.197:1081/joomla/administrator/
Mar 05, 2018 2:38:12 PM testCase.BANNERS_TC007_VerifyThatUserCanBrowseBannerHelpPage login
INFO: Step 2 : Login with User Name and password
Mar 05, 2018 2:38:12 PM testCase.BANNERS_TC007_VerifyThatUserCanBrowseBannerHelpPage login
INFO: Step 3: Click Login in button
Mar 05, 2018 2:38:14 PM testCase.BANNERS_TC007_VerifyThatUserCanBrowseBannerHelpPage login
INFO: Step 4: Select Components -> Banners -> Banners
Mar 05, 2018 2:38:15 PM testCase.BANNERS_TC007_VerifyThatUserCanBrowseBannerHelpPage login
INFO: Step 5: Click Help button in the right top corner
Mar 05, 2018 2:38:15 PM testCase.BANNERS_TC007_VerifyThatUserCanBrowseBannerHelpPage login
INFO: Step 6: Banner help page appears
]]></system-err>
</testsuite>
