<?xml version="1.0" encoding="UTF-8"?>
<testsuite name="testCase.ARTICLE_TC017_VerifyUserCanCreateANewArticleWithPublicAccessLevelProperty" tests="1" skipped="0" failures="0" errors="0" timestamp="2018-03-05T07:33:38" hostname="LGDN15031" time="13.67">
  <properties/>
  <testcase name="login[0](http://192.168.188.150/joomla/administrator, diempham, diempham, Test Article 1520235215236, Sample Data-Articles, this is article content, Public)" classname="testCase.ARTICLE_TC017_VerifyUserCanCreateANewArticleWithPublicAccessLevelProperty" time="13.67"/>
  <system-out><![CDATA[]]></system-out>
  <system-err><![CDATA[Mar 05, 2018 2:33:38 PM org.openqa.selenium.remote.ProtocolHandshake createSession
INFO: Detected dialect: OSS
Mar 05, 2018 2:33:38 PM testCase.ARTICLE_TC017_VerifyUserCanCreateANewArticleWithPublicAccessLevelProperty login
INFO: -----------TC_JOOMLA_ARTICLE_017-------------
Mar 05, 2018 2:33:38 PM testCase.ARTICLE_TC017_VerifyUserCanCreateANewArticleWithPublicAccessLevelProperty login
INFO: Step 1: Navigate to the URL: http://192.168.189.197:1081/joomla/administrator/
Mar 05, 2018 2:33:39 PM testCase.ARTICLE_TC017_VerifyUserCanCreateANewArticleWithPublicAccessLevelProperty login
INFO: Step 2 :Enter valid username into Username field
Mar 05, 2018 2:33:39 PM testCase.ARTICLE_TC017_VerifyUserCanCreateANewArticleWithPublicAccessLevelProperty login
INFO: Step 3: Enter valid password into Password field
Mar 05, 2018 2:33:39 PM testCase.ARTICLE_TC017_VerifyUserCanCreateANewArticleWithPublicAccessLevelProperty login
INFO: Step 4: Click on 'Log in' button
Mar 05, 2018 2:33:41 PM testCase.ARTICLE_TC017_VerifyUserCanCreateANewArticleWithPublicAccessLevelProperty login
INFO: Step 5: Select Content > Articles
Mar 05, 2018 2:33:41 PM testCase.ARTICLE_TC017_VerifyUserCanCreateANewArticleWithPublicAccessLevelProperty login
INFO: Step 6:Click on 'New' icon of the top right toolbar
Mar 05, 2018 2:33:45 PM testCase.ARTICLE_TC017_VerifyUserCanCreateANewArticleWithPublicAccessLevelProperty login
INFO: Step 7: Enter a title on 'Title' field
Mar 05, 2018 2:33:45 PM testCase.ARTICLE_TC017_VerifyUserCanCreateANewArticleWithPublicAccessLevelProperty login
INFO: Step 8: Select an item from the 'Category' dropdown list
Mar 05, 2018 2:33:46 PM testCase.ARTICLE_TC017_VerifyUserCanCreateANewArticleWithPublicAccessLevelProperty login
INFO: Step 9: Enter value on 'Article Text' text area
Mar 05, 2018 2:33:46 PM testCase.ARTICLE_TC017_VerifyUserCanCreateANewArticleWithPublicAccessLevelProperty login
INFO: Step 10: Select 'Public' item from the 'Access' dropdown list
Mar 05, 2018 2:33:46 PM testCase.ARTICLE_TC017_VerifyUserCanCreateANewArticleWithPublicAccessLevelProperty login
INFO: Step 11: Click on 'Save & Close' icon of the top right toolbar
Mar 05, 2018 2:33:49 PM testCase.ARTICLE_TC017_VerifyUserCanCreateANewArticleWithPublicAccessLevelProperty login
INFO: Step 12: Verify the article is saved successfully
]]></system-err>
</testsuite>
