<?xml version="1.0" encoding="UTF-8"?>
<testsuite name="testCase.BANNERS_TC003_VerifyThatUserCanCreateANewBannerWithUnpublishedStatus" tests="1" skipped="0" failures="0" errors="0" timestamp="2018-03-05T07:35:09" hostname="LGDN15031" time="35.105">
  <properties/>
  <testcase name="login[0](http://192.168.188.150/joomla/administrator, diempham, diempham, Client Test 1520235305848, Mr John, John@gmail.com, Category Test 1520235305849, Banner Test 1520235305849, Category Test 1520235305849, Unpublished)" classname="testCase.BANNERS_TC003_VerifyThatUserCanCreateANewBannerWithUnpublishedStatus" time="35.105"/>
  <system-out><![CDATA[true
]]></system-out>
  <system-err><![CDATA[Mar 05, 2018 2:35:09 PM org.openqa.selenium.remote.ProtocolHandshake createSession
INFO: Detected dialect: OSS
Mar 05, 2018 2:35:09 PM testCase.BANNERS_TC003_VerifyThatUserCanCreateANewBannerWithUnpublishedStatus login
INFO: -----------TC_JOOMLA_BANNERS_BANNERS_002-------------
Mar 05, 2018 2:35:09 PM testCase.BANNERS_TC003_VerifyThatUserCanCreateANewBannerWithUnpublishedStatus login
INFO: Step 1: Navigate to the URL: http://192.168.189.197:1081/joomla/administrator/
Mar 05, 2018 2:35:10 PM testCase.BANNERS_TC003_VerifyThatUserCanCreateANewBannerWithUnpublishedStatus login
INFO: Step 2 : Login with User Name and password
Mar 05, 2018 2:35:10 PM testCase.BANNERS_TC003_VerifyThatUserCanCreateANewBannerWithUnpublishedStatus login
INFO: Step 3: Click Login in button
Mar 05, 2018 2:35:12 PM testCase.BANNERS_TC003_VerifyThatUserCanCreateANewBannerWithUnpublishedStatus login
INFO: Step 4: Select Components -> Banners -> Clients
Mar 05, 2018 2:35:14 PM testCase.BANNERS_TC003_VerifyThatUserCanCreateANewBannerWithUnpublishedStatus login
INFO: Step 5: Click New button in the right top cornera
Mar 05, 2018 2:35:15 PM testCase.BANNERS_TC003_VerifyThatUserCanCreateANewBannerWithUnpublishedStatus login
INFO: Step 6: Enter valid Client Name to Client Name textbox
Mar 05, 2018 2:35:15 PM testCase.BANNERS_TC003_VerifyThatUserCanCreateANewBannerWithUnpublishedStatus login
INFO: Step 7: Enter valid Client Name to Client Name textbox
Mar 05, 2018 2:35:15 PM testCase.BANNERS_TC003_VerifyThatUserCanCreateANewBannerWithUnpublishedStatus login
INFO: Step 8: Enter valid Contact Email to Contact Email textbox
Mar 05, 2018 2:35:15 PM testCase.BANNERS_TC003_VerifyThatUserCanCreateANewBannerWithUnpublishedStatus login
INFO: Step 9: Click Save & Close button
Mar 05, 2018 2:35:17 PM testCase.BANNERS_TC003_VerifyThatUserCanCreateANewBannerWithUnpublishedStatus login
INFO: Step 10: A message : Client successfully saved shows and new client is created
Mar 05, 2018 2:35:19 PM testCase.BANNERS_TC003_VerifyThatUserCanCreateANewBannerWithUnpublishedStatus login
INFO: Step 11: Select Components -> Banners -> Categories
Mar 05, 2018 2:35:21 PM testCase.BANNERS_TC003_VerifyThatUserCanCreateANewBannerWithUnpublishedStatus login
INFO: Step 12: Click New button in the right top corner
Mar 05, 2018 2:35:23 PM testCase.BANNERS_TC003_VerifyThatUserCanCreateANewBannerWithUnpublishedStatus login
INFO: Step 13: Enter valid Category Name to Name textbox
Mar 05, 2018 2:35:23 PM testCase.BANNERS_TC003_VerifyThatUserCanCreateANewBannerWithUnpublishedStatus login
INFO: Step 14: Click Save & Close button
Mar 05, 2018 2:35:26 PM testCase.BANNERS_TC003_VerifyThatUserCanCreateANewBannerWithUnpublishedStatus login
INFO: Step 15: A message : Category successfully saved shows and new category is created
Mar 05, 2018 2:35:28 PM testCase.BANNERS_TC003_VerifyThatUserCanCreateANewBannerWithUnpublishedStatus login
INFO: Step 16: Select Components -> Banners -> Banners
Mar 05, 2018 2:35:30 PM testCase.BANNERS_TC003_VerifyThatUserCanCreateANewBannerWithUnpublishedStatus login
INFO: Step 17: Click New button in the right top corner
Mar 05, 2018 2:35:32 PM testCase.BANNERS_TC003_VerifyThatUserCanCreateANewBannerWithUnpublishedStatus login
INFO: Step 18: Enter valid Name to Name textbox
Mar 05, 2018 2:35:32 PM testCase.BANNERS_TC003_VerifyThatUserCanCreateANewBannerWithUnpublishedStatus login
INFO: Step 19: Select a Category in Category dropdown list
Mar 05, 2018 2:35:33 PM testCase.BANNERS_TC003_VerifyThatUserCanCreateANewBannerWithUnpublishedStatus login
INFO: Step 20: Select a Client in Client dropdown list
Mar 05, 2018 2:35:34 PM testCase.BANNERS_TC003_VerifyThatUserCanCreateANewBannerWithUnpublishedStatus login
INFO: Step 21: Select Unpublished in Status dropdown list
Mar 05, 2018 2:35:35 PM testCase.BANNERS_TC003_VerifyThatUserCanCreateANewBannerWithUnpublishedStatus login
INFO: Step 22: Click Save & Close button
Mar 05, 2018 2:35:39 PM testCase.BANNERS_TC003_VerifyThatUserCanCreateANewBannerWithUnpublishedStatus login
INFO: Step 23: A message : Banner successfully saved shows and new banner is created
]]></system-err>
</testsuite>
