<?xml version="1.0" encoding="UTF-8"?>
<testsuite name="testCase.ARTICLE_TC004_VerifyUserCanUnpublishAPublishedArticle" tests="1" skipped="0" failures="0" errors="0" timestamp="2018-03-05T07:23:33" hostname="LGDN15031" time="22.476">
  <properties/>
  <testcase name="login[0](http://192.168.188.150/joomla/administrator, diempham, diempham, Test Article 1520234609236, Sample Data-Articles, Published, this is article content)" classname="testCase.ARTICLE_TC004_VerifyUserCanUnpublishAPublishedArticle" time="22.476"/>
  <system-out><![CDATA[]]></system-out>
  <system-err><![CDATA[Mar 05, 2018 2:23:33 PM org.openqa.selenium.remote.ProtocolHandshake createSession
INFO: Detected dialect: OSS
Mar 05, 2018 2:23:33 PM testCase.ARTICLE_TC004_VerifyUserCanUnpublishAPublishedArticle login
INFO: -----------TC_JOOMLA_ARTICLE_004-------------
Mar 05, 2018 2:23:33 PM testCase.ARTICLE_TC004_VerifyUserCanUnpublishAPublishedArticle login
INFO: Step 1: Navigate to the URL: http://192.168.189.197:1081/joomla/administrator/
Mar 05, 2018 2:23:33 PM testCase.ARTICLE_TC004_VerifyUserCanUnpublishAPublishedArticle login
INFO: Step 2 :Enter valid username into Username field
Mar 05, 2018 2:23:33 PM testCase.ARTICLE_TC004_VerifyUserCanUnpublishAPublishedArticle login
INFO: Step 3: Enter valid password into Password field
Mar 05, 2018 2:23:34 PM testCase.ARTICLE_TC004_VerifyUserCanUnpublishAPublishedArticle login
INFO: Step 4: Click on 'Log in' button
Mar 05, 2018 2:23:36 PM testCase.ARTICLE_TC004_VerifyUserCanUnpublishAPublishedArticle login
INFO: Step 5: Select Content > Articles
Mar 05, 2018 2:23:36 PM testCase.ARTICLE_TC004_VerifyUserCanUnpublishAPublishedArticle login
INFO: Step 6:Click on 'New' icon of the top right toolbar
Mar 05, 2018 2:23:40 PM testCase.ARTICLE_TC004_VerifyUserCanUnpublishAPublishedArticle login
INFO: Step 7: Enter a title on 'Title' field
Mar 05, 2018 2:23:40 PM testCase.ARTICLE_TC004_VerifyUserCanUnpublishAPublishedArticle login
INFO: Step 8: Select an item from the 'Category' dropdown list
Mar 05, 2018 2:23:41 PM testCase.ARTICLE_TC004_VerifyUserCanUnpublishAPublishedArticle login
INFO: Step 9: Select 'Published' item from 'Status' dropdown list
Mar 05, 2018 2:23:41 PM testCase.ARTICLE_TC004_VerifyUserCanUnpublishAPublishedArticle login
INFO: Step 10: Enter value on 'Article Text' text area
Mar 05, 2018 2:23:41 PM testCase.ARTICLE_TC004_VerifyUserCanUnpublishAPublishedArticle login
INFO: Step 11: Click on 'Save & Close' icon of the top right toolbar
Mar 05, 2018 2:23:48 PM testCase.ARTICLE_TC004_VerifyUserCanUnpublishAPublishedArticle login
INFO: Step 12: Verify the article is saved successfully
Mar 05, 2018 2:23:51 PM testCase.ARTICLE_TC004_VerifyUserCanUnpublishAPublishedArticle login
INFO: Step 13: Check on the recently added article's checkbox
Mar 05, 2018 2:23:52 PM testCase.ARTICLE_TC004_VerifyUserCanUnpublishAPublishedArticle login
INFO: Step 14: Click on 'Unpublish' icon of the top right toolbar
Mar 05, 2018 2:23:53 PM testCase.ARTICLE_TC004_VerifyUserCanUnpublishAPublishedArticle login
INFO: Step 15: Verify the article is unpublished successfully
]]></system-err>
</testsuite>
