<?xml version="1.0" encoding="UTF-8"?>
<testsuite name="testCase.ARTICLE_TC016_VerifyUserCanChangeTheFeaturePropertyOfArticlesUsingTheFeaturedColumn" tests="1" skipped="0" failures="0" errors="0" timestamp="2018-03-05T07:33:14" hostname="LGDN15031" time="19.924">
  <properties/>
  <testcase name="login[0](http://192.168.188.150/joomla/administrator, diempham, diempham, Test Article 1520235190925, Sample Data-Articles, Published, this is article content)" classname="testCase.ARTICLE_TC016_VerifyUserCanChangeTheFeaturePropertyOfArticlesUsingTheFeaturedColumn" time="19.924"/>
  <system-out><![CDATA[]]></system-out>
  <system-err><![CDATA[Mar 05, 2018 2:33:14 PM org.openqa.selenium.remote.ProtocolHandshake createSession
INFO: Detected dialect: OSS
Mar 05, 2018 2:33:14 PM testCase.ARTICLE_TC016_VerifyUserCanChangeTheFeaturePropertyOfArticlesUsingTheFeaturedColumn login
INFO: -----------TC_JOOMLA_ARTICLE_016-------------
Mar 05, 2018 2:33:14 PM testCase.ARTICLE_TC016_VerifyUserCanChangeTheFeaturePropertyOfArticlesUsingTheFeaturedColumn login
INFO: Step 1: Navigate to the URL: http://192.168.189.197:1081/joomla/administrator/
Mar 05, 2018 2:33:15 PM testCase.ARTICLE_TC016_VerifyUserCanChangeTheFeaturePropertyOfArticlesUsingTheFeaturedColumn login
INFO: Step 2 :Enter valid username into Username field
Mar 05, 2018 2:33:15 PM testCase.ARTICLE_TC016_VerifyUserCanChangeTheFeaturePropertyOfArticlesUsingTheFeaturedColumn login
INFO: Step 3: Enter valid password into Password field
Mar 05, 2018 2:33:15 PM testCase.ARTICLE_TC016_VerifyUserCanChangeTheFeaturePropertyOfArticlesUsingTheFeaturedColumn login
INFO: Step 4: Click on 'Log in' button
Mar 05, 2018 2:33:17 PM testCase.ARTICLE_TC016_VerifyUserCanChangeTheFeaturePropertyOfArticlesUsingTheFeaturedColumn login
INFO: Step 5: Select Content > Articles
Mar 05, 2018 2:33:18 PM testCase.ARTICLE_TC016_VerifyUserCanChangeTheFeaturePropertyOfArticlesUsingTheFeaturedColumn login
INFO: Step 6:Click on 'New' icon of the top right toolbar
Mar 05, 2018 2:33:22 PM testCase.ARTICLE_TC016_VerifyUserCanChangeTheFeaturePropertyOfArticlesUsingTheFeaturedColumn login
INFO: Step 7: Enter a title on 'Title' field
Mar 05, 2018 2:33:22 PM testCase.ARTICLE_TC016_VerifyUserCanChangeTheFeaturePropertyOfArticlesUsingTheFeaturedColumn login
INFO: Step 8: Select an item from the 'Category' dropdown list
Mar 05, 2018 2:33:22 PM testCase.ARTICLE_TC016_VerifyUserCanChangeTheFeaturePropertyOfArticlesUsingTheFeaturedColumn login
INFO: Step 9: Select 'Published' item from 'Status' dropdown list
Mar 05, 2018 2:33:23 PM testCase.ARTICLE_TC016_VerifyUserCanChangeTheFeaturePropertyOfArticlesUsingTheFeaturedColumn login
INFO: Step 10: Enter value on 'Article Text' text area
Mar 05, 2018 2:33:23 PM testCase.ARTICLE_TC016_VerifyUserCanChangeTheFeaturePropertyOfArticlesUsingTheFeaturedColumn login
INFO: Step 11: Click on 'Save & Close' icon of the top right toolbar
Mar 05, 2018 2:33:26 PM testCase.ARTICLE_TC016_VerifyUserCanChangeTheFeaturePropertyOfArticlesUsingTheFeaturedColumn login
INFO: Step 12: Verify the article is saved successfully
Mar 05, 2018 2:33:29 PM testCase.ARTICLE_TC016_VerifyUserCanChangeTheFeaturePropertyOfArticlesUsingTheFeaturedColumn login
INFO: Step 13: Check on the recently added article's checkbox
Mar 05, 2018 2:33:29 PM testCase.ARTICLE_TC016_VerifyUserCanChangeTheFeaturePropertyOfArticlesUsingTheFeaturedColumn login
INFO: Step 14: Click on the status icon of the selected article in the Featured column
Mar 05, 2018 2:33:32 PM testCase.ARTICLE_TC016_VerifyUserCanChangeTheFeaturePropertyOfArticlesUsingTheFeaturedColumn login
INFO: Step 15: Verify the article is featured successfully
Mar 05, 2018 2:33:32 PM testCase.ARTICLE_TC016_VerifyUserCanChangeTheFeaturePropertyOfArticlesUsingTheFeaturedColumn login
INFO: Step 16: Check on the recently added article's checkbox
Mar 05, 2018 2:33:32 PM testCase.ARTICLE_TC016_VerifyUserCanChangeTheFeaturePropertyOfArticlesUsingTheFeaturedColumn login
INFO: Step 17: Click on the status icon of the selected article in the Featured column
Mar 05, 2018 2:33:34 PM testCase.ARTICLE_TC016_VerifyUserCanChangeTheFeaturePropertyOfArticlesUsingTheFeaturedColumn login
INFO: Step 18: Verify the article is unfeatured successfully
]]></system-err>
</testsuite>
