<?xml version="1.0" encoding="UTF-8"?>
<testsuite name="testCase.ARTICLE_TC008_VerifyUserCanAccessArticlesHelpSection" tests="1" skipped="0" failures="0" errors="0" timestamp="2018-03-05T07:25:42" hostname="LGDN15031" time="8.788">
  <properties/>
  <testcase name="login[0](http://192.168.188.150/joomla/administrator, diempham, diempham)" classname="testCase.ARTICLE_TC008_VerifyUserCanAccessArticlesHelpSection" time="8.788"/>
  <system-out><![CDATA[]]></system-out>
  <system-err><![CDATA[Mar 05, 2018 2:25:42 PM org.openqa.selenium.remote.ProtocolHandshake createSession
INFO: Detected dialect: OSS
Mar 05, 2018 2:25:42 PM testCase.ARTICLE_TC008_VerifyUserCanAccessArticlesHelpSection login
INFO: -----------TC_JOOMLA_ARTICLE_008-------------
Mar 05, 2018 2:25:42 PM testCase.ARTICLE_TC008_VerifyUserCanAccessArticlesHelpSection login
INFO: Step 1: Navigate to the URL: http://192.168.189.197:1081/joomla/administrator/
Mar 05, 2018 2:25:43 PM testCase.ARTICLE_TC008_VerifyUserCanAccessArticlesHelpSection login
INFO: Step 2 :Enter valid username into Username field
Mar 05, 2018 2:25:43 PM testCase.ARTICLE_TC008_VerifyUserCanAccessArticlesHelpSection login
INFO: Step 3: Enter valid password into Password field
Mar 05, 2018 2:25:43 PM testCase.ARTICLE_TC008_VerifyUserCanAccessArticlesHelpSection login
INFO: Step 4: Click on 'Log in' button
Mar 05, 2018 2:25:45 PM testCase.ARTICLE_TC008_VerifyUserCanAccessArticlesHelpSection login
INFO: Step 5: Select Content > Articles
Mar 05, 2018 2:25:45 PM testCase.ARTICLE_TC008_VerifyUserCanAccessArticlesHelpSection login
INFO: Step 6: Click on 'Help' icon of the top right toolbar
Mar 05, 2018 2:25:47 PM testCase.ARTICLE_TC008_VerifyUserCanAccessArticlesHelpSection login
INFO: Step 7: Verify the article's help window is displayed
]]></system-err>
</testsuite>
