<?xml version="1.0" encoding="UTF-8"?>
<testsuite name="testCase.BANNERS_TC010_VerifyThatUserCanCheckInABanner" tests="1" skipped="0" failures="0" errors="0" timestamp="2018-03-05T07:39:42" hostname="LGDN15031" time="73.54">
  <properties/>
  <testcase name="login[0](http://192.168.188.150/joomla/administrator, diempham, diempham, Client Test 1520235578861, Mr John, John@gmail.com, Category Test 1520235578861, Banner Test 1520235578861, Category Test 1520235578861)" classname="testCase.BANNERS_TC010_VerifyThatUserCanCheckInABanner" time="73.54"/>
  <system-out><![CDATA[]]></system-out>
  <system-err><![CDATA[Mar 05, 2018 2:39:42 PM org.openqa.selenium.remote.ProtocolHandshake createSession
INFO: Detected dialect: OSS
Mar 05, 2018 2:39:42 PM testCase.BANNERS_TC010_VerifyThatUserCanCheckInABanner login
INFO: -----------TC_JOOMLA_BANNERS_010-------------
Mar 05, 2018 2:39:42 PM testCase.BANNERS_TC010_VerifyThatUserCanCheckInABanner login
INFO: Step 1: Navigate to the URL: http://192.168.189.197:1081/joomla/administrator/
Mar 05, 2018 2:39:43 PM testCase.BANNERS_TC010_VerifyThatUserCanCheckInABanner login
INFO: Step 2 : Login with User Name and password
Mar 05, 2018 2:39:43 PM testCase.BANNERS_TC010_VerifyThatUserCanCheckInABanner login
INFO: Step 3: Click Login in button
Mar 05, 2018 2:39:45 PM testCase.BANNERS_TC010_VerifyThatUserCanCheckInABanner login
INFO: Step 4: Select Components -> Banners -> Clients
Mar 05, 2018 2:39:47 PM testCase.BANNERS_TC010_VerifyThatUserCanCheckInABanner login
INFO: Step 5: Click New button in the right top cornera
Mar 05, 2018 2:39:48 PM testCase.BANNERS_TC010_VerifyThatUserCanCheckInABanner login
INFO: Step 6: Enter valid Client Name to Client Name textbox
Mar 05, 2018 2:39:48 PM testCase.BANNERS_TC010_VerifyThatUserCanCheckInABanner login
INFO: Step 7: Enter valid Client Name to Client Name textbox
Mar 05, 2018 2:39:48 PM testCase.BANNERS_TC010_VerifyThatUserCanCheckInABanner login
INFO: Step 8: Enter valid Contact Email to Contact Email textbox
Mar 05, 2018 2:39:48 PM testCase.BANNERS_TC010_VerifyThatUserCanCheckInABanner login
INFO: Step 9: Click Save & Close button
Mar 05, 2018 2:39:50 PM testCase.BANNERS_TC010_VerifyThatUserCanCheckInABanner login
INFO: Step 10: A message : Client successfully saved shows and new client is created
Mar 05, 2018 2:39:52 PM testCase.BANNERS_TC010_VerifyThatUserCanCheckInABanner login
INFO: Step 11: Select Components -> Banners -> Categories
Mar 05, 2018 2:39:54 PM testCase.BANNERS_TC010_VerifyThatUserCanCheckInABanner login
INFO: Step 12: Click New button in the right top corner
Mar 05, 2018 2:39:56 PM testCase.BANNERS_TC010_VerifyThatUserCanCheckInABanner login
INFO: Step 13: Enter valid Category Name to Name textbox
Mar 05, 2018 2:39:56 PM testCase.BANNERS_TC010_VerifyThatUserCanCheckInABanner login
INFO: Step 14: Click Save & Close button
Mar 05, 2018 2:40:00 PM testCase.BANNERS_TC010_VerifyThatUserCanCheckInABanner login
INFO: Step 15: A message : Category successfully saved shows and new category is created
Mar 05, 2018 2:40:03 PM testCase.BANNERS_TC010_VerifyThatUserCanCheckInABanner login
INFO: Step 16: Select Components -> Banners -> Banners
Mar 05, 2018 2:40:05 PM testCase.BANNERS_TC010_VerifyThatUserCanCheckInABanner login
INFO: Step 17: Click New button in the right top corner
Mar 05, 2018 2:40:07 PM testCase.BANNERS_TC010_VerifyThatUserCanCheckInABanner login
INFO: Step 18: Enter valid Name to Name textbox
Mar 05, 2018 2:40:07 PM testCase.BANNERS_TC010_VerifyThatUserCanCheckInABanner login
INFO: Step 19: Select a Category in Category dropdown list
Mar 05, 2018 2:40:09 PM testCase.BANNERS_TC010_VerifyThatUserCanCheckInABanner login
INFO: Step 20: Select a Client in Client dropdown list
Mar 05, 2018 2:40:10 PM testCase.BANNERS_TC010_VerifyThatUserCanCheckInABanner login
INFO: Step 21: Click Save button
Mar 05, 2018 2:40:12 PM testCase.BANNERS_TC010_VerifyThatUserCanCheckInABanner login
INFO: Step 22: A message : Banner successfully saved shows and new banner is created
Mar 05, 2018 2:40:12 PM testCase.BANNERS_TC010_VerifyThatUserCanCheckInABanner login
INFO: Step 23: Close browser
Mar 05, 2018 2:40:12 PM testCase.BANNERS_TC010_VerifyThatUserCanCheckInABanner login
INFO: Step 24: Navigate to the URL: http://192.168.189.197:1081/joomla/administrator/
Mar 05, 2018 2:40:15 PM org.openqa.selenium.remote.ProtocolHandshake createSession
INFO: Detected dialect: OSS
Mar 05, 2018 2:40:16 PM testCase.BANNERS_TC010_VerifyThatUserCanCheckInABanner login
INFO: Step 25 : Login with User Name and password
Mar 05, 2018 2:40:16 PM testCase.BANNERS_TC010_VerifyThatUserCanCheckInABanner login
INFO: Step 26: Click Login in button
Mar 05, 2018 2:40:17 PM testCase.BANNERS_TC010_VerifyThatUserCanCheckInABanner login
INFO: Step 27: Select Components -> Banners -> Banners
Mar 05, 2018 2:40:19 PM testCase.BANNERS_TC010_VerifyThatUserCanCheckInABanner login
INFO: Step 28: Recently created banner displays and locked
Mar 05, 2018 2:40:22 PM testCase.BANNERS_TC010_VerifyThatUserCanCheckInABanner login
INFO: Step 29: Check recently created banner
Mar 05, 2018 2:40:23 PM testCase.BANNERS_TC010_VerifyThatUserCanCheckInABanner login
INFO: Step 30: Click Check In button
Mar 05, 2018 2:40:26 PM testCase.BANNERS_TC010_VerifyThatUserCanCheckInABanner login
INFO: Step 31: A message 1 banner successfully checked in appears and banner is changed to unlock
]]></system-err>
</testsuite>
