<?xml version="1.0" encoding="UTF-8"?>
<testsuite name="testCase.ARTICLE_TC014_VerifyUserCanChangeTheOrderOfArticlesUsingTheOrderingColumn" tests="1" skipped="0" failures="1" errors="0" timestamp="2018-03-08T07:03:09" hostname="LGDN15031" time="241.21">
  <properties/>
  <testcase name="login[0](http://192.168.188.150/joomla/administrator/, diempham, diempham, Test Article 1520492584701, Sample Data-Articles, this is article content, Test Article New 1520492584701, Sample Data-Articles, this is modified content)" classname="testCase.ARTICLE_TC014_VerifyUserCanChangeTheOrderOfArticlesUsingTheOrderingColumn" time="241.21">
    <failure message="java.lang.AssertionError: expected [true] but found [false]" type="java.lang.AssertionError">java.lang.AssertionError: expected [true] but found [false]
	at org.testng.Assert.fail(Assert.java:96)
	at org.testng.Assert.failNotEquals(Assert.java:776)
	at org.testng.Assert.assertTrue(Assert.java:44)
	at org.testng.Assert.assertTrue(Assert.java:54)
	at common.Configure.verifyTrue(Configure.java:97)
	at testCase.ARTICLE_TC014_VerifyUserCanChangeTheOrderOfArticlesUsingTheOrderingColumn.login(ARTICLE_TC014_VerifyUserCanChangeTheOrderOfArticlesUsingTheOrderingColumn.java:98)
	at sun.reflect.NativeMethodAccessorImpl.invoke0(Native Method)
	at sun.reflect.NativeMethodAccessorImpl.invoke(NativeMethodAccessorImpl.java:62)
	at sun.reflect.DelegatingMethodAccessorImpl.invoke(DelegatingMethodAccessorImpl.java:43)
	at java.lang.reflect.Method.invoke(Method.java:498)
	at org.testng.internal.MethodInvocationHelper.invokeMethod(MethodInvocationHelper.java:124)
	at org.testng.internal.Invoker.invokeMethod(Invoker.java:571)
	at org.testng.internal.Invoker.invokeTestMethod(Invoker.java:707)
	at org.testng.internal.Invoker.invokeTestMethods(Invoker.java:979)
	at org.testng.internal.TestMethodWorker.invokeTestMethods(TestMethodWorker.java:125)
	at org.testng.internal.TestMethodWorker.run(TestMethodWorker.java:109)
	at org.testng.TestRunner.privateRun(TestRunner.java:648)
	at org.testng.TestRunner.run(TestRunner.java:505)
	at org.testng.SuiteRunner.runTest(SuiteRunner.java:455)
	at org.testng.SuiteRunner.runSequentially(SuiteRunner.java:450)
	at org.testng.SuiteRunner.privateRun(SuiteRunner.java:415)
	at org.testng.SuiteRunner.run(SuiteRunner.java:364)
	at org.testng.SuiteRunnerWorker.runSuite(SuiteRunnerWorker.java:52)
	at org.testng.SuiteRunnerWorker.run(SuiteRunnerWorker.java:84)
	at org.testng.TestNG.runSuitesSequentially(TestNG.java:1187)
	at org.testng.TestNG.runSuitesLocally(TestNG.java:1116)
	at org.testng.TestNG.runSuites(TestNG.java:1028)
	at org.testng.TestNG.run(TestNG.java:996)
	at org.gradle.api.internal.tasks.testing.testng.TestNGTestClassProcessor.runTests(TestNGTestClassProcessor.java:129)
	at org.gradle.api.internal.tasks.testing.testng.TestNGTestClassProcessor.stop(TestNGTestClassProcessor.java:88)
	at org.gradle.api.internal.tasks.testing.SuiteTestClassProcessor.stop(SuiteTestClassProcessor.java:61)
	at sun.reflect.NativeMethodAccessorImpl.invoke0(Native Method)
	at sun.reflect.NativeMethodAccessorImpl.invoke(NativeMethodAccessorImpl.java:62)
	at sun.reflect.DelegatingMethodAccessorImpl.invoke(DelegatingMethodAccessorImpl.java:43)
	at java.lang.reflect.Method.invoke(Method.java:498)
	at org.gradle.internal.dispatch.ReflectionDispatch.dispatch(ReflectionDispatch.java:35)
	at org.gradle.internal.dispatch.ReflectionDispatch.dispatch(ReflectionDispatch.java:24)
	at org.gradle.internal.dispatch.ContextClassLoaderDispatch.dispatch(ContextClassLoaderDispatch.java:32)
	at org.gradle.internal.dispatch.ProxyDispatchAdapter$DispatchingInvocationHandler.invoke(ProxyDispatchAdapter.java:93)
	at com.sun.proxy.$Proxy1.stop(Unknown Source)
	at org.gradle.api.internal.tasks.testing.worker.TestWorker.stop(TestWorker.java:119)
	at sun.reflect.NativeMethodAccessorImpl.invoke0(Native Method)
	at sun.reflect.NativeMethodAccessorImpl.invoke(NativeMethodAccessorImpl.java:62)
	at sun.reflect.DelegatingMethodAccessorImpl.invoke(DelegatingMethodAccessorImpl.java:43)
	at java.lang.reflect.Method.invoke(Method.java:498)
	at org.gradle.internal.dispatch.ReflectionDispatch.dispatch(ReflectionDispatch.java:35)
	at org.gradle.internal.dispatch.ReflectionDispatch.dispatch(ReflectionDispatch.java:24)
	at org.gradle.internal.remote.internal.hub.MessageHubBackedObjectConnection$DispatchWrapper.dispatch(MessageHubBackedObjectConnection.java:146)
	at org.gradle.internal.remote.internal.hub.MessageHubBackedObjectConnection$DispatchWrapper.dispatch(MessageHubBackedObjectConnection.java:128)
	at org.gradle.internal.remote.internal.hub.MessageHub$Handler.run(MessageHub.java:404)
	at org.gradle.internal.concurrent.ExecutorPolicy$CatchAndRecordFailures.onExecute(ExecutorPolicy.java:63)
	at org.gradle.internal.concurrent.ManagedExecutorImpl$1.run(ManagedExecutorImpl.java:46)
	at java.util.concurrent.ThreadPoolExecutor.runWorker(ThreadPoolExecutor.java:1149)
	at java.util.concurrent.ThreadPoolExecutor$Worker.run(ThreadPoolExecutor.java:624)
	at org.gradle.internal.concurrent.ThreadFactoryImpl$ManagedThreadRunnable.run(ThreadFactoryImpl.java:55)
	at java.lang.Thread.run(Thread.java:748)
</failure>
  </testcase>
  <system-out><![CDATA[]]></system-out>
  <system-err><![CDATA[Started InternetExplorerDriver server (32-bit)
3.9.0.0
Listening on port 14739
Only local connections are allowed
Mar 08, 2018 2:03:06 PM org.openqa.selenium.remote.ProtocolHandshake createSession
INFO: Detected dialect: W3C
Mar 08, 2018 2:03:09 PM testCase.ARTICLE_TC014_VerifyUserCanChangeTheOrderOfArticlesUsingTheOrderingColumn login
INFO: -----------TC_JOOMLA_ARTICLE_014-------------
Mar 08, 2018 2:03:09 PM testCase.ARTICLE_TC014_VerifyUserCanChangeTheOrderOfArticlesUsingTheOrderingColumn login
INFO: Step 1: Navigate to the URL: http://192.168.189.197:1081/joomla/administrator/
Mar 08, 2018 2:03:10 PM testCase.ARTICLE_TC014_VerifyUserCanChangeTheOrderOfArticlesUsingTheOrderingColumn login
INFO: Step 2 :Enter valid username into Username field
Mar 08, 2018 2:03:12 PM testCase.ARTICLE_TC014_VerifyUserCanChangeTheOrderOfArticlesUsingTheOrderingColumn login
INFO: Step 3: Enter valid password into Password field
Mar 08, 2018 2:03:13 PM testCase.ARTICLE_TC014_VerifyUserCanChangeTheOrderOfArticlesUsingTheOrderingColumn login
INFO: Step 4: Click on 'Log in' button
Mar 08, 2018 2:03:16 PM testCase.ARTICLE_TC014_VerifyUserCanChangeTheOrderOfArticlesUsingTheOrderingColumn login
INFO: Step 5: Select Content > Articles
Mar 08, 2018 2:03:22 PM testCase.ARTICLE_TC014_VerifyUserCanChangeTheOrderOfArticlesUsingTheOrderingColumn login
INFO: Step 6:Click on 'New' icon of the top right toolbar
Mar 08, 2018 2:03:27 PM testCase.ARTICLE_TC014_VerifyUserCanChangeTheOrderOfArticlesUsingTheOrderingColumn login
INFO: Step 7: Enter a title on 'Title' field
Mar 08, 2018 2:03:29 PM testCase.ARTICLE_TC014_VerifyUserCanChangeTheOrderOfArticlesUsingTheOrderingColumn login
INFO: Step 8: Select an item from the 'Category' dropdown list
Mar 08, 2018 2:03:33 PM testCase.ARTICLE_TC014_VerifyUserCanChangeTheOrderOfArticlesUsingTheOrderingColumn login
INFO: Step 9: Enter value on 'Article Text' text area
Mar 08, 2018 2:03:37 PM testCase.ARTICLE_TC014_VerifyUserCanChangeTheOrderOfArticlesUsingTheOrderingColumn login
INFO: Step 10: Click on 'Save & Close' icon of the top right toolbar
Mar 08, 2018 2:03:42 PM testCase.ARTICLE_TC014_VerifyUserCanChangeTheOrderOfArticlesUsingTheOrderingColumn login
INFO: Step 11: Verify the article is saved successfully
Mar 08, 2018 2:03:57 PM testCase.ARTICLE_TC014_VerifyUserCanChangeTheOrderOfArticlesUsingTheOrderingColumn login
INFO: Step 12: Select Content > Articles
Mar 08, 2018 2:04:04 PM testCase.ARTICLE_TC014_VerifyUserCanChangeTheOrderOfArticlesUsingTheOrderingColumn login
INFO: Step 13:Click on 'New' icon of the top right toolbar
Mar 08, 2018 2:04:08 PM testCase.ARTICLE_TC014_VerifyUserCanChangeTheOrderOfArticlesUsingTheOrderingColumn login
INFO: Step 14: Enter a title on 'Title' field
Mar 08, 2018 2:04:10 PM testCase.ARTICLE_TC014_VerifyUserCanChangeTheOrderOfArticlesUsingTheOrderingColumn login
INFO: Step 15: Select an item from the 'Category' dropdown list
Mar 08, 2018 2:04:15 PM testCase.ARTICLE_TC014_VerifyUserCanChangeTheOrderOfArticlesUsingTheOrderingColumn login
INFO: Step 16: Enter value on 'Article Text' text area
Mar 08, 2018 2:04:19 PM testCase.ARTICLE_TC014_VerifyUserCanChangeTheOrderOfArticlesUsingTheOrderingColumn login
INFO: Step 17: Click on 'Save & Close' icon of the top right toolbar
Mar 08, 2018 2:04:24 PM testCase.ARTICLE_TC014_VerifyUserCanChangeTheOrderOfArticlesUsingTheOrderingColumn login
INFO: Step 18: Verify the article is saved successfully
Mar 08, 2018 2:04:39 PM testCase.ARTICLE_TC014_VerifyUserCanChangeTheOrderOfArticlesUsingTheOrderingColumn login
INFO: Step 19: Click on the Header link of Ordering column
Mar 08, 2018 2:06:14 PM testCase.ARTICLE_TC014_VerifyUserCanChangeTheOrderOfArticlesUsingTheOrderingColumn login
INFO: Step 20: Check on the second created article's checkbox
Mar 08, 2018 2:06:25 PM testCase.ARTICLE_TC014_VerifyUserCanChangeTheOrderOfArticlesUsingTheOrderingColumn login
INFO: Step 21: Click on down arrow in Ordering column of the selected article
Mar 08, 2018 2:07:10 PM testCase.ARTICLE_TC014_VerifyUserCanChangeTheOrderOfArticlesUsingTheOrderingColumn login
INFO: Step 22: Verify the first article changes its position with the second article
]]></system-err>
</testsuite>
