<?xml version="1.0" encoding="UTF-8"?>
<testsuite name="testCase.BANNERS_TC012_VerifyThatUserCanBrowseNewBannerHelpPageInNewBannerPage" tests="1" skipped="0" failures="0" errors="0" timestamp="2018-03-08T07:38:56" hostname="LGDN15031" time="21.614">
  <properties/>
  <testcase name="login[0](http://192.168.188.150/joomla/administrator/, diempham, diempham)" classname="testCase.BANNERS_TC012_VerifyThatUserCanBrowseNewBannerHelpPageInNewBannerPage" time="21.614"/>
  <system-out><![CDATA[]]></system-out>
  <system-err><![CDATA[Started InternetExplorerDriver server (32-bit)
3.9.0.0
Listening on port 30861
Only local connections are allowed
Mar 08, 2018 2:38:53 PM org.openqa.selenium.remote.ProtocolHandshake createSession
INFO: Detected dialect: W3C
Mar 08, 2018 2:38:56 PM testCase.BANNERS_TC012_VerifyThatUserCanBrowseNewBannerHelpPageInNewBannerPage login
INFO: -----------TC_JOOMLA_BANNERS_007-------------
Mar 08, 2018 2:38:56 PM testCase.BANNERS_TC012_VerifyThatUserCanBrowseNewBannerHelpPageInNewBannerPage login
INFO: Step 1: Navigate to the URL: http://192.168.189.197:1081/joomla/administrator/
Mar 08, 2018 2:38:57 PM testCase.BANNERS_TC012_VerifyThatUserCanBrowseNewBannerHelpPageInNewBannerPage login
INFO: Step 2 : Login with User Name and password
Mar 08, 2018 2:39:01 PM testCase.BANNERS_TC012_VerifyThatUserCanBrowseNewBannerHelpPageInNewBannerPage login
INFO: Step 3: Click Login in button
Mar 08, 2018 2:39:03 PM testCase.BANNERS_TC012_VerifyThatUserCanBrowseNewBannerHelpPageInNewBannerPage login
INFO: Step 4: Select Components -> Banners -> Banners
Mar 08, 2018 2:39:08 PM testCase.BANNERS_TC012_VerifyThatUserCanBrowseNewBannerHelpPageInNewBannerPage login
INFO: Step 5: Click New button in the top right corner
Mar 08, 2018 2:39:12 PM testCase.BANNERS_TC012_VerifyThatUserCanBrowseNewBannerHelpPageInNewBannerPage login
INFO: Step 6: Click Help button in the right top corner
Mar 08, 2018 2:39:15 PM testCase.BANNERS_TC012_VerifyThatUserCanBrowseNewBannerHelpPageInNewBannerPage login
INFO: Step 7: Banner help page appears
]]></system-err>
</testsuite>
