<?xml version="1.0" encoding="UTF-8"?>
<testsuite name="testCase.BANNERS_TC001_VerifyThatUserCanCreateNewBanner" tests="1" skipped="0" failures="0" errors="0" timestamp="2018-03-08T07:11:36" hostname="LGDN15031" time="125.133">
  <properties/>
  <testcase name="login[0](http://192.168.188.150/joomla/administrator/, diempham, diempham, Client Test 1520493091433, Mr John, John@gmail.com, Category Test 1520493091433, Banner Test 1520493091433, Category Test 1520493091433)" classname="testCase.BANNERS_TC001_VerifyThatUserCanCreateNewBanner" time="125.133"/>
  <system-out><![CDATA[]]></system-out>
  <system-err><![CDATA[Started InternetExplorerDriver server (32-bit)
3.9.0.0
Listening on port 40698
Only local connections are allowed
Mar 08, 2018 2:11:33 PM org.openqa.selenium.remote.ProtocolHandshake createSession
INFO: Detected dialect: W3C
Mar 08, 2018 2:11:36 PM testCase.BANNERS_TC001_VerifyThatUserCanCreateNewBanner login
INFO: -----------TC_JOOMLA_BANNERS_001-------------
Mar 08, 2018 2:11:36 PM testCase.BANNERS_TC001_VerifyThatUserCanCreateNewBanner login
INFO: Step 1: Navigate to the URL: http://192.168.189.197:1081/joomla/administrator/
Mar 08, 2018 2:11:37 PM testCase.BANNERS_TC001_VerifyThatUserCanCreateNewBanner login
INFO: Step 2 : Login with User Name and password
Mar 08, 2018 2:11:41 PM testCase.BANNERS_TC001_VerifyThatUserCanCreateNewBanner login
INFO: Step 3: Click Login in button
Mar 08, 2018 2:11:43 PM testCase.BANNERS_TC001_VerifyThatUserCanCreateNewBanner login
INFO: Step 4: Select Components -> Banners -> Clients
Mar 08, 2018 2:11:49 PM testCase.BANNERS_TC001_VerifyThatUserCanCreateNewBanner login
INFO: Step 5: Click New button in the right top cornera
Mar 08, 2018 2:11:53 PM testCase.BANNERS_TC001_VerifyThatUserCanCreateNewBanner login
INFO: Step 6: Enter valid Client Name to Client Name textbox
Mar 08, 2018 2:11:55 PM testCase.BANNERS_TC001_VerifyThatUserCanCreateNewBanner login
INFO: Step 7: Enter valid Client Name to Client Name textbox
Mar 08, 2018 2:11:56 PM testCase.BANNERS_TC001_VerifyThatUserCanCreateNewBanner login
INFO: Step 8: Enter valid Contact Email to Contact Email textbox
Mar 08, 2018 2:11:58 PM testCase.BANNERS_TC001_VerifyThatUserCanCreateNewBanner login
INFO: Step 9: Click Save & Close button
Mar 08, 2018 2:12:03 PM testCase.BANNERS_TC001_VerifyThatUserCanCreateNewBanner login
INFO: Step 10: A message : Client successfully saved shows and new client is created
Mar 08, 2018 2:12:17 PM testCase.BANNERS_TC001_VerifyThatUserCanCreateNewBanner login
INFO: Step 11: Select Components -> Banners -> Categories
Mar 08, 2018 2:12:23 PM testCase.BANNERS_TC001_VerifyThatUserCanCreateNewBanner login
INFO: Step 12: Click New button in the right top corner
Mar 08, 2018 2:12:27 PM testCase.BANNERS_TC001_VerifyThatUserCanCreateNewBanner login
INFO: Step 13: Enter valid Category Name to Name textbox
Mar 08, 2018 2:12:29 PM testCase.BANNERS_TC001_VerifyThatUserCanCreateNewBanner login
INFO: Step 14: Click Save & Close button
Mar 08, 2018 2:12:34 PM testCase.BANNERS_TC001_VerifyThatUserCanCreateNewBanner login
INFO: Step 15: A message : Category successfully saved shows and new category is created
Mar 08, 2018 2:12:49 PM testCase.BANNERS_TC001_VerifyThatUserCanCreateNewBanner login
INFO: Step 16: Select Components -> Banners -> Banners
Mar 08, 2018 2:12:55 PM testCase.BANNERS_TC001_VerifyThatUserCanCreateNewBanner login
INFO: Step 17: Click New button in the right top corner
Mar 08, 2018 2:12:59 PM testCase.BANNERS_TC001_VerifyThatUserCanCreateNewBanner login
INFO: Step 18: Enter valid Name to Name textbox
Mar 08, 2018 2:13:01 PM testCase.BANNERS_TC001_VerifyThatUserCanCreateNewBanner login
INFO: Step 19: Select a Category in Category dropdown list
Mar 08, 2018 2:13:12 PM testCase.BANNERS_TC001_VerifyThatUserCanCreateNewBanner login
INFO: Step 20: Select a Client in Client dropdown list
Mar 08, 2018 2:13:22 PM testCase.BANNERS_TC001_VerifyThatUserCanCreateNewBanner login
INFO: Step 21: Click Save & Close button
Mar 08, 2018 2:13:27 PM testCase.BANNERS_TC001_VerifyThatUserCanCreateNewBanner login
INFO: Step 22: A message : Banner successfully saved shows and new banner is created
]]></system-err>
</testsuite>
