<?xml version="1.0" encoding="UTF-8"?>
<testsuite name="testCase.BANNERS_TC010_VerifyThatUserCanCheckInABanner" tests="1" skipped="0" failures="0" errors="0" timestamp="2018-03-08T07:32:55" hostname="LGDN15031" time="199.102">
  <properties/>
  <testcase name="login[0](http://192.168.188.150/joomla/administrator/, diempham, diempham, Client Test 1520494370557, Mr John, John@gmail.com, Category Test 1520494370557, Banner Test 1520494370557, Category Test 1520494370557)" classname="testCase.BANNERS_TC010_VerifyThatUserCanCheckInABanner" time="199.102"/>
  <system-out><![CDATA[]]></system-out>
  <system-err><![CDATA[Started InternetExplorerDriver server (32-bit)
3.9.0.0
Listening on port 3571
Only local connections are allowed
Mar 08, 2018 2:32:52 PM org.openqa.selenium.remote.ProtocolHandshake createSession
INFO: Detected dialect: W3C
Mar 08, 2018 2:32:55 PM testCase.BANNERS_TC010_VerifyThatUserCanCheckInABanner login
INFO: -----------TC_JOOMLA_BANNERS_010-------------
Mar 08, 2018 2:32:55 PM testCase.BANNERS_TC010_VerifyThatUserCanCheckInABanner login
INFO: Step 1: Navigate to the URL: http://192.168.189.197:1081/joomla/administrator/
Mar 08, 2018 2:32:56 PM testCase.BANNERS_TC010_VerifyThatUserCanCheckInABanner login
INFO: Step 2 : Login with User Name and password
Mar 08, 2018 2:33:00 PM testCase.BANNERS_TC010_VerifyThatUserCanCheckInABanner login
INFO: Step 3: Click Login in button
Mar 08, 2018 2:33:02 PM testCase.BANNERS_TC010_VerifyThatUserCanCheckInABanner login
INFO: Step 4: Select Components -> Banners -> Clients
Mar 08, 2018 2:33:08 PM testCase.BANNERS_TC010_VerifyThatUserCanCheckInABanner login
INFO: Step 5: Click New button in the right top cornera
Mar 08, 2018 2:33:11 PM testCase.BANNERS_TC010_VerifyThatUserCanCheckInABanner login
INFO: Step 6: Enter valid Client Name to Client Name textbox
Mar 08, 2018 2:33:13 PM testCase.BANNERS_TC010_VerifyThatUserCanCheckInABanner login
INFO: Step 7: Enter valid Client Name to Client Name textbox
Mar 08, 2018 2:33:15 PM testCase.BANNERS_TC010_VerifyThatUserCanCheckInABanner login
INFO: Step 8: Enter valid Contact Email to Contact Email textbox
Mar 08, 2018 2:33:17 PM testCase.BANNERS_TC010_VerifyThatUserCanCheckInABanner login
INFO: Step 9: Click Save & Close button
Mar 08, 2018 2:33:21 PM testCase.BANNERS_TC010_VerifyThatUserCanCheckInABanner login
INFO: Step 10: A message : Client successfully saved shows and new client is created
Mar 08, 2018 2:33:36 PM testCase.BANNERS_TC010_VerifyThatUserCanCheckInABanner login
INFO: Step 11: Select Components -> Banners -> Categories
Mar 08, 2018 2:33:41 PM testCase.BANNERS_TC010_VerifyThatUserCanCheckInABanner login
INFO: Step 12: Click New button in the right top corner
Mar 08, 2018 2:33:46 PM testCase.BANNERS_TC010_VerifyThatUserCanCheckInABanner login
INFO: Step 13: Enter valid Category Name to Name textbox
Mar 08, 2018 2:33:48 PM testCase.BANNERS_TC010_VerifyThatUserCanCheckInABanner login
INFO: Step 14: Click Save & Close button
Mar 08, 2018 2:33:53 PM testCase.BANNERS_TC010_VerifyThatUserCanCheckInABanner login
INFO: Step 15: A message : Category successfully saved shows and new category is created
Mar 08, 2018 2:34:08 PM testCase.BANNERS_TC010_VerifyThatUserCanCheckInABanner login
INFO: Step 16: Select Components -> Banners -> Banners
Mar 08, 2018 2:34:14 PM testCase.BANNERS_TC010_VerifyThatUserCanCheckInABanner login
INFO: Step 17: Click New button in the right top corner
Mar 08, 2018 2:34:18 PM testCase.BANNERS_TC010_VerifyThatUserCanCheckInABanner login
INFO: Step 18: Enter valid Name to Name textbox
Mar 08, 2018 2:34:20 PM testCase.BANNERS_TC010_VerifyThatUserCanCheckInABanner login
INFO: Step 19: Select a Category in Category dropdown list
Mar 08, 2018 2:34:30 PM testCase.BANNERS_TC010_VerifyThatUserCanCheckInABanner login
INFO: Step 20: Select a Client in Client dropdown list
Mar 08, 2018 2:34:41 PM testCase.BANNERS_TC010_VerifyThatUserCanCheckInABanner login
INFO: Step 21: Click Save button
Mar 08, 2018 2:34:45 PM testCase.BANNERS_TC010_VerifyThatUserCanCheckInABanner login
INFO: Step 22: A message : Banner successfully saved shows and new banner is created
Mar 08, 2018 2:34:45 PM testCase.BANNERS_TC010_VerifyThatUserCanCheckInABanner login
INFO: Step 23: Close browser
Mar 08, 2018 2:34:46 PM testCase.BANNERS_TC010_VerifyThatUserCanCheckInABanner login
INFO: Step 24: Navigate to the URL: http://192.168.189.197:1081/joomla/administrator/
Started InternetExplorerDriver server (32-bit)
3.9.0.0
Listening on port 10748
Only local connections are allowed
Mar 08, 2018 2:34:48 PM org.openqa.selenium.remote.ProtocolHandshake createSession
INFO: Detected dialect: W3C
Mar 08, 2018 2:34:52 PM testCase.BANNERS_TC010_VerifyThatUserCanCheckInABanner login
INFO: Step 25 : Login with User Name and password
Mar 08, 2018 2:34:56 PM testCase.BANNERS_TC010_VerifyThatUserCanCheckInABanner login
INFO: Step 26: Click Login in button
Mar 08, 2018 2:34:59 PM testCase.BANNERS_TC010_VerifyThatUserCanCheckInABanner login
INFO: Step 27: Select Components -> Banners -> Banners
Mar 08, 2018 2:35:04 PM testCase.BANNERS_TC010_VerifyThatUserCanCheckInABanner login
INFO: Step 28: Recently created banner displays and locked
Mar 08, 2018 2:35:29 PM testCase.BANNERS_TC010_VerifyThatUserCanCheckInABanner login
INFO: Step 29: Check recently created banner
Mar 08, 2018 2:35:37 PM testCase.BANNERS_TC010_VerifyThatUserCanCheckInABanner login
INFO: Step 30: Click Check In button
Mar 08, 2018 2:35:41 PM testCase.BANNERS_TC010_VerifyThatUserCanCheckInABanner login
INFO: Step 31: A message 1 banner successfully checked in appears and banner is changed to unlock
]]></system-err>
</testsuite>
