<?xml version="1.0" encoding="UTF-8"?>
<testsuite name="testCase.ARTICLE_TC009_VerifyUserCanSearchForArticlesUsingTheFilterTextField" tests="1" skipped="0" failures="0" errors="0" timestamp="2018-03-08T06:50:07" hostname="LGDN15031" time="64.366">
  <properties/>
  <testcase name="login[0](http://192.168.188.150/joomla/administrator/, diempham, diempham, Test Article 1520491802722, Sample Data-Articles, Published, this is article content, Test Article 1520491802722)" classname="testCase.ARTICLE_TC009_VerifyUserCanSearchForArticlesUsingTheFilterTextField" time="64.366"/>
  <system-out><![CDATA[]]></system-out>
  <system-err><![CDATA[Started InternetExplorerDriver server (32-bit)
3.9.0.0
Listening on port 26419
Only local connections are allowed
Mar 08, 2018 1:50:04 PM org.openqa.selenium.remote.ProtocolHandshake createSession
INFO: Detected dialect: W3C
Mar 08, 2018 1:50:07 PM testCase.ARTICLE_TC009_VerifyUserCanSearchForArticlesUsingTheFilterTextField login
INFO: -----------TC_JOOMLA_ARTICLE_009-------------
Mar 08, 2018 1:50:07 PM testCase.ARTICLE_TC009_VerifyUserCanSearchForArticlesUsingTheFilterTextField login
INFO: Step 1: Navigate to the URL: http://192.168.189.197:1081/joomla/administrator/
Mar 08, 2018 1:50:08 PM testCase.ARTICLE_TC009_VerifyUserCanSearchForArticlesUsingTheFilterTextField login
INFO: Step 2 :Enter valid username into Username field
Mar 08, 2018 1:50:10 PM testCase.ARTICLE_TC009_VerifyUserCanSearchForArticlesUsingTheFilterTextField login
INFO: Step 3: Enter valid password into Password field
Mar 08, 2018 1:50:12 PM testCase.ARTICLE_TC009_VerifyUserCanSearchForArticlesUsingTheFilterTextField login
INFO: Step 4: Click on 'Log in' button
Mar 08, 2018 1:50:15 PM testCase.ARTICLE_TC009_VerifyUserCanSearchForArticlesUsingTheFilterTextField login
INFO: Step 5: Select Content > Articles
Mar 08, 2018 1:50:22 PM testCase.ARTICLE_TC009_VerifyUserCanSearchForArticlesUsingTheFilterTextField login
INFO: Step 6:Click on 'New' icon of the top right toolbar
Mar 08, 2018 1:50:27 PM testCase.ARTICLE_TC009_VerifyUserCanSearchForArticlesUsingTheFilterTextField login
INFO: Step 7: Enter a title on 'Title' field
Mar 08, 2018 1:50:29 PM testCase.ARTICLE_TC009_VerifyUserCanSearchForArticlesUsingTheFilterTextField login
INFO: Step 8: Select an item from the 'Category' dropdown list
Mar 08, 2018 1:50:33 PM testCase.ARTICLE_TC009_VerifyUserCanSearchForArticlesUsingTheFilterTextField login
INFO: Step 9: Select 'Published' item from 'Status' dropdown list
Mar 08, 2018 1:50:38 PM testCase.ARTICLE_TC009_VerifyUserCanSearchForArticlesUsingTheFilterTextField login
INFO: Step 10: Enter value on 'Article Text' text area
Mar 08, 2018 1:50:42 PM testCase.ARTICLE_TC009_VerifyUserCanSearchForArticlesUsingTheFilterTextField login
INFO: Step 11: Click on 'Save & Close' icon of the top right toolbar
Mar 08, 2018 1:50:48 PM testCase.ARTICLE_TC009_VerifyUserCanSearchForArticlesUsingTheFilterTextField login
INFO: Step 12: Verify the article is saved successfully
Mar 08, 2018 1:51:03 PM testCase.ARTICLE_TC009_VerifyUserCanSearchForArticlesUsingTheFilterTextField login
INFO: Step 13: Enter a title on 'Filter' text field
Mar 08, 2018 1:51:05 PM testCase.ARTICLE_TC009_VerifyUserCanSearchForArticlesUsingTheFilterTextField login
INFO: Step 14: Click on 'Search' button
Mar 08, 2018 1:51:08 PM testCase.ARTICLE_TC009_VerifyUserCanSearchForArticlesUsingTheFilterTextField login
INFO: Step 15: Verify the titles of displayed articles are partially matched with the entered keyword
]]></system-err>
</testsuite>
