<?xml version="1.0" encoding="UTF-8"?>
<testsuite name="testCase.BANNERS_TC009_VerifyThatUserCanSearchABannerByUsingFilterDropdownLists" tests="1" skipped="0" failures="0" errors="0" timestamp="2018-03-08T07:30:10" hostname="LGDN15031" time="159.572">
  <properties/>
  <testcase name="login[0](http://192.168.188.150/joomla/administrator/, diempham, diempham, Client Test 1520494205265, Mr John, John@gmail.com, Category Test 1520494205265, Banner Test 1520494205265, Category Test 1520494205265)" classname="testCase.BANNERS_TC009_VerifyThatUserCanSearchABannerByUsingFilterDropdownLists" time="159.572"/>
  <system-out><![CDATA[]]></system-out>
  <system-err><![CDATA[Started InternetExplorerDriver server (32-bit)
3.9.0.0
Listening on port 9870
Only local connections are allowed
Mar 08, 2018 2:30:07 PM org.openqa.selenium.remote.ProtocolHandshake createSession
INFO: Detected dialect: W3C
Mar 08, 2018 2:30:10 PM testCase.BANNERS_TC009_VerifyThatUserCanSearchABannerByUsingFilterDropdownLists login
INFO: -----------TC_JOOMLA_BANNERS_008-------------
Mar 08, 2018 2:30:10 PM testCase.BANNERS_TC009_VerifyThatUserCanSearchABannerByUsingFilterDropdownLists login
INFO: Step 1: Navigate to the URL: http://192.168.189.197:1081/joomla/administrator/
Mar 08, 2018 2:30:11 PM testCase.BANNERS_TC009_VerifyThatUserCanSearchABannerByUsingFilterDropdownLists login
INFO: Step 2 : Login with User Name and password
Mar 08, 2018 2:30:15 PM testCase.BANNERS_TC009_VerifyThatUserCanSearchABannerByUsingFilterDropdownLists login
INFO: Step 3: Click Login in button
Mar 08, 2018 2:30:18 PM testCase.BANNERS_TC009_VerifyThatUserCanSearchABannerByUsingFilterDropdownLists login
INFO: Step 4: Select Components -> Banners -> Clients
Mar 08, 2018 2:30:24 PM testCase.BANNERS_TC009_VerifyThatUserCanSearchABannerByUsingFilterDropdownLists login
INFO: Step 5: Click New button in the right top cornera
Mar 08, 2018 2:30:27 PM testCase.BANNERS_TC009_VerifyThatUserCanSearchABannerByUsingFilterDropdownLists login
INFO: Step 6: Enter valid Client Name to Client Name textbox
Mar 08, 2018 2:30:29 PM testCase.BANNERS_TC009_VerifyThatUserCanSearchABannerByUsingFilterDropdownLists login
INFO: Step 7: Enter valid Client Name to Client Name textbox
Mar 08, 2018 2:30:31 PM testCase.BANNERS_TC009_VerifyThatUserCanSearchABannerByUsingFilterDropdownLists login
INFO: Step 8: Enter valid Contact Email to Contact Email textbox
Mar 08, 2018 2:30:33 PM testCase.BANNERS_TC009_VerifyThatUserCanSearchABannerByUsingFilterDropdownLists login
INFO: Step 9: Click Save & Close button
Mar 08, 2018 2:30:37 PM testCase.BANNERS_TC009_VerifyThatUserCanSearchABannerByUsingFilterDropdownLists login
INFO: Step 10: A message : Client successfully saved shows and new client is created
Mar 08, 2018 2:30:51 PM testCase.BANNERS_TC009_VerifyThatUserCanSearchABannerByUsingFilterDropdownLists login
INFO: Step 11: Select Components -> Banners -> Categories
Mar 08, 2018 2:30:56 PM testCase.BANNERS_TC009_VerifyThatUserCanSearchABannerByUsingFilterDropdownLists login
INFO: Step 12: Click New button in the right top corner
Mar 08, 2018 2:31:00 PM testCase.BANNERS_TC009_VerifyThatUserCanSearchABannerByUsingFilterDropdownLists login
INFO: Step 13: Enter valid Category Name to Name textbox
Mar 08, 2018 2:31:02 PM testCase.BANNERS_TC009_VerifyThatUserCanSearchABannerByUsingFilterDropdownLists login
INFO: Step 14: Click Save & Close button
Mar 08, 2018 2:31:07 PM testCase.BANNERS_TC009_VerifyThatUserCanSearchABannerByUsingFilterDropdownLists login
INFO: Step 15: A message : Category successfully saved shows and new category is created
Mar 08, 2018 2:31:22 PM testCase.BANNERS_TC009_VerifyThatUserCanSearchABannerByUsingFilterDropdownLists login
INFO: Step 16: Select Components -> Banners -> Banners
Mar 08, 2018 2:31:27 PM testCase.BANNERS_TC009_VerifyThatUserCanSearchABannerByUsingFilterDropdownLists login
INFO: Step 17: Click New button in the right top corner
Mar 08, 2018 2:31:31 PM testCase.BANNERS_TC009_VerifyThatUserCanSearchABannerByUsingFilterDropdownLists login
INFO: Step 18: Enter valid Name to Name textbox
Mar 08, 2018 2:31:33 PM testCase.BANNERS_TC009_VerifyThatUserCanSearchABannerByUsingFilterDropdownLists login
INFO: Step 19: Select a Category in Category dropdown list
Mar 08, 2018 2:31:44 PM testCase.BANNERS_TC009_VerifyThatUserCanSearchABannerByUsingFilterDropdownLists login
INFO: Step 20: Select a Client in Client dropdown list
Mar 08, 2018 2:31:54 PM testCase.BANNERS_TC009_VerifyThatUserCanSearchABannerByUsingFilterDropdownLists login
INFO: Step 21: Click Save & Close button
Mar 08, 2018 2:31:58 PM testCase.BANNERS_TC009_VerifyThatUserCanSearchABannerByUsingFilterDropdownLists login
INFO: Step 22: A message : Banner successfully saved shows and new banner is created
Mar 08, 2018 2:32:13 PM testCase.BANNERS_TC009_VerifyThatUserCanSearchABannerByUsingFilterDropdownLists login
INFO: Step 23: Select Client that banner belong to in Client dropdown list
Mar 08, 2018 2:32:25 PM testCase.BANNERS_TC009_VerifyThatUserCanSearchABannerByUsingFilterDropdownLists login
INFO: Step 24: Select Category that banner belong to in Category dropdown list
Mar 08, 2018 2:32:35 PM testCase.BANNERS_TC009_VerifyThatUserCanSearchABannerByUsingFilterDropdownLists login
INFO: Step 25: Verify: Recently created banner displays
]]></system-err>
</testsuite>
