<?xml version="1.0" encoding="UTF-8"?>
<testsuite name="testCase.BANNERS_TC005_VerifyThatUserCanArchiveABanner" tests="1" skipped="0" failures="0" errors="0" timestamp="2018-03-08T07:21:09" hostname="LGDN15031" time="193.525">
  <properties/>
  <testcase name="login[0](http://192.168.188.150/joomla/administrator/, diempham, diempham, Client Test 1520493664715, Mr John, John@gmail.com, Category Test 1520493664715, Banner Test 1520493664715, Category Test 1520493664715)" classname="testCase.BANNERS_TC005_VerifyThatUserCanArchiveABanner" time="193.525"/>
  <system-out><![CDATA[]]></system-out>
  <system-err><![CDATA[Started InternetExplorerDriver server (32-bit)
3.9.0.0
Listening on port 35827
Only local connections are allowed
Mar 08, 2018 2:21:06 PM org.openqa.selenium.remote.ProtocolHandshake createSession
INFO: Detected dialect: W3C
Mar 08, 2018 2:21:09 PM testCase.BANNERS_TC005_VerifyThatUserCanArchiveABanner login
INFO: -----------TC_JOOMLA_BANNERS_005-------------
Mar 08, 2018 2:21:09 PM testCase.BANNERS_TC005_VerifyThatUserCanArchiveABanner login
INFO: Step 1: Navigate to the URL: http://192.168.189.197:1081/joomla/administrator/
Mar 08, 2018 2:21:11 PM testCase.BANNERS_TC005_VerifyThatUserCanArchiveABanner login
INFO: Step 2 : Login with User Name and password
Mar 08, 2018 2:21:15 PM testCase.BANNERS_TC005_VerifyThatUserCanArchiveABanner login
INFO: Step 3: Click Login in button
Mar 08, 2018 2:21:17 PM testCase.BANNERS_TC005_VerifyThatUserCanArchiveABanner login
INFO: Step 4: Select Components -> Banners -> Clients
Mar 08, 2018 2:21:26 PM testCase.BANNERS_TC005_VerifyThatUserCanArchiveABanner login
INFO: Step 5: Click New button in the right top cornera
Mar 08, 2018 2:21:32 PM testCase.BANNERS_TC005_VerifyThatUserCanArchiveABanner login
INFO: Step 6: Enter valid Client Name to Client Name textbox
Mar 08, 2018 2:21:34 PM testCase.BANNERS_TC005_VerifyThatUserCanArchiveABanner login
INFO: Step 7: Enter valid Client Name to Client Name textbox
Mar 08, 2018 2:21:36 PM testCase.BANNERS_TC005_VerifyThatUserCanArchiveABanner login
INFO: Step 8: Enter valid Contact Email to Contact Email textbox
Mar 08, 2018 2:21:38 PM testCase.BANNERS_TC005_VerifyThatUserCanArchiveABanner login
INFO: Step 9: Click Save & Close button
Mar 08, 2018 2:21:43 PM testCase.BANNERS_TC005_VerifyThatUserCanArchiveABanner login
INFO: Step 10: A message : Client successfully saved shows and new client is created
Mar 08, 2018 2:21:57 PM testCase.BANNERS_TC005_VerifyThatUserCanArchiveABanner login
INFO: Step 11: Select Components -> Banners -> Categories
Mar 08, 2018 2:22:08 PM testCase.BANNERS_TC005_VerifyThatUserCanArchiveABanner login
INFO: Step 12: Click New button in the right top corner
Mar 08, 2018 2:22:20 PM testCase.BANNERS_TC005_VerifyThatUserCanArchiveABanner login
INFO: Step 13: Enter valid Category Name to Name textbox
Mar 08, 2018 2:22:22 PM testCase.BANNERS_TC005_VerifyThatUserCanArchiveABanner login
INFO: Step 14: Click Save & Close button
Mar 08, 2018 2:22:33 PM testCase.BANNERS_TC005_VerifyThatUserCanArchiveABanner login
INFO: Step 15: A message : Category successfully saved shows and new category is created
Mar 08, 2018 2:22:49 PM testCase.BANNERS_TC005_VerifyThatUserCanArchiveABanner login
INFO: Step 16: Select Components -> Banners -> Banners
Mar 08, 2018 2:22:55 PM testCase.BANNERS_TC005_VerifyThatUserCanArchiveABanner login
INFO: Step 17: Click New button in the right top corner
Mar 08, 2018 2:23:00 PM testCase.BANNERS_TC005_VerifyThatUserCanArchiveABanner login
INFO: Step 18: Enter valid Name to Name textbox
Mar 08, 2018 2:23:02 PM testCase.BANNERS_TC005_VerifyThatUserCanArchiveABanner login
INFO: Step 19: Select a Category in Category dropdown list
Mar 08, 2018 2:23:12 PM testCase.BANNERS_TC005_VerifyThatUserCanArchiveABanner login
INFO: Step 20: Select a Client in Client dropdown list
Mar 08, 2018 2:23:22 PM testCase.BANNERS_TC005_VerifyThatUserCanArchiveABanner login
INFO: Step 21: Click Save & Close button
Mar 08, 2018 2:23:27 PM testCase.BANNERS_TC005_VerifyThatUserCanArchiveABanner login
INFO: Step 22: A message : Banner successfully saved shows and new banner is created
Mar 08, 2018 2:23:42 PM testCase.BANNERS_TC005_VerifyThatUserCanArchiveABanner login
INFO: Step 23: Check the banner recently created
Mar 08, 2018 2:23:49 PM testCase.BANNERS_TC005_VerifyThatUserCanArchiveABanner login
INFO: Step 24: Click Archive button in the right top corner
Mar 08, 2018 2:23:53 PM testCase.BANNERS_TC005_VerifyThatUserCanArchiveABanner login
INFO: Step 25: A message : 1 banner successfully archived shows
Mar 08, 2018 2:23:53 PM testCase.BANNERS_TC005_VerifyThatUserCanArchiveABanner login
INFO: Step 26: Select Archive in Status dropdown list
Mar 08, 2018 2:24:08 PM testCase.BANNERS_TC005_VerifyThatUserCanArchiveABanner login
INFO: Step 27: Verify banner is archived
]]></system-err>
</testsuite>
