<?xml version="1.0" encoding="UTF-8"?>
<testsuite name="testCase.ARTICLE_TC017_VerifyUserCanCreateANewArticleWithPublicAccessLevelProperty" tests="1" skipped="0" failures="0" errors="0" timestamp="2018-03-08T07:10:21" hostname="LGDN15031" time="69.064">
  <properties/>
  <testcase name="login[0](http://192.168.188.150/joomla/administrator/, diempham, diempham, Test Article 1520493015320, Sample Data-Articles, this is article content, Public)" classname="testCase.ARTICLE_TC017_VerifyUserCanCreateANewArticleWithPublicAccessLevelProperty" time="69.064"/>
  <system-out><![CDATA[]]></system-out>
  <system-err><![CDATA[Started InternetExplorerDriver server (32-bit)
3.9.0.0
Listening on port 22188
Only local connections are allowed
Mar 08, 2018 2:10:18 PM org.openqa.selenium.remote.ProtocolHandshake createSession
INFO: Detected dialect: W3C
Mar 08, 2018 2:10:21 PM testCase.ARTICLE_TC017_VerifyUserCanCreateANewArticleWithPublicAccessLevelProperty login
INFO: -----------TC_JOOMLA_ARTICLE_017-------------
Mar 08, 2018 2:10:21 PM testCase.ARTICLE_TC017_VerifyUserCanCreateANewArticleWithPublicAccessLevelProperty login
INFO: Step 1: Navigate to the URL: http://192.168.189.197:1081/joomla/administrator/
Mar 08, 2018 2:10:22 PM testCase.ARTICLE_TC017_VerifyUserCanCreateANewArticleWithPublicAccessLevelProperty login
INFO: Step 2 :Enter valid username into Username field
Mar 08, 2018 2:10:24 PM testCase.ARTICLE_TC017_VerifyUserCanCreateANewArticleWithPublicAccessLevelProperty login
INFO: Step 3: Enter valid password into Password field
Mar 08, 2018 2:10:26 PM testCase.ARTICLE_TC017_VerifyUserCanCreateANewArticleWithPublicAccessLevelProperty login
INFO: Step 4: Click on 'Log in' button
Mar 08, 2018 2:10:28 PM testCase.ARTICLE_TC017_VerifyUserCanCreateANewArticleWithPublicAccessLevelProperty login
INFO: Step 5: Select Content > Articles
Mar 08, 2018 2:10:42 PM testCase.ARTICLE_TC017_VerifyUserCanCreateANewArticleWithPublicAccessLevelProperty login
INFO: Step 6:Click on 'New' icon of the top right toolbar
Mar 08, 2018 2:10:44 PM testCase.ARTICLE_TC017_VerifyUserCanCreateANewArticleWithPublicAccessLevelProperty login
INFO: Step 7: Enter a title on 'Title' field
Mar 08, 2018 2:10:54 PM testCase.ARTICLE_TC017_VerifyUserCanCreateANewArticleWithPublicAccessLevelProperty login
INFO: Step 8: Select an item from the 'Category' dropdown list
Mar 08, 2018 2:10:59 PM testCase.ARTICLE_TC017_VerifyUserCanCreateANewArticleWithPublicAccessLevelProperty login
INFO: Step 9: Enter value on 'Article Text' text area
Mar 08, 2018 2:11:03 PM testCase.ARTICLE_TC017_VerifyUserCanCreateANewArticleWithPublicAccessLevelProperty login
INFO: Step 10: Select 'Public' item from the 'Access' dropdown list
Mar 08, 2018 2:11:08 PM testCase.ARTICLE_TC017_VerifyUserCanCreateANewArticleWithPublicAccessLevelProperty login
INFO: Step 11: Click on 'Save & Close' icon of the top right toolbar
Mar 08, 2018 2:11:15 PM testCase.ARTICLE_TC017_VerifyUserCanCreateANewArticleWithPublicAccessLevelProperty login
INFO: Step 12: Verify the article is saved successfully
]]></system-err>
</testsuite>
