<?xml version="1.0" encoding="UTF-8"?>
<testsuite name="testCase.BANNERS_TC016_VerifyThatUserCanSortItemsDisplayedInBannerTableByID" tests="1" skipped="0" failures="0" errors="0" timestamp="2018-03-08T07:47:14" hostname="LGDN15031" time="79.599">
  <properties/>
  <testcase name="login[0](http://192.168.188.150/joomla/administrator/, diempham, diempham)" classname="testCase.BANNERS_TC016_VerifyThatUserCanSortItemsDisplayedInBannerTableByID" time="79.599"/>
  <system-out><![CDATA[]]></system-out>
  <system-err><![CDATA[Started InternetExplorerDriver server (32-bit)
3.9.0.0
Listening on port 14870
Only local connections are allowed
Mar 08, 2018 2:47:11 PM org.openqa.selenium.remote.ProtocolHandshake createSession
INFO: Detected dialect: W3C
Mar 08, 2018 2:47:14 PM testCase.BANNERS_TC016_VerifyThatUserCanSortItemsDisplayedInBannerTableByID login
INFO: -----------TC_JOOMLA_BANNERS_016-------------
Mar 08, 2018 2:47:14 PM testCase.BANNERS_TC016_VerifyThatUserCanSortItemsDisplayedInBannerTableByID login
INFO: Step 1: Navigate to the URL: http://192.168.189.197:1081/joomla/administrator/
Mar 08, 2018 2:47:16 PM testCase.BANNERS_TC016_VerifyThatUserCanSortItemsDisplayedInBannerTableByID login
INFO: Step 2 : Login with User Name and password
Mar 08, 2018 2:47:20 PM testCase.BANNERS_TC016_VerifyThatUserCanSortItemsDisplayedInBannerTableByID login
INFO: Step 3: Click Login in button
Mar 08, 2018 2:47:23 PM testCase.BANNERS_TC016_VerifyThatUserCanSortItemsDisplayedInBannerTableByID login
INFO: Step 4: Select Components -> Banners -> Banners
Mar 08, 2018 2:47:28 PM testCase.BANNERS_TC016_VerifyThatUserCanSortItemsDisplayedInBannerTableByID login
INFO: Step 5: Click ID link in the top of table
Mar 08, 2018 2:47:32 PM testCase.BANNERS_TC016_VerifyThatUserCanSortItemsDisplayedInBannerTableByID login
INFO: Step 6: Verify items are sorted ascending by ID in banner table
Mar 08, 2018 2:48:01 PM testCase.BANNERS_TC016_VerifyThatUserCanSortItemsDisplayedInBannerTableByID login
INFO: Step 7: Click ID link in the top of table
Mar 08, 2018 2:48:07 PM testCase.BANNERS_TC016_VerifyThatUserCanSortItemsDisplayedInBannerTableByID login
INFO: Step 8: Verify items are sorted descending by ID in banner table
]]></system-err>
</testsuite>
