<?xml version="1.0" encoding="UTF-8"?>
<testsuite name="testCase.BANNERS_TC004_VerifyThatUserCanUnpublishABanner" tests="1" skipped="0" failures="0" errors="0" timestamp="2018-03-08T07:18:29" hostname="LGDN15031" time="155.088">
  <properties/>
  <testcase name="login[0](http://192.168.188.150/joomla/administrator/, diempham, diempham, Client Test 1520493504001, Mr John, John@gmail.com, Category Test 1520493504001, Banner Test 1520493504001, Category Test 1520493504001)" classname="testCase.BANNERS_TC004_VerifyThatUserCanUnpublishABanner" time="155.088"/>
  <system-out><![CDATA[]]></system-out>
  <system-err><![CDATA[Started InternetExplorerDriver server (32-bit)
3.9.0.0
Listening on port 33467
Only local connections are allowed
Mar 08, 2018 2:18:26 PM org.openqa.selenium.remote.ProtocolHandshake createSession
INFO: Detected dialect: W3C
Mar 08, 2018 2:18:29 PM testCase.BANNERS_TC004_VerifyThatUserCanUnpublishABanner login
INFO: -----------TC_JOOMLA_BANNERS_004-------------
Mar 08, 2018 2:18:29 PM testCase.BANNERS_TC004_VerifyThatUserCanUnpublishABanner login
INFO: Step 1: Navigate to the URL: http://192.168.189.197:1081/joomla/administrator/
Mar 08, 2018 2:18:29 PM testCase.BANNERS_TC004_VerifyThatUserCanUnpublishABanner login
INFO: Step 2 : Login with User Name and password
Mar 08, 2018 2:18:33 PM testCase.BANNERS_TC004_VerifyThatUserCanUnpublishABanner login
INFO: Step 3: Click Login in button
Mar 08, 2018 2:18:35 PM testCase.BANNERS_TC004_VerifyThatUserCanUnpublishABanner login
INFO: Step 4: Select Components -> Banners -> Clients
Mar 08, 2018 2:18:41 PM testCase.BANNERS_TC004_VerifyThatUserCanUnpublishABanner login
INFO: Step 5: Click New button in the right top cornera
Mar 08, 2018 2:18:45 PM testCase.BANNERS_TC004_VerifyThatUserCanUnpublishABanner login
INFO: Step 6: Enter valid Client Name to Client Name textbox
Mar 08, 2018 2:18:47 PM testCase.BANNERS_TC004_VerifyThatUserCanUnpublishABanner login
INFO: Step 7: Enter valid Client Name to Client Name textbox
Mar 08, 2018 2:18:48 PM testCase.BANNERS_TC004_VerifyThatUserCanUnpublishABanner login
INFO: Step 8: Enter valid Contact Email to Contact Email textbox
Mar 08, 2018 2:18:50 PM testCase.BANNERS_TC004_VerifyThatUserCanUnpublishABanner login
INFO: Step 9: Click Save & Close button
Mar 08, 2018 2:18:55 PM testCase.BANNERS_TC004_VerifyThatUserCanUnpublishABanner login
INFO: Step 10: A message : Client successfully saved shows and new client is created
Mar 08, 2018 2:19:09 PM testCase.BANNERS_TC004_VerifyThatUserCanUnpublishABanner login
INFO: Step 11: Select Components -> Banners -> Categories
Mar 08, 2018 2:19:15 PM testCase.BANNERS_TC004_VerifyThatUserCanUnpublishABanner login
INFO: Step 12: Click New button in the right top corner
Mar 08, 2018 2:19:19 PM testCase.BANNERS_TC004_VerifyThatUserCanUnpublishABanner login
INFO: Step 13: Enter valid Category Name to Name textbox
Mar 08, 2018 2:19:21 PM testCase.BANNERS_TC004_VerifyThatUserCanUnpublishABanner login
INFO: Step 14: Click Save & Close button
Mar 08, 2018 2:19:27 PM testCase.BANNERS_TC004_VerifyThatUserCanUnpublishABanner login
INFO: Step 15: A message : Category successfully saved shows and new category is created
Mar 08, 2018 2:19:45 PM testCase.BANNERS_TC004_VerifyThatUserCanUnpublishABanner login
INFO: Step 16: Select Components -> Banners -> Banners
Mar 08, 2018 2:19:51 PM testCase.BANNERS_TC004_VerifyThatUserCanUnpublishABanner login
INFO: Step 17: Click New button in the right top corner
Mar 08, 2018 2:19:56 PM testCase.BANNERS_TC004_VerifyThatUserCanUnpublishABanner login
INFO: Step 18: Enter valid Name to Name textbox
Mar 08, 2018 2:19:58 PM testCase.BANNERS_TC004_VerifyThatUserCanUnpublishABanner login
INFO: Step 19: Select a Category in Category dropdown list
Mar 08, 2018 2:20:08 PM testCase.BANNERS_TC004_VerifyThatUserCanUnpublishABanner login
INFO: Step 20: Select a Client in Client dropdown list
Mar 08, 2018 2:20:19 PM testCase.BANNERS_TC004_VerifyThatUserCanUnpublishABanner login
INFO: Step 21: Click Save & Close button
Mar 08, 2018 2:20:24 PM testCase.BANNERS_TC004_VerifyThatUserCanUnpublishABanner login
INFO: Step 22: A message : Banner successfully saved shows and new banner is created
Mar 08, 2018 2:20:39 PM testCase.BANNERS_TC004_VerifyThatUserCanUnpublishABanner login
INFO: Step 23: Check the banner recently created
Mar 08, 2018 2:20:46 PM testCase.BANNERS_TC004_VerifyThatUserCanUnpublishABanner login
INFO: Step 24: Click Unpublish button in the right top corner
Mar 08, 2018 2:20:55 PM testCase.BANNERS_TC004_VerifyThatUserCanUnpublishABanner login
INFO: Step 25: A message : 1 banner successfully unpublished shows and banner is unpublished
]]></system-err>
</testsuite>
