<?xml version="1.0" encoding="UTF-8"?>
<testsuite name="testCase.ARTICLE_TC007_VerifyUserCanMoveAnArticleToTrashSection" tests="1" skipped="0" failures="0" errors="0" timestamp="2018-03-08T06:48:10" hostname="LGDN15031" time="85.147">
  <properties/>
  <testcase name="login[0](http://192.168.188.150/joomla/administrator/, diempham, diempham, Test Article 1520491685395, Sample Data-Articles, Published, this is article content)" classname="testCase.ARTICLE_TC007_VerifyUserCanMoveAnArticleToTrashSection" time="85.147"/>
  <system-out><![CDATA[]]></system-out>
  <system-err><![CDATA[Started InternetExplorerDriver server (32-bit)
3.9.0.0
Listening on port 12208
Only local connections are allowed
Mar 08, 2018 1:48:07 PM org.openqa.selenium.remote.ProtocolHandshake createSession
INFO: Detected dialect: W3C
Mar 08, 2018 1:48:10 PM testCase.ARTICLE_TC007_VerifyUserCanMoveAnArticleToTrashSection login
INFO: -----------TC_JOOMLA_ARTICLE_007-------------
Mar 08, 2018 1:48:10 PM testCase.ARTICLE_TC007_VerifyUserCanMoveAnArticleToTrashSection login
INFO: Step 1: Navigate to the URL: http://192.168.189.197:1081/joomla/administrator/
Mar 08, 2018 1:48:11 PM testCase.ARTICLE_TC007_VerifyUserCanMoveAnArticleToTrashSection login
INFO: Step 2 :Enter valid username into Username field
Mar 08, 2018 1:48:13 PM testCase.ARTICLE_TC007_VerifyUserCanMoveAnArticleToTrashSection login
INFO: Step 3: Enter valid password into Password field
Mar 08, 2018 1:48:15 PM testCase.ARTICLE_TC007_VerifyUserCanMoveAnArticleToTrashSection login
INFO: Step 4: Click on 'Log in' button
Mar 08, 2018 1:48:17 PM testCase.ARTICLE_TC007_VerifyUserCanMoveAnArticleToTrashSection login
INFO: Step 5: Select Content > Articles
Mar 08, 2018 1:48:25 PM testCase.ARTICLE_TC007_VerifyUserCanMoveAnArticleToTrashSection login
INFO: Step 6:Click on 'New' icon of the top right toolbar
Mar 08, 2018 1:48:29 PM testCase.ARTICLE_TC007_VerifyUserCanMoveAnArticleToTrashSection login
INFO: Step 7: Enter a title on 'Title' field
Mar 08, 2018 1:48:31 PM testCase.ARTICLE_TC007_VerifyUserCanMoveAnArticleToTrashSection login
INFO: Step 8: Select an item from the 'Category' dropdown list
Mar 08, 2018 1:48:36 PM testCase.ARTICLE_TC007_VerifyUserCanMoveAnArticleToTrashSection login
INFO: Step 9: Select 'Published' item from 'Status' dropdown list
Mar 08, 2018 1:48:40 PM testCase.ARTICLE_TC007_VerifyUserCanMoveAnArticleToTrashSection login
INFO: Step 10: Enter value on 'Article Text' text area
Mar 08, 2018 1:48:45 PM testCase.ARTICLE_TC007_VerifyUserCanMoveAnArticleToTrashSection login
INFO: Step 11: Click on 'Save & Close' icon of the top right toolbar
Mar 08, 2018 1:48:50 PM testCase.ARTICLE_TC007_VerifyUserCanMoveAnArticleToTrashSection login
INFO: Step 12: Verify the article is saved successfully
Mar 08, 2018 1:49:05 PM testCase.ARTICLE_TC007_VerifyUserCanMoveAnArticleToTrashSection login
INFO: Step 13: Check on the recently added article's checkbox
Mar 08, 2018 1:49:12 PM testCase.ARTICLE_TC007_VerifyUserCanMoveAnArticleToTrashSection login
INFO: Step 14: Click on 'Trash' icon of the top right toolbar
Mar 08, 2018 1:49:17 PM testCase.ARTICLE_TC007_VerifyUserCanMoveAnArticleToTrashSection login
INFO: Step 15: Verify the confirm message is displayed
Mar 08, 2018 1:49:17 PM testCase.ARTICLE_TC007_VerifyUserCanMoveAnArticleToTrashSection login
INFO: Step 16: Select 'Trash' item of 'Status' dropdown list
Mar 08, 2018 1:49:26 PM testCase.ARTICLE_TC007_VerifyUserCanMoveAnArticleToTrashSection login
INFO: Step 17: Verify the deleted article is displayed on the table grid
]]></system-err>
</testsuite>
