<?xml version="1.0" encoding="UTF-8"?>
<testsuite name="testCase.ARTICLE_TC003_VerifyUserCanPublishAnUnpublishedArticle" tests="1" skipped="0" failures="0" errors="0" timestamp="2018-03-08T06:42:22" hostname="LGDN15031" time="77.796">
  <properties/>
  <testcase name="login[0](http://192.168.188.150/joomla/administrator/, diempham, diempham, Test Article 1520491337288, Sample Data-Articles, Unpublished, this is article content)" classname="testCase.ARTICLE_TC003_VerifyUserCanPublishAnUnpublishedArticle" time="77.796"/>
  <system-out><![CDATA[]]></system-out>
  <system-err><![CDATA[Started InternetExplorerDriver server (32-bit)
3.9.0.0
Listening on port 18140
Only local connections are allowed
Mar 08, 2018 1:42:19 PM org.openqa.selenium.remote.ProtocolHandshake createSession
INFO: Detected dialect: W3C
Mar 08, 2018 1:42:22 PM testCase.ARTICLE_TC003_VerifyUserCanPublishAnUnpublishedArticle login
INFO: -----------TC_JOOMLA_ARTICLE_003-------------
Mar 08, 2018 1:42:22 PM testCase.ARTICLE_TC003_VerifyUserCanPublishAnUnpublishedArticle login
INFO: Step 1: Navigate to the URL: http://192.168.189.197:1081/joomla/administrator/
Mar 08, 2018 1:42:23 PM testCase.ARTICLE_TC003_VerifyUserCanPublishAnUnpublishedArticle login
INFO: Step 2 :Enter valid username into Username field
Mar 08, 2018 1:42:24 PM testCase.ARTICLE_TC003_VerifyUserCanPublishAnUnpublishedArticle login
INFO: Step 3: Enter valid password into Password field
Mar 08, 2018 1:42:26 PM testCase.ARTICLE_TC003_VerifyUserCanPublishAnUnpublishedArticle login
INFO: Step 4: Click on 'Log in' button
Mar 08, 2018 1:42:29 PM testCase.ARTICLE_TC003_VerifyUserCanPublishAnUnpublishedArticle login
INFO: Step 5: Select Content > Articles
Mar 08, 2018 1:42:35 PM testCase.ARTICLE_TC003_VerifyUserCanPublishAnUnpublishedArticle login
INFO: Step 6:Click on 'New' icon of the top right toolbar
Mar 08, 2018 1:42:40 PM testCase.ARTICLE_TC003_VerifyUserCanPublishAnUnpublishedArticle login
INFO: Step 7: Enter a title on 'Title' field
Mar 08, 2018 1:42:42 PM testCase.ARTICLE_TC003_VerifyUserCanPublishAnUnpublishedArticle login
INFO: Step 8: Select an item from the 'Category' dropdown list
Mar 08, 2018 1:42:46 PM testCase.ARTICLE_TC003_VerifyUserCanPublishAnUnpublishedArticle login
INFO: Step 9: Select 'Unpublished' item from 'Status' dropdown list
Mar 08, 2018 1:42:51 PM testCase.ARTICLE_TC003_VerifyUserCanPublishAnUnpublishedArticle login
INFO: Step 10: Enter value on 'Article Text' text area
Mar 08, 2018 1:42:56 PM testCase.ARTICLE_TC003_VerifyUserCanPublishAnUnpublishedArticle login
INFO: Step 11: Click on 'Save & Close' icon of the top right toolbar
Mar 08, 2018 1:43:01 PM testCase.ARTICLE_TC003_VerifyUserCanPublishAnUnpublishedArticle login
INFO: Step 12: Verify the article is saved successfully
Mar 08, 2018 1:43:16 PM testCase.ARTICLE_TC003_VerifyUserCanPublishAnUnpublishedArticle login
INFO: Step 13: Check on the recently added article's checkbox
Mar 08, 2018 1:43:22 PM testCase.ARTICLE_TC003_VerifyUserCanPublishAnUnpublishedArticle login
INFO: Step 14: Click on 'Publish' icon of the top right toolbar
Mar 08, 2018 1:43:27 PM testCase.ARTICLE_TC003_VerifyUserCanPublishAnUnpublishedArticle login
INFO: Step 15: Verify the article is published successfully
]]></system-err>
</testsuite>
