<?xml version="1.0" encoding="UTF-8"?>
<testsuite name="testCase.BANNERS_TC003_VerifyThatUserCanCreateANewBannerWithUnpublishedStatus" tests="1" skipped="0" failures="0" errors="0" timestamp="2018-03-08T07:16:02" hostname="LGDN15031" time="141.361">
  <properties/>
  <testcase name="login[0](http://192.168.188.150/joomla/administrator/, diempham, diempham, Client Test 1520493357068, Mr John, John@gmail.com, Category Test 1520493357068, Banner Test 1520493357068, Category Test 1520493357068, Unpublished)" classname="testCase.BANNERS_TC003_VerifyThatUserCanCreateANewBannerWithUnpublishedStatus" time="141.361"/>
  <system-out><![CDATA[]]></system-out>
  <system-err><![CDATA[Started InternetExplorerDriver server (32-bit)
3.9.0.0
Listening on port 30967
Only local connections are allowed
Mar 08, 2018 2:15:59 PM org.openqa.selenium.remote.ProtocolHandshake createSession
INFO: Detected dialect: W3C
Mar 08, 2018 2:16:02 PM testCase.BANNERS_TC003_VerifyThatUserCanCreateANewBannerWithUnpublishedStatus login
INFO: -----------TC_JOOMLA_BANNERS_BANNERS_002-------------
Mar 08, 2018 2:16:02 PM testCase.BANNERS_TC003_VerifyThatUserCanCreateANewBannerWithUnpublishedStatus login
INFO: Step 1: Navigate to the URL: http://192.168.189.197:1081/joomla/administrator/
Mar 08, 2018 2:16:02 PM testCase.BANNERS_TC003_VerifyThatUserCanCreateANewBannerWithUnpublishedStatus login
INFO: Step 2 : Login with User Name and password
Mar 08, 2018 2:16:06 PM testCase.BANNERS_TC003_VerifyThatUserCanCreateANewBannerWithUnpublishedStatus login
INFO: Step 3: Click Login in button
Mar 08, 2018 2:16:08 PM testCase.BANNERS_TC003_VerifyThatUserCanCreateANewBannerWithUnpublishedStatus login
INFO: Step 4: Select Components -> Banners -> Clients
Mar 08, 2018 2:16:14 PM testCase.BANNERS_TC003_VerifyThatUserCanCreateANewBannerWithUnpublishedStatus login
INFO: Step 5: Click New button in the right top cornera
Mar 08, 2018 2:16:17 PM testCase.BANNERS_TC003_VerifyThatUserCanCreateANewBannerWithUnpublishedStatus login
INFO: Step 6: Enter valid Client Name to Client Name textbox
Mar 08, 2018 2:16:19 PM testCase.BANNERS_TC003_VerifyThatUserCanCreateANewBannerWithUnpublishedStatus login
INFO: Step 7: Enter valid Client Name to Client Name textbox
Mar 08, 2018 2:16:21 PM testCase.BANNERS_TC003_VerifyThatUserCanCreateANewBannerWithUnpublishedStatus login
INFO: Step 8: Enter valid Contact Email to Contact Email textbox
Mar 08, 2018 2:16:23 PM testCase.BANNERS_TC003_VerifyThatUserCanCreateANewBannerWithUnpublishedStatus login
INFO: Step 9: Click Save & Close button
Mar 08, 2018 2:16:26 PM testCase.BANNERS_TC003_VerifyThatUserCanCreateANewBannerWithUnpublishedStatus login
INFO: Step 10: A message : Client successfully saved shows and new client is created
Mar 08, 2018 2:16:40 PM testCase.BANNERS_TC003_VerifyThatUserCanCreateANewBannerWithUnpublishedStatus login
INFO: Step 11: Select Components -> Banners -> Categories
Mar 08, 2018 2:16:46 PM testCase.BANNERS_TC003_VerifyThatUserCanCreateANewBannerWithUnpublishedStatus login
INFO: Step 12: Click New button in the right top corner
Mar 08, 2018 2:16:51 PM testCase.BANNERS_TC003_VerifyThatUserCanCreateANewBannerWithUnpublishedStatus login
INFO: Step 13: Enter valid Category Name to Name textbox
Mar 08, 2018 2:16:53 PM testCase.BANNERS_TC003_VerifyThatUserCanCreateANewBannerWithUnpublishedStatus login
INFO: Step 14: Click Save & Close button
Mar 08, 2018 2:16:58 PM testCase.BANNERS_TC003_VerifyThatUserCanCreateANewBannerWithUnpublishedStatus login
INFO: Step 15: A message : Category successfully saved shows and new category is created
Mar 08, 2018 2:17:13 PM testCase.BANNERS_TC003_VerifyThatUserCanCreateANewBannerWithUnpublishedStatus login
INFO: Step 16: Select Components -> Banners -> Banners
Mar 08, 2018 2:17:19 PM testCase.BANNERS_TC003_VerifyThatUserCanCreateANewBannerWithUnpublishedStatus login
INFO: Step 17: Click New button in the right top corner
Mar 08, 2018 2:17:23 PM testCase.BANNERS_TC003_VerifyThatUserCanCreateANewBannerWithUnpublishedStatus login
INFO: Step 18: Enter valid Name to Name textbox
Mar 08, 2018 2:17:25 PM testCase.BANNERS_TC003_VerifyThatUserCanCreateANewBannerWithUnpublishedStatus login
INFO: Step 19: Select a Category in Category dropdown list
Mar 08, 2018 2:17:36 PM testCase.BANNERS_TC003_VerifyThatUserCanCreateANewBannerWithUnpublishedStatus login
INFO: Step 20: Select a Client in Client dropdown list
Mar 08, 2018 2:17:46 PM testCase.BANNERS_TC003_VerifyThatUserCanCreateANewBannerWithUnpublishedStatus login
INFO: Step 21: Select Unpublished in Status dropdown list
Mar 08, 2018 2:17:53 PM testCase.BANNERS_TC003_VerifyThatUserCanCreateANewBannerWithUnpublishedStatus login
INFO: Step 22: Click Save & Close button
Mar 08, 2018 2:17:58 PM testCase.BANNERS_TC003_VerifyThatUserCanCreateANewBannerWithUnpublishedStatus login
INFO: Step 23: A message : Banner successfully saved shows and new banner is created
]]></system-err>
</testsuite>
