<?xml version="1.0" encoding="UTF-8"?>
<testsuite name="testCase.ARTICLE_TC001_VerifyUserCanCreateNewArticleWithValidInformation" tests="1" skipped="0" failures="0" errors="0" timestamp="2018-03-08T06:39:30" hostname="LGDN15031" time="57.407">
  <properties/>
  <testcase name="login[0](http://192.168.188.150/joomla/administrator/, diempham, diempham, Test Article 1520491162221, Sample Data-Articles, this is article content)" classname="testCase.ARTICLE_TC001_VerifyUserCanCreateNewArticleWithValidInformation" time="57.407"/>
  <system-out><![CDATA[]]></system-out>
  <system-err><![CDATA[Started InternetExplorerDriver server (32-bit)
3.9.0.0
Listening on port 34644
Only local connections are allowed
Mar 08, 2018 1:39:27 PM org.openqa.selenium.remote.ProtocolHandshake createSession
INFO: Detected dialect: W3C
Mar 08, 2018 1:39:30 PM testCase.ARTICLE_TC001_VerifyUserCanCreateNewArticleWithValidInformation login
INFO: -----------TC_JOOMLA_ARTICLE_001-------------
Mar 08, 2018 1:39:30 PM testCase.ARTICLE_TC001_VerifyUserCanCreateNewArticleWithValidInformation login
INFO: Step 1: Navigate to the URL: http://192.168.189.197:1081/joomla/administrator/
Mar 08, 2018 1:39:31 PM testCase.ARTICLE_TC001_VerifyUserCanCreateNewArticleWithValidInformation login
INFO: Step 2 :Enter valid username into Username field
Mar 08, 2018 1:39:33 PM testCase.ARTICLE_TC001_VerifyUserCanCreateNewArticleWithValidInformation login
INFO: Step 3: Enter valid password into Password field
Mar 08, 2018 1:39:35 PM testCase.ARTICLE_TC001_VerifyUserCanCreateNewArticleWithValidInformation login
INFO: Step 4: Click on 'Log in' button
Mar 08, 2018 1:39:39 PM testCase.ARTICLE_TC001_VerifyUserCanCreateNewArticleWithValidInformation login
INFO: Step 5: Select Content > Articles
Mar 08, 2018 1:39:46 PM testCase.ARTICLE_TC001_VerifyUserCanCreateNewArticleWithValidInformation login
INFO: Step 6:Click on 'New' icon of the top right toolbar
Mar 08, 2018 1:39:51 PM testCase.ARTICLE_TC001_VerifyUserCanCreateNewArticleWithValidInformation login
INFO: Step 7: Enter a title on 'Title' field
Mar 08, 2018 1:39:53 PM testCase.ARTICLE_TC001_VerifyUserCanCreateNewArticleWithValidInformation login
INFO: Step 8: Select an item from the 'Category' dropdown list
Mar 08, 2018 1:39:58 PM testCase.ARTICLE_TC001_VerifyUserCanCreateNewArticleWithValidInformation login
INFO: Step 9: Enter value on 'Article Text' text area
Mar 08, 2018 1:40:03 PM testCase.ARTICLE_TC001_VerifyUserCanCreateNewArticleWithValidInformation login
INFO: Step 10: Click on 'Save & Close' icon of the top right toolbar
Mar 08, 2018 1:40:05 PM testCase.ARTICLE_TC001_VerifyUserCanCreateNewArticleWithValidInformation login
INFO: Step 11: Verify the article is saved successfully
]]></system-err>
</testsuite>
