<?xml version="1.0" encoding="UTF-8"?>
<testsuite name="testCase.ARTICLE_TC004_VerifyUserCanUnpublishAPublishedArticle" tests="1" skipped="0" failures="0" errors="0" timestamp="2018-03-08T06:43:45" hostname="LGDN15031" time="79.597">
  <properties/>
  <testcase name="login[0](http://192.168.188.150/joomla/administrator/, diempham, diempham, Test Article 1520491420924, Sample Data-Articles, Published, this is article content)" classname="testCase.ARTICLE_TC004_VerifyUserCanUnpublishAPublishedArticle" time="79.597"/>
  <system-out><![CDATA[]]></system-out>
  <system-err><![CDATA[Started InternetExplorerDriver server (32-bit)
3.9.0.0
Listening on port 30115
Only local connections are allowed
Mar 08, 2018 1:43:42 PM org.openqa.selenium.remote.ProtocolHandshake createSession
INFO: Detected dialect: W3C
Mar 08, 2018 1:43:45 PM testCase.ARTICLE_TC004_VerifyUserCanUnpublishAPublishedArticle login
INFO: -----------TC_JOOMLA_ARTICLE_004-------------
Mar 08, 2018 1:43:45 PM testCase.ARTICLE_TC004_VerifyUserCanUnpublishAPublishedArticle login
INFO: Step 1: Navigate to the URL: http://192.168.189.197:1081/joomla/administrator/
Mar 08, 2018 1:43:46 PM testCase.ARTICLE_TC004_VerifyUserCanUnpublishAPublishedArticle login
INFO: Step 2 :Enter valid username into Username field
Mar 08, 2018 1:43:48 PM testCase.ARTICLE_TC004_VerifyUserCanUnpublishAPublishedArticle login
INFO: Step 3: Enter valid password into Password field
Mar 08, 2018 1:43:50 PM testCase.ARTICLE_TC004_VerifyUserCanUnpublishAPublishedArticle login
INFO: Step 4: Click on 'Log in' button
Mar 08, 2018 1:43:52 PM testCase.ARTICLE_TC004_VerifyUserCanUnpublishAPublishedArticle login
INFO: Step 5: Select Content > Articles
Mar 08, 2018 1:43:59 PM testCase.ARTICLE_TC004_VerifyUserCanUnpublishAPublishedArticle login
INFO: Step 6:Click on 'New' icon of the top right toolbar
Mar 08, 2018 1:44:04 PM testCase.ARTICLE_TC004_VerifyUserCanUnpublishAPublishedArticle login
INFO: Step 7: Enter a title on 'Title' field
Mar 08, 2018 1:44:06 PM testCase.ARTICLE_TC004_VerifyUserCanUnpublishAPublishedArticle login
INFO: Step 8: Select an item from the 'Category' dropdown list
Mar 08, 2018 1:44:11 PM testCase.ARTICLE_TC004_VerifyUserCanUnpublishAPublishedArticle login
INFO: Step 9: Select 'Published' item from 'Status' dropdown list
Mar 08, 2018 1:44:15 PM testCase.ARTICLE_TC004_VerifyUserCanUnpublishAPublishedArticle login
INFO: Step 10: Enter value on 'Article Text' text area
Mar 08, 2018 1:44:20 PM testCase.ARTICLE_TC004_VerifyUserCanUnpublishAPublishedArticle login
INFO: Step 11: Click on 'Save & Close' icon of the top right toolbar
Mar 08, 2018 1:44:25 PM testCase.ARTICLE_TC004_VerifyUserCanUnpublishAPublishedArticle login
INFO: Step 12: Verify the article is saved successfully
Mar 08, 2018 1:44:40 PM testCase.ARTICLE_TC004_VerifyUserCanUnpublishAPublishedArticle login
INFO: Step 13: Check on the recently added article's checkbox
Mar 08, 2018 1:44:47 PM testCase.ARTICLE_TC004_VerifyUserCanUnpublishAPublishedArticle login
INFO: Step 14: Click on 'Unpublish' icon of the top right toolbar
Mar 08, 2018 1:44:51 PM testCase.ARTICLE_TC004_VerifyUserCanUnpublishAPublishedArticle login
INFO: Step 15: Verify the article is unpublished successfully
]]></system-err>
</testsuite>
