<?xml version="1.0" encoding="UTF-8"?>
<testsuite name="testCase.BANNERS_TC002_VerifyThatUserCanEditABanner" tests="1" skipped="0" failures="0" errors="0" timestamp="2018-03-08T07:13:47" hostname="LGDN15031" time="129.218">
  <properties/>
  <testcase name="login[0](http://192.168.188.150/joomla/administrator/, diempham, diempham, Client Test 1520493222202, Mr John, John@gmail.com, Category Test 1520493222202, Banner Test 1520493222202, Category Test 1520493222202, Banner Test 1520493222202 Edited)" classname="testCase.BANNERS_TC002_VerifyThatUserCanEditABanner" time="129.218"/>
  <system-out><![CDATA[]]></system-out>
  <system-err><![CDATA[Started InternetExplorerDriver server (32-bit)
3.9.0.0
Listening on port 48873
Only local connections are allowed
Mar 08, 2018 2:13:44 PM org.openqa.selenium.remote.ProtocolHandshake createSession
INFO: Detected dialect: W3C
Mar 08, 2018 2:13:47 PM testCase.BANNERS_TC002_VerifyThatUserCanEditABanner login
INFO: -----------TC_JOOMLA_BANNERS_002-------------
Mar 08, 2018 2:13:47 PM testCase.BANNERS_TC002_VerifyThatUserCanEditABanner login
INFO: Step 1: Navigate to the URL: http://192.168.189.197:1081/joomla/administrator/
Mar 08, 2018 2:13:47 PM testCase.BANNERS_TC002_VerifyThatUserCanEditABanner login
INFO: Step 2 : Login with User Name and password
Mar 08, 2018 2:13:51 PM testCase.BANNERS_TC002_VerifyThatUserCanEditABanner login
INFO: Step 3: Click Login in button
Mar 08, 2018 2:13:54 PM testCase.BANNERS_TC002_VerifyThatUserCanEditABanner login
INFO: Step 4: Select Components -> Banners -> Clients
Mar 08, 2018 2:13:59 PM testCase.BANNERS_TC002_VerifyThatUserCanEditABanner login
INFO: Step 5: Click New button in the right top cornera
Mar 08, 2018 2:14:02 PM testCase.BANNERS_TC002_VerifyThatUserCanEditABanner login
INFO: Step 6: Enter valid Client Name to Client Name textbox
Mar 08, 2018 2:14:04 PM testCase.BANNERS_TC002_VerifyThatUserCanEditABanner login
INFO: Step 7: Enter valid Client Name to Client Name textbox
Mar 08, 2018 2:14:06 PM testCase.BANNERS_TC002_VerifyThatUserCanEditABanner login
INFO: Step 8: Enter valid Contact Email to Contact Email textbox
Mar 08, 2018 2:14:08 PM testCase.BANNERS_TC002_VerifyThatUserCanEditABanner login
INFO: Step 9: Click Save & Close button
Mar 08, 2018 2:14:12 PM testCase.BANNERS_TC002_VerifyThatUserCanEditABanner login
INFO: Step 10: A message : Client successfully saved shows and new client is created
Mar 08, 2018 2:14:26 PM testCase.BANNERS_TC002_VerifyThatUserCanEditABanner login
INFO: Step 11: Select Components -> Banners -> Categories
Mar 08, 2018 2:14:32 PM testCase.BANNERS_TC002_VerifyThatUserCanEditABanner login
INFO: Step 12: Click New button in the right top corner
Mar 08, 2018 2:14:35 PM testCase.BANNERS_TC002_VerifyThatUserCanEditABanner login
INFO: Step 13: Enter valid Category Name to Name textbox
Mar 08, 2018 2:14:38 PM testCase.BANNERS_TC002_VerifyThatUserCanEditABanner login
INFO: Step 14: Click Save & Close button
Mar 08, 2018 2:14:42 PM testCase.BANNERS_TC002_VerifyThatUserCanEditABanner login
INFO: Step 15: A message : Category successfully saved shows and new category is created
Mar 08, 2018 2:14:58 PM testCase.BANNERS_TC002_VerifyThatUserCanEditABanner login
INFO: Step 16: Select Components -> Banners -> Banners
Mar 08, 2018 2:15:04 PM testCase.BANNERS_TC002_VerifyThatUserCanEditABanner login
INFO: Step 17: Click New button in the right top corner
Mar 08, 2018 2:15:08 PM testCase.BANNERS_TC002_VerifyThatUserCanEditABanner login
INFO: Step 18: Enter valid Name to Name textbox
Mar 08, 2018 2:15:10 PM testCase.BANNERS_TC002_VerifyThatUserCanEditABanner login
INFO: Step 19: Select a Category in Category dropdown list
Mar 08, 2018 2:15:20 PM testCase.BANNERS_TC002_VerifyThatUserCanEditABanner login
INFO: Step 20: Select a Client in Client dropdown list
Mar 08, 2018 2:15:31 PM testCase.BANNERS_TC002_VerifyThatUserCanEditABanner login
INFO: Step 21: Click Save button
Mar 08, 2018 2:15:35 PM testCase.BANNERS_TC002_VerifyThatUserCanEditABanner login
INFO: Step 22: A message : Banner successfully saved shows and Edit Banner page displays
Mar 08, 2018 2:15:35 PM testCase.BANNERS_TC002_VerifyThatUserCanEditABanner login
INFO: Step 23: Enter valid Banner name to Name textbox
Mar 08, 2018 2:15:37 PM testCase.BANNERS_TC002_VerifyThatUserCanEditABanner login
INFO: Step 24: Click Save & Close button
Mar 08, 2018 2:15:42 PM testCase.BANNERS_TC002_VerifyThatUserCanEditABanner login
INFO: Step 25: Verify that user can edit a banner
]]></system-err>
</testsuite>
