<?xml version="1.0" encoding="UTF-8"?>
<testsuite name="testCase.ARTICLE_TC008_VerifyUserCanAccessArticlesHelpSection" tests="1" skipped="0" failures="0" errors="0" timestamp="2018-03-08T06:49:41" hostname="LGDN15031" time="21.078">
  <properties/>
  <testcase name="login[0](http://192.168.188.150/joomla/administrator/, diempham, diempham)" classname="testCase.ARTICLE_TC008_VerifyUserCanAccessArticlesHelpSection" time="21.078"/>
  <system-out><![CDATA[]]></system-out>
  <system-err><![CDATA[Started InternetExplorerDriver server (32-bit)
3.9.0.0
Listening on port 46891
Only local connections are allowed
Mar 08, 2018 1:49:38 PM org.openqa.selenium.remote.ProtocolHandshake createSession
INFO: Detected dialect: W3C
Mar 08, 2018 1:49:41 PM testCase.ARTICLE_TC008_VerifyUserCanAccessArticlesHelpSection login
INFO: -----------TC_JOOMLA_ARTICLE_008-------------
Mar 08, 2018 1:49:41 PM testCase.ARTICLE_TC008_VerifyUserCanAccessArticlesHelpSection login
INFO: Step 1: Navigate to the URL: http://192.168.189.197:1081/joomla/administrator/
Mar 08, 2018 1:49:41 PM testCase.ARTICLE_TC008_VerifyUserCanAccessArticlesHelpSection login
INFO: Step 2 :Enter valid username into Username field
Mar 08, 2018 1:49:43 PM testCase.ARTICLE_TC008_VerifyUserCanAccessArticlesHelpSection login
INFO: Step 3: Enter valid password into Password field
Mar 08, 2018 1:49:45 PM testCase.ARTICLE_TC008_VerifyUserCanAccessArticlesHelpSection login
INFO: Step 4: Click on 'Log in' button
Mar 08, 2018 1:49:47 PM testCase.ARTICLE_TC008_VerifyUserCanAccessArticlesHelpSection login
INFO: Step 5: Select Content > Articles
Mar 08, 2018 1:49:56 PM testCase.ARTICLE_TC008_VerifyUserCanAccessArticlesHelpSection login
INFO: Step 6: Click on 'Help' icon of the top right toolbar
Mar 08, 2018 1:49:58 PM testCase.ARTICLE_TC008_VerifyUserCanAccessArticlesHelpSection login
INFO: Step 7: Verify the article's help window is displayed
]]></system-err>
</testsuite>
