<?xml version="1.0" encoding="UTF-8"?>
<testsuite name="testCase.ARTICLE_TC002_VerifyUserCanEditAnArticle" tests="1" skipped="0" failures="0" errors="0" timestamp="2018-03-08T06:40:33" hostname="LGDN15031" time="102.966">
  <properties/>
  <testcase name="login[0](http://192.168.188.150/joomla/administrator/, diempham, diempham, Test Article 1520491228737, Sample Data-Articles, this is article content, Test Article New 1520491228737, Sample Data-Articles, this is modified content)" classname="testCase.ARTICLE_TC002_VerifyUserCanEditAnArticle" time="102.966"/>
  <system-out><![CDATA[]]></system-out>
  <system-err><![CDATA[Started InternetExplorerDriver server (32-bit)
3.9.0.0
Listening on port 35527
Only local connections are allowed
Mar 08, 2018 1:40:30 PM org.openqa.selenium.remote.ProtocolHandshake createSession
INFO: Detected dialect: W3C
Mar 08, 2018 1:40:33 PM testCase.ARTICLE_TC002_VerifyUserCanEditAnArticle login
INFO: -----------TC_JOOMLA_ARTICLE_002-------------
Mar 08, 2018 1:40:33 PM testCase.ARTICLE_TC002_VerifyUserCanEditAnArticle login
INFO: Step 1: Navigate to the URL: http://192.168.189.197:1081/joomla/administrator/
Mar 08, 2018 1:40:34 PM testCase.ARTICLE_TC002_VerifyUserCanEditAnArticle login
INFO: Step 2 :Enter valid username into Username field
Mar 08, 2018 1:40:36 PM testCase.ARTICLE_TC002_VerifyUserCanEditAnArticle login
INFO: Step 3: Enter valid password into Password field
Mar 08, 2018 1:40:38 PM testCase.ARTICLE_TC002_VerifyUserCanEditAnArticle login
INFO: Step 4: Click on 'Log in' button
Mar 08, 2018 1:40:40 PM testCase.ARTICLE_TC002_VerifyUserCanEditAnArticle login
INFO: Step 5: Select Content > Articles
Mar 08, 2018 1:40:47 PM testCase.ARTICLE_TC002_VerifyUserCanEditAnArticle login
INFO: Step 6:Click on 'New' icon of the top right toolbar
Mar 08, 2018 1:40:51 PM testCase.ARTICLE_TC002_VerifyUserCanEditAnArticle login
INFO: Step 7: Enter a title on 'Title' field
Mar 08, 2018 1:40:53 PM testCase.ARTICLE_TC002_VerifyUserCanEditAnArticle login
INFO: Step 8: Select an item from the 'Category' dropdown list
Mar 08, 2018 1:40:58 PM testCase.ARTICLE_TC002_VerifyUserCanEditAnArticle login
INFO: Step 9: Enter value on 'Article Text' text area
Mar 08, 2018 1:41:02 PM testCase.ARTICLE_TC002_VerifyUserCanEditAnArticle login
INFO: Step 10: Click on 'Save & Close' icon of the top right toolbar
Mar 08, 2018 1:41:07 PM testCase.ARTICLE_TC002_VerifyUserCanEditAnArticle login
INFO: Step 11: Verify the article is saved successfully
Mar 08, 2018 1:41:22 PM testCase.ARTICLE_TC002_VerifyUserCanEditAnArticle login
INFO: Step 12: Select Content > Articles
Mar 08, 2018 1:41:29 PM testCase.ARTICLE_TC002_VerifyUserCanEditAnArticle login
INFO: Step 13: Check on the recently added article's checkbox
Mar 08, 2018 1:41:35 PM testCase.ARTICLE_TC002_VerifyUserCanEditAnArticle login
INFO: Step 14: Click on 'Edit' icon of the top right toolbar
Mar 08, 2018 1:41:40 PM testCase.ARTICLE_TC002_VerifyUserCanEditAnArticle login
INFO: Step 15: Enter a new title on 'Title' text field
Mar 08, 2018 1:41:47 PM testCase.ARTICLE_TC002_VerifyUserCanEditAnArticle login
INFO: Step 16: Select a new item from the 'Category' dropdown list
Mar 08, 2018 1:41:52 PM testCase.ARTICLE_TC002_VerifyUserCanEditAnArticle login
INFO: Step 17: Enter value on 'Article Text' text area
Mar 08, 2018 1:41:56 PM testCase.ARTICLE_TC002_VerifyUserCanEditAnArticle login
INFO: Step 18: Click on 'Save & Close' icon of the top right toolbar
Mar 08, 2018 1:42:01 PM testCase.ARTICLE_TC002_VerifyUserCanEditAnArticle login
INFO: Step 19: Verify the article is saved successfully
]]></system-err>
</testsuite>
