<?xml version="1.0" encoding="UTF-8"?>
<testsuite name="testCase.BANNERS_TC013_VerifyThatUserCanCreateANewBannerByUsingSaveAsCopyButton" tests="1" skipped="0" failures="0" errors="0" timestamp="2018-03-08T07:39:23" hostname="LGDN15031" time="133.149">
  <properties/>
  <testcase name="login[0](http://192.168.188.150/joomla/administrator/, diempham, diempham, Client Test 1520494758566, Mr John, John@gmail.com, Category Test 1520494758566, Banner Test 1520494758566, Category Test 1520494758566, Banner Edit Test 1520494758566)" classname="testCase.BANNERS_TC013_VerifyThatUserCanCreateANewBannerByUsingSaveAsCopyButton" time="133.149"/>
  <system-out><![CDATA[]]></system-out>
  <system-err><![CDATA[Started InternetExplorerDriver server (32-bit)
3.9.0.0
Listening on port 27571
Only local connections are allowed
Mar 08, 2018 2:39:20 PM org.openqa.selenium.remote.ProtocolHandshake createSession
INFO: Detected dialect: W3C
Mar 08, 2018 2:39:23 PM testCase.BANNERS_TC013_VerifyThatUserCanCreateANewBannerByUsingSaveAsCopyButton login
INFO: -----------TC_JOOMLA_BANNERS_010-------------
Mar 08, 2018 2:39:23 PM testCase.BANNERS_TC013_VerifyThatUserCanCreateANewBannerByUsingSaveAsCopyButton login
INFO: Step 1: Navigate to the URL: http://192.168.189.197:1081/joomla/administrator/
Mar 08, 2018 2:39:24 PM testCase.BANNERS_TC013_VerifyThatUserCanCreateANewBannerByUsingSaveAsCopyButton login
INFO: Step 2 : Login with User Name and password
Mar 08, 2018 2:39:27 PM testCase.BANNERS_TC013_VerifyThatUserCanCreateANewBannerByUsingSaveAsCopyButton login
INFO: Step 3: Click Login in button
Mar 08, 2018 2:39:30 PM testCase.BANNERS_TC013_VerifyThatUserCanCreateANewBannerByUsingSaveAsCopyButton login
INFO: Step 4: Select Components -> Banners -> Clients
Mar 08, 2018 2:39:35 PM testCase.BANNERS_TC013_VerifyThatUserCanCreateANewBannerByUsingSaveAsCopyButton login
INFO: Step 5: Click New button in the right top cornera
Mar 08, 2018 2:39:39 PM testCase.BANNERS_TC013_VerifyThatUserCanCreateANewBannerByUsingSaveAsCopyButton login
INFO: Step 6: Enter valid Client Name to Client Name textbox
Mar 08, 2018 2:39:41 PM testCase.BANNERS_TC013_VerifyThatUserCanCreateANewBannerByUsingSaveAsCopyButton login
INFO: Step 7: Enter valid Client Name to Client Name textbox
Mar 08, 2018 2:39:42 PM testCase.BANNERS_TC013_VerifyThatUserCanCreateANewBannerByUsingSaveAsCopyButton login
INFO: Step 8: Enter valid Contact Email to Contact Email textbox
Mar 08, 2018 2:39:44 PM testCase.BANNERS_TC013_VerifyThatUserCanCreateANewBannerByUsingSaveAsCopyButton login
INFO: Step 9: Click Save & Close button
Mar 08, 2018 2:39:49 PM testCase.BANNERS_TC013_VerifyThatUserCanCreateANewBannerByUsingSaveAsCopyButton login
INFO: Step 10: A message : Client successfully saved shows and new client is created
Mar 08, 2018 2:40:03 PM testCase.BANNERS_TC013_VerifyThatUserCanCreateANewBannerByUsingSaveAsCopyButton login
INFO: Step 11: Select Components -> Banners -> Categories
Mar 08, 2018 2:40:08 PM testCase.BANNERS_TC013_VerifyThatUserCanCreateANewBannerByUsingSaveAsCopyButton login
INFO: Step 12: Click New button in the right top corner
Mar 08, 2018 2:40:12 PM testCase.BANNERS_TC013_VerifyThatUserCanCreateANewBannerByUsingSaveAsCopyButton login
INFO: Step 13: Enter valid Category Name to Name textbox
Mar 08, 2018 2:40:14 PM testCase.BANNERS_TC013_VerifyThatUserCanCreateANewBannerByUsingSaveAsCopyButton login
INFO: Step 14: Click Save & Close button
Mar 08, 2018 2:40:20 PM testCase.BANNERS_TC013_VerifyThatUserCanCreateANewBannerByUsingSaveAsCopyButton login
INFO: Step 15: A message : Category successfully saved shows and new category is created
Mar 08, 2018 2:40:35 PM testCase.BANNERS_TC013_VerifyThatUserCanCreateANewBannerByUsingSaveAsCopyButton login
INFO: Step 16: Select Components -> Banners -> Banners
Mar 08, 2018 2:40:41 PM testCase.BANNERS_TC013_VerifyThatUserCanCreateANewBannerByUsingSaveAsCopyButton login
INFO: Step 17: Click New button in the right top corner
Mar 08, 2018 2:40:45 PM testCase.BANNERS_TC013_VerifyThatUserCanCreateANewBannerByUsingSaveAsCopyButton login
INFO: Step 18: Enter valid Name to Name textbox
Mar 08, 2018 2:40:47 PM testCase.BANNERS_TC013_VerifyThatUserCanCreateANewBannerByUsingSaveAsCopyButton login
INFO: Step 19: Select a Category in Category dropdown list
Mar 08, 2018 2:40:57 PM testCase.BANNERS_TC013_VerifyThatUserCanCreateANewBannerByUsingSaveAsCopyButton login
INFO: Step 20: Select a Client in Client dropdown list
Mar 08, 2018 2:41:08 PM testCase.BANNERS_TC013_VerifyThatUserCanCreateANewBannerByUsingSaveAsCopyButton login
INFO: Step 21: Click Save button
Mar 08, 2018 2:41:13 PM testCase.BANNERS_TC013_VerifyThatUserCanCreateANewBannerByUsingSaveAsCopyButton login
INFO: Step 22: A message : Banner successfully saved shows and Edit Banner page displays
Mar 08, 2018 2:41:13 PM testCase.BANNERS_TC013_VerifyThatUserCanCreateANewBannerByUsingSaveAsCopyButton login
INFO: Step 23: Enter valid Banner name to Name textbox
Mar 08, 2018 2:41:15 PM testCase.BANNERS_TC013_VerifyThatUserCanCreateANewBannerByUsingSaveAsCopyButton login
INFO: Step 24: Click Save as Copy button
Mar 08, 2018 2:41:20 PM testCase.BANNERS_TC013_VerifyThatUserCanCreateANewBannerByUsingSaveAsCopyButton login
INFO: Step 22: A message : Banner successfully saved shows and New banner is created without replacing the old banner
]]></system-err>
</testsuite>
