<?xml version="1.0" encoding="UTF-8"?>
<testsuite name="testCase.BANNERS_TC007_VerifyThatUserCanBrowseBannerHelpPage" tests="1" skipped="0" failures="0" errors="0" timestamp="2018-03-08T07:27:26" hostname="LGDN15031" time="19.206">
  <properties/>
  <testcase name="login[0](http://192.168.188.150/joomla/administrator/, diempham, diempham)" classname="testCase.BANNERS_TC007_VerifyThatUserCanBrowseBannerHelpPage" time="19.206"/>
  <system-out><![CDATA[]]></system-out>
  <system-err><![CDATA[Started InternetExplorerDriver server (32-bit)
3.9.0.0
Listening on port 9437
Only local connections are allowed
Mar 08, 2018 2:27:23 PM org.openqa.selenium.remote.ProtocolHandshake createSession
INFO: Detected dialect: W3C
Mar 08, 2018 2:27:26 PM testCase.BANNERS_TC007_VerifyThatUserCanBrowseBannerHelpPage login
INFO: -----------TC_JOOMLA_BANNERS_007-------------
Mar 08, 2018 2:27:26 PM testCase.BANNERS_TC007_VerifyThatUserCanBrowseBannerHelpPage login
INFO: Step 1: Navigate to the URL: http://192.168.189.197:1081/joomla/administrator/
Mar 08, 2018 2:27:28 PM testCase.BANNERS_TC007_VerifyThatUserCanBrowseBannerHelpPage login
INFO: Step 2 : Login with User Name and password
Mar 08, 2018 2:27:32 PM testCase.BANNERS_TC007_VerifyThatUserCanBrowseBannerHelpPage login
INFO: Step 3: Click Login in button
Mar 08, 2018 2:27:34 PM testCase.BANNERS_TC007_VerifyThatUserCanBrowseBannerHelpPage login
INFO: Step 4: Select Components -> Banners -> Banners
Mar 08, 2018 2:27:40 PM testCase.BANNERS_TC007_VerifyThatUserCanBrowseBannerHelpPage login
INFO: Step 5: Click Help button in the right top corner
Mar 08, 2018 2:27:43 PM testCase.BANNERS_TC007_VerifyThatUserCanBrowseBannerHelpPage login
INFO: Step 6: Banner help page appears
]]></system-err>
</testsuite>
