<?xml version="1.0" encoding="UTF-8"?>
<testsuite name="testCase.ARTICLE_TC011_VerifyUserCanSortTheArticleTableByIDColumn" tests="1" skipped="0" failures="0" errors="0" timestamp="2018-03-08T06:54:30" hostname="LGDN15031" time="138.154">
  <properties/>
  <testcase name="login[0](http://192.168.188.150/joomla/administrator/, diempham, diempham)" classname="testCase.ARTICLE_TC011_VerifyUserCanSortTheArticleTableByIDColumn" time="138.154"/>
  <system-out><![CDATA[]]></system-out>
  <system-err><![CDATA[Started InternetExplorerDriver server (32-bit)
3.9.0.0
Listening on port 23849
Only local connections are allowed
Mar 08, 2018 1:54:27 PM org.openqa.selenium.remote.ProtocolHandshake createSession
INFO: Detected dialect: W3C
Mar 08, 2018 1:54:30 PM testCase.ARTICLE_TC011_VerifyUserCanSortTheArticleTableByIDColumn login
INFO: -----------TC_JOOMLA_ARTICLE_011-------------
Mar 08, 2018 1:54:30 PM testCase.ARTICLE_TC011_VerifyUserCanSortTheArticleTableByIDColumn login
INFO: Step 1: Navigate to the URL: http://192.168.189.197:1081/joomla/administrator/
Mar 08, 2018 1:54:31 PM testCase.ARTICLE_TC011_VerifyUserCanSortTheArticleTableByIDColumn login
INFO: Step 2 :Enter valid username into Username field
Mar 08, 2018 1:54:33 PM testCase.ARTICLE_TC011_VerifyUserCanSortTheArticleTableByIDColumn login
INFO: Step 3: Enter valid password into Password field
Mar 08, 2018 1:54:35 PM testCase.ARTICLE_TC011_VerifyUserCanSortTheArticleTableByIDColumn login
INFO: Step 4: Click on 'Log in' button
Mar 08, 2018 1:54:38 PM testCase.ARTICLE_TC011_VerifyUserCanSortTheArticleTableByIDColumn login
INFO: Step 5: Select Content > Article Manager
Mar 08, 2018 1:54:45 PM testCase.ARTICLE_TC011_VerifyUserCanSortTheArticleTableByIDColumn login
INFO: Step 6: Click on the Header link of ID column
Mar 08, 2018 1:54:49 PM testCase.ARTICLE_TC011_VerifyUserCanSortTheArticleTableByIDColumn login
INFO: Step 7: Verify the articles is sorted by ID in ascending order
Mar 08, 2018 1:55:58 PM testCase.ARTICLE_TC011_VerifyUserCanSortTheArticleTableByIDColumn login
INFO: Step 8: Click on the Header link of ID column
Mar 08, 2018 1:56:01 PM testCase.ARTICLE_TC011_VerifyUserCanSortTheArticleTableByIDColumn login
INFO: Step 9: Verify the articles is sorted by ID in descending order
]]></system-err>
</testsuite>
