<?xml version="1.0" encoding="UTF-8"?>
<testsuite name="testCase.ARTICLE_TC007_VerifyUserCanMoveAnArticleToTrashSection" tests="1" skipped="0" failures="0" errors="0" timestamp="2018-03-05T06:22:30" hostname="LGDN15031" time="19.134">
  <properties/>
  <testcase name="login[0](http://192.168.188.150/joomla/administrator, diempham, diempham, Test Article 1520230947610, Sample Data-Articles, Published, this is article content)" classname="testCase.ARTICLE_TC007_VerifyUserCanMoveAnArticleToTrashSection" time="19.134"/>
  <system-out><![CDATA[]]></system-out>
  <system-err><![CDATA[Starting ChromeDriver 2.34.522940 (1a76f96f66e3ca7b8e57d503b4dd3bccfba87af1) on port 7704
Only local connections are allowed.
Mar 05, 2018 1:22:29 PM org.openqa.selenium.remote.ProtocolHandshake createSession
INFO: Detected dialect: OSS
Mar 05, 2018 1:22:30 PM testCase.ARTICLE_TC007_VerifyUserCanMoveAnArticleToTrashSection login
INFO: -----------TC_JOOMLA_ARTICLE_007-------------
Mar 05, 2018 1:22:30 PM testCase.ARTICLE_TC007_VerifyUserCanMoveAnArticleToTrashSection login
INFO: Step 1: Navigate to the URL: http://192.168.189.197:1081/joomla/administrator/
Mar 05, 2018 1:22:31 PM testCase.ARTICLE_TC007_VerifyUserCanMoveAnArticleToTrashSection login
INFO: Step 2 :Enter valid username into Username field
Mar 05, 2018 1:22:32 PM testCase.ARTICLE_TC007_VerifyUserCanMoveAnArticleToTrashSection login
INFO: Step 3: Enter valid password into Password field
Mar 05, 2018 1:22:32 PM testCase.ARTICLE_TC007_VerifyUserCanMoveAnArticleToTrashSection login
INFO: Step 4: Click on 'Log in' button
Mar 05, 2018 1:22:33 PM testCase.ARTICLE_TC007_VerifyUserCanMoveAnArticleToTrashSection login
INFO: Step 5: Select Content > Articles
Mar 05, 2018 1:22:34 PM testCase.ARTICLE_TC007_VerifyUserCanMoveAnArticleToTrashSection login
INFO: Step 6:Click on 'New' icon of the top right toolbar
Mar 05, 2018 1:22:38 PM testCase.ARTICLE_TC007_VerifyUserCanMoveAnArticleToTrashSection login
INFO: Step 7: Enter a title on 'Title' field
Mar 05, 2018 1:22:39 PM testCase.ARTICLE_TC007_VerifyUserCanMoveAnArticleToTrashSection login
INFO: Step 8: Select an item from the 'Category' dropdown list
Mar 05, 2018 1:22:39 PM testCase.ARTICLE_TC007_VerifyUserCanMoveAnArticleToTrashSection login
INFO: Step 9: Select 'Published' item from 'Status' dropdown list
Mar 05, 2018 1:22:39 PM testCase.ARTICLE_TC007_VerifyUserCanMoveAnArticleToTrashSection login
INFO: Step 10: Enter value on 'Article Text' text area
Mar 05, 2018 1:22:39 PM testCase.ARTICLE_TC007_VerifyUserCanMoveAnArticleToTrashSection login
INFO: Step 11: Click on 'Save & Close' icon of the top right toolbar
Mar 05, 2018 1:22:43 PM testCase.ARTICLE_TC007_VerifyUserCanMoveAnArticleToTrashSection login
INFO: Step 12: Verify the article is saved successfully
Mar 05, 2018 1:22:45 PM testCase.ARTICLE_TC007_VerifyUserCanMoveAnArticleToTrashSection login
INFO: Step 13: Check on the recently added article's checkbox
Mar 05, 2018 1:22:46 PM testCase.ARTICLE_TC007_VerifyUserCanMoveAnArticleToTrashSection login
INFO: Step 14: Click on 'Trash' icon of the top right toolbar
Mar 05, 2018 1:22:47 PM testCase.ARTICLE_TC007_VerifyUserCanMoveAnArticleToTrashSection login
INFO: Step 15: Verify the confirm message is displayed
Mar 05, 2018 1:22:47 PM testCase.ARTICLE_TC007_VerifyUserCanMoveAnArticleToTrashSection login
INFO: Step 16: Select 'Trash' item of 'Status' dropdown list
Mar 05, 2018 1:22:48 PM testCase.ARTICLE_TC007_VerifyUserCanMoveAnArticleToTrashSection login
INFO: Step 17: Verify the deleted article is displayed on the table grid
]]></system-err>
</testsuite>
