<?xml version="1.0" encoding="UTF-8"?>
<testsuite name="testCase.ARTICLE_TC011_VerifyUserCanSortTheArticleTableByIDColumn" tests="1" skipped="0" failures="0" errors="0" timestamp="2018-03-05T06:23:50" hostname="LGDN15031" time="28.228">
  <properties/>
  <testcase name="login[0](http://192.168.188.150/joomla/administrator, diempham, diempham)" classname="testCase.ARTICLE_TC011_VerifyUserCanSortTheArticleTableByIDColumn" time="28.228"/>
  <system-out><![CDATA[]]></system-out>
  <system-err><![CDATA[Starting ChromeDriver 2.34.522940 (1a76f96f66e3ca7b8e57d503b4dd3bccfba87af1) on port 2795
Only local connections are allowed.
Mar 05, 2018 1:23:48 PM org.openqa.selenium.remote.ProtocolHandshake createSession
INFO: Detected dialect: OSS
Mar 05, 2018 1:23:50 PM testCase.ARTICLE_TC011_VerifyUserCanSortTheArticleTableByIDColumn login
INFO: -----------TC_JOOMLA_ARTICLE_011-------------
Mar 05, 2018 1:23:50 PM testCase.ARTICLE_TC011_VerifyUserCanSortTheArticleTableByIDColumn login
INFO: Step 1: Navigate to the URL: http://192.168.189.197:1081/joomla/administrator/
Mar 05, 2018 1:23:51 PM testCase.ARTICLE_TC011_VerifyUserCanSortTheArticleTableByIDColumn login
INFO: Step 2 :Enter valid username into Username field
Mar 05, 2018 1:23:51 PM testCase.ARTICLE_TC011_VerifyUserCanSortTheArticleTableByIDColumn login
INFO: Step 3: Enter valid password into Password field
Mar 05, 2018 1:23:51 PM testCase.ARTICLE_TC011_VerifyUserCanSortTheArticleTableByIDColumn login
INFO: Step 4: Click on 'Log in' button
Mar 05, 2018 1:23:53 PM testCase.ARTICLE_TC011_VerifyUserCanSortTheArticleTableByIDColumn login
INFO: Step 5: Select Content > Article Manager
Mar 05, 2018 1:23:55 PM testCase.ARTICLE_TC011_VerifyUserCanSortTheArticleTableByIDColumn login
INFO: Step 6: Click on the Header link of ID column
Mar 05, 2018 1:23:56 PM testCase.ARTICLE_TC011_VerifyUserCanSortTheArticleTableByIDColumn login
INFO: Step 7: Verify the articles is sorted by ID in ascending order
Mar 05, 2018 1:24:07 PM testCase.ARTICLE_TC011_VerifyUserCanSortTheArticleTableByIDColumn login
INFO: Step 8: Click on the Header link of ID column
Mar 05, 2018 1:24:09 PM testCase.ARTICLE_TC011_VerifyUserCanSortTheArticleTableByIDColumn login
INFO: Step 9: Verify the articles is sorted by ID in descending order
]]></system-err>
</testsuite>
