<?xml version="1.0" encoding="UTF-8"?>
<testsuite name="testCase.BANNERS_TC009_VerifyThatUserCanSearchABannerByUsingFilterDropdownLists" tests="1" skipped="0" failures="0" errors="0" timestamp="2018-03-05T06:44:51" hostname="LGDN15031" time="32.856">
  <properties/>
  <testcase name="login[0](http://192.168.188.150/joomla/administrator, diempham, diempham, Client Test 1520232288064, Mr John, John@gmail.com, Category Test 1520232288064, Banner Test 1520232288064, Category Test 1520232288064)" classname="testCase.BANNERS_TC009_VerifyThatUserCanSearchABannerByUsingFilterDropdownLists" time="32.856"/>
  <system-out><![CDATA[]]></system-out>
  <system-err><![CDATA[Starting ChromeDriver 2.34.522940 (1a76f96f66e3ca7b8e57d503b4dd3bccfba87af1) on port 46383
Only local connections are allowed.
Mar 05, 2018 1:44:50 PM org.openqa.selenium.remote.ProtocolHandshake createSession
INFO: Detected dialect: OSS
Mar 05, 2018 1:44:51 PM testCase.BANNERS_TC009_VerifyThatUserCanSearchABannerByUsingFilterDropdownLists login
INFO: -----------TC_JOOMLA_BANNERS_008-------------
Mar 05, 2018 1:44:51 PM testCase.BANNERS_TC009_VerifyThatUserCanSearchABannerByUsingFilterDropdownLists login
INFO: Step 1: Navigate to the URL: http://192.168.189.197:1081/joomla/administrator/
Mar 05, 2018 1:44:52 PM testCase.BANNERS_TC009_VerifyThatUserCanSearchABannerByUsingFilterDropdownLists login
INFO: Step 2 : Login with User Name and password
Mar 05, 2018 1:44:53 PM testCase.BANNERS_TC009_VerifyThatUserCanSearchABannerByUsingFilterDropdownLists login
INFO: Step 3: Click Login in button
Mar 05, 2018 1:44:54 PM testCase.BANNERS_TC009_VerifyThatUserCanSearchABannerByUsingFilterDropdownLists login
INFO: Step 4: Select Components -> Banners -> Clients
Mar 05, 2018 1:44:55 PM testCase.BANNERS_TC009_VerifyThatUserCanSearchABannerByUsingFilterDropdownLists login
INFO: Step 5: Click New button in the right top cornera
Mar 05, 2018 1:44:56 PM testCase.BANNERS_TC009_VerifyThatUserCanSearchABannerByUsingFilterDropdownLists login
INFO: Step 6: Enter valid Client Name to Client Name textbox
Mar 05, 2018 1:44:56 PM testCase.BANNERS_TC009_VerifyThatUserCanSearchABannerByUsingFilterDropdownLists login
INFO: Step 7: Enter valid Client Name to Client Name textbox
Mar 05, 2018 1:44:56 PM testCase.BANNERS_TC009_VerifyThatUserCanSearchABannerByUsingFilterDropdownLists login
INFO: Step 8: Enter valid Contact Email to Contact Email textbox
Mar 05, 2018 1:44:56 PM testCase.BANNERS_TC009_VerifyThatUserCanSearchABannerByUsingFilterDropdownLists login
INFO: Step 9: Click Save & Close button
Mar 05, 2018 1:44:57 PM testCase.BANNERS_TC009_VerifyThatUserCanSearchABannerByUsingFilterDropdownLists login
INFO: Step 10: A message : Client successfully saved shows and new client is created
Mar 05, 2018 1:44:59 PM testCase.BANNERS_TC009_VerifyThatUserCanSearchABannerByUsingFilterDropdownLists login
INFO: Step 11: Select Components -> Banners -> Categories
Mar 05, 2018 1:45:00 PM testCase.BANNERS_TC009_VerifyThatUserCanSearchABannerByUsingFilterDropdownLists login
INFO: Step 12: Click New button in the right top corner
Mar 05, 2018 1:45:03 PM testCase.BANNERS_TC009_VerifyThatUserCanSearchABannerByUsingFilterDropdownLists login
INFO: Step 13: Enter valid Category Name to Name textbox
Mar 05, 2018 1:45:03 PM testCase.BANNERS_TC009_VerifyThatUserCanSearchABannerByUsingFilterDropdownLists login
INFO: Step 14: Click Save & Close button
Mar 05, 2018 1:45:08 PM testCase.BANNERS_TC009_VerifyThatUserCanSearchABannerByUsingFilterDropdownLists login
INFO: Step 15: A message : Category successfully saved shows and new category is created
Mar 05, 2018 1:45:11 PM testCase.BANNERS_TC009_VerifyThatUserCanSearchABannerByUsingFilterDropdownLists login
INFO: Step 16: Select Components -> Banners -> Banners
Mar 05, 2018 1:45:12 PM testCase.BANNERS_TC009_VerifyThatUserCanSearchABannerByUsingFilterDropdownLists login
INFO: Step 17: Click New button in the right top corner
Mar 05, 2018 1:45:14 PM testCase.BANNERS_TC009_VerifyThatUserCanSearchABannerByUsingFilterDropdownLists login
INFO: Step 18: Enter valid Name to Name textbox
Mar 05, 2018 1:45:14 PM testCase.BANNERS_TC009_VerifyThatUserCanSearchABannerByUsingFilterDropdownLists login
INFO: Step 19: Select a Category in Category dropdown list
Mar 05, 2018 1:45:15 PM testCase.BANNERS_TC009_VerifyThatUserCanSearchABannerByUsingFilterDropdownLists login
INFO: Step 20: Select a Client in Client dropdown list
Mar 05, 2018 1:45:16 PM testCase.BANNERS_TC009_VerifyThatUserCanSearchABannerByUsingFilterDropdownLists login
INFO: Step 21: Click Save & Close button
Mar 05, 2018 1:45:17 PM testCase.BANNERS_TC009_VerifyThatUserCanSearchABannerByUsingFilterDropdownLists login
INFO: Step 22: A message : Banner successfully saved shows and new banner is created
Mar 05, 2018 1:45:19 PM testCase.BANNERS_TC009_VerifyThatUserCanSearchABannerByUsingFilterDropdownLists login
INFO: Step 23: Select Client that banner belong to in Client dropdown list
Mar 05, 2018 1:45:21 PM testCase.BANNERS_TC009_VerifyThatUserCanSearchABannerByUsingFilterDropdownLists login
INFO: Step 24: Select Category that banner belong to in Category dropdown list
Mar 05, 2018 1:45:23 PM testCase.BANNERS_TC009_VerifyThatUserCanSearchABannerByUsingFilterDropdownLists login
INFO: Step 25: Verify: Recently created banner displays
]]></system-err>
</testsuite>
