<?xml version="1.0" encoding="UTF-8"?>
<testsuite name="testCase.ARTICLE_TC012_VerifyUserCanPagingTheArticlesUsingThePagingControl" tests="1" skipped="0" failures="0" errors="0" timestamp="2018-03-05T06:24:24" hostname="LGDN15031" time="161.613">
  <properties/>
  <testcase name="login[0](http://192.168.188.150/joomla/administrator, diempham, diempham, 5)" classname="testCase.ARTICLE_TC012_VerifyUserCanPagingTheArticlesUsingThePagingControl" time="161.613"/>
  <system-out><![CDATA[]]></system-out>
  <system-err><![CDATA[Starting ChromeDriver 2.34.522940 (1a76f96f66e3ca7b8e57d503b4dd3bccfba87af1) on port 43031
Only local connections are allowed.
Mar 05, 2018 1:24:23 PM org.openqa.selenium.remote.ProtocolHandshake createSession
INFO: Detected dialect: OSS
Mar 05, 2018 1:24:24 PM testCase.ARTICLE_TC012_VerifyUserCanPagingTheArticlesUsingThePagingControl login
INFO: -----------TC_JOOMLA_ARTICLE_012-------------
Mar 05, 2018 1:24:24 PM testCase.ARTICLE_TC012_VerifyUserCanPagingTheArticlesUsingThePagingControl login
INFO: Step 1: Navigate to the URL: http://192.168.189.197:1081/joomla/administrator/
Mar 05, 2018 1:24:25 PM testCase.ARTICLE_TC012_VerifyUserCanPagingTheArticlesUsingThePagingControl login
INFO: Step 2 :Enter valid username into Username field
Mar 05, 2018 1:24:25 PM testCase.ARTICLE_TC012_VerifyUserCanPagingTheArticlesUsingThePagingControl login
INFO: Step 3: Enter valid password into Password field
Mar 05, 2018 1:24:25 PM testCase.ARTICLE_TC012_VerifyUserCanPagingTheArticlesUsingThePagingControl login
INFO: Step 4: Click on 'Log in' button
Mar 05, 2018 1:24:27 PM testCase.ARTICLE_TC012_VerifyUserCanPagingTheArticlesUsingThePagingControl login
INFO: Step 5: Select Content > Article Manager
Mar 05, 2018 1:24:28 PM testCase.ARTICLE_TC012_VerifyUserCanPagingTheArticlesUsingThePagingControl login
INFO: Step 6: Select 5 item of the 'Display' dropdown list at the footer section of the article table
Mar 05, 2018 1:24:29 PM testCase.ARTICLE_TC012_VerifyUserCanPagingTheArticlesUsingThePagingControl login
INFO: Step 7: Verify the article table is paging into 5 articles per page
Mar 05, 2018 1:26:34 PM testCase.ARTICLE_TC012_VerifyUserCanPagingTheArticlesUsingThePagingControl login
INFO: Step 8: Select All item of the 'Display' dropdown list at the footer section of the article table
Mar 05, 2018 1:26:35 PM testCase.ARTICLE_TC012_VerifyUserCanPagingTheArticlesUsingThePagingControl login
INFO: Step 9: Verify all articles are displayed in one page
]]></system-err>
</testsuite>
