<?xml version="1.0" encoding="UTF-8"?>
<testsuite name="testCase.ARTICLE_TC006_VerifyUserCanCheckInAnArticle" tests="1" skipped="0" failures="0" errors="0" timestamp="2018-03-05T06:21:36" hostname="LGDN15031" time="50.904">
  <properties/>
  <testcase name="login[0](http://192.168.188.150/joomla/administrator, diempham, diempham, Test Article 1520230892660, Sample Data-Articles, Published, this is article content)" classname="testCase.ARTICLE_TC006_VerifyUserCanCheckInAnArticle" time="50.904"/>
  <system-out><![CDATA[]]></system-out>
  <system-err><![CDATA[Starting ChromeDriver 2.34.522940 (1a76f96f66e3ca7b8e57d503b4dd3bccfba87af1) on port 8679
Only local connections are allowed.
Mar 05, 2018 1:21:34 PM org.openqa.selenium.remote.ProtocolHandshake createSession
INFO: Detected dialect: OSS
Mar 05, 2018 1:21:36 PM testCase.ARTICLE_TC006_VerifyUserCanCheckInAnArticle login
INFO: -----------TC_JOOMLA_ARTICLE_006-------------
Mar 05, 2018 1:21:36 PM testCase.ARTICLE_TC006_VerifyUserCanCheckInAnArticle login
INFO: Step 1: Navigate to the URL: http://192.168.189.197:1081/joomla/administrator/
Mar 05, 2018 1:21:36 PM testCase.ARTICLE_TC006_VerifyUserCanCheckInAnArticle login
INFO: Step 2 :Enter valid username into Username field
Mar 05, 2018 1:21:37 PM testCase.ARTICLE_TC006_VerifyUserCanCheckInAnArticle login
INFO: Step 3: Enter valid password into Password field
Mar 05, 2018 1:21:37 PM testCase.ARTICLE_TC006_VerifyUserCanCheckInAnArticle login
INFO: Step 4: Click on 'Log in' button
Mar 05, 2018 1:21:38 PM testCase.ARTICLE_TC006_VerifyUserCanCheckInAnArticle login
INFO: Step 5: Select Content > Articles
Mar 05, 2018 1:21:39 PM testCase.ARTICLE_TC006_VerifyUserCanCheckInAnArticle login
INFO: Step 6:Click on 'New' icon of the top right toolbar
Mar 05, 2018 1:21:41 PM testCase.ARTICLE_TC006_VerifyUserCanCheckInAnArticle login
INFO: Step 7: Enter a title on 'Title' field
Mar 05, 2018 1:21:42 PM testCase.ARTICLE_TC006_VerifyUserCanCheckInAnArticle login
INFO: Step 8: Select an item from the 'Category' dropdown list
Mar 05, 2018 1:21:42 PM testCase.ARTICLE_TC006_VerifyUserCanCheckInAnArticle login
INFO: Step 9: Select 'Published' item from 'Status' dropdown list
Mar 05, 2018 1:21:42 PM testCase.ARTICLE_TC006_VerifyUserCanCheckInAnArticle login
INFO: Step 10: Enter value on 'Article Text' text area
Mar 05, 2018 1:21:42 PM testCase.ARTICLE_TC006_VerifyUserCanCheckInAnArticle login
INFO: Step 11: Click on 'Save' icon of the top right toolbar
Mar 05, 2018 1:21:45 PM testCase.ARTICLE_TC006_VerifyUserCanCheckInAnArticle login
INFO: Step 12: Verify the article is saved successfully
Mar 05, 2018 1:21:45 PM testCase.ARTICLE_TC006_VerifyUserCanCheckInAnArticle login
INFO: Step 13: Close the browser window
Mar 05, 2018 1:21:48 PM testCase.ARTICLE_TC006_VerifyUserCanCheckInAnArticle login
INFO: Step 14: Navigate to the URL: http://192.168.189.197:1081/joomla/administrator/
Starting ChromeDriver 2.34.522940 (1a76f96f66e3ca7b8e57d503b4dd3bccfba87af1) on port 34738
Only local connections are allowed.
Mar 05, 2018 1:21:50 PM org.openqa.selenium.remote.ProtocolHandshake createSession
INFO: Detected dialect: OSS
Mar 05, 2018 1:21:52 PM testCase.ARTICLE_TC006_VerifyUserCanCheckInAnArticle login
INFO: Step 15: Enter valid username into Username field
Mar 05, 2018 1:21:52 PM testCase.ARTICLE_TC006_VerifyUserCanCheckInAnArticle login
INFO: Step 16: Enter valid password into Password field
Mar 05, 2018 1:21:52 PM testCase.ARTICLE_TC006_VerifyUserCanCheckInAnArticle login
INFO: Step 17: Click on 'Log in' button
Mar 05, 2018 1:21:54 PM testCase.ARTICLE_TC006_VerifyUserCanCheckInAnArticle login
INFO: Step 18: Select Content > Article Manager
Mar 05, 2018 1:21:55 PM testCase.ARTICLE_TC006_VerifyUserCanCheckInAnArticle login
INFO: Step 19: Check on the recently added article's checkbox
Mar 05, 2018 1:21:55 PM testCase.ARTICLE_TC006_VerifyUserCanCheckInAnArticle login
INFO: Step 20: Click on 'Check In' icon of the top right toolbar
Mar 05, 2018 1:21:56 PM testCase.ARTICLE_TC006_VerifyUserCanCheckInAnArticle login
INFO: Step 21: Verify the article is checked in successfully
]]></system-err>
</testsuite>
