<?xml version="1.0" encoding="UTF-8"?>
<testsuite name="testCase.ARTICLE_TC001_VerifyUserCanCreateNewArticleWithValidInformation" tests="1" skipped="0" failures="0" errors="0" timestamp="2018-03-05T06:19:49" hostname="LGDN15031" time="12.178">
  <properties/>
  <testcase name="login[0](http://192.168.188.150/joomla/administrator, diempham, diempham, Test Article 1520230780164, Sample Data-Articles, this is article content)" classname="testCase.ARTICLE_TC001_VerifyUserCanCreateNewArticleWithValidInformation" time="12.178"/>
  <system-out><![CDATA[]]></system-out>
  <system-err><![CDATA[Starting ChromeDriver 2.34.522940 (1a76f96f66e3ca7b8e57d503b4dd3bccfba87af1) on port 16008
Only local connections are allowed.
Mar 05, 2018 1:19:47 PM org.openqa.selenium.remote.ProtocolHandshake createSession
INFO: Detected dialect: OSS
Mar 05, 2018 1:19:49 PM testCase.ARTICLE_TC001_VerifyUserCanCreateNewArticleWithValidInformation login
INFO: -----------TC_JOOMLA_ARTICLE_001-------------
Mar 05, 2018 1:19:49 PM testCase.ARTICLE_TC001_VerifyUserCanCreateNewArticleWithValidInformation login
INFO: Step 1: Navigate to the URL: http://192.168.189.197:1081/joomla/administrator/
Mar 05, 2018 1:19:50 PM testCase.ARTICLE_TC001_VerifyUserCanCreateNewArticleWithValidInformation login
INFO: Step 2 :Enter valid username into Username field
Mar 05, 2018 1:19:51 PM testCase.ARTICLE_TC001_VerifyUserCanCreateNewArticleWithValidInformation login
INFO: Step 3: Enter valid password into Password field
Mar 05, 2018 1:19:51 PM testCase.ARTICLE_TC001_VerifyUserCanCreateNewArticleWithValidInformation login
INFO: Step 4: Click on 'Log in' button
Mar 05, 2018 1:19:52 PM testCase.ARTICLE_TC001_VerifyUserCanCreateNewArticleWithValidInformation login
INFO: Step 5: Select Content > Articles
Mar 05, 2018 1:19:54 PM testCase.ARTICLE_TC001_VerifyUserCanCreateNewArticleWithValidInformation login
INFO: Step 6:Click on 'New' icon of the top right toolbar
Mar 05, 2018 1:19:56 PM testCase.ARTICLE_TC001_VerifyUserCanCreateNewArticleWithValidInformation login
INFO: Step 7: Enter a title on 'Title' field
Mar 05, 2018 1:19:56 PM testCase.ARTICLE_TC001_VerifyUserCanCreateNewArticleWithValidInformation login
INFO: Step 8: Select an item from the 'Category' dropdown list
Mar 05, 2018 1:19:56 PM testCase.ARTICLE_TC001_VerifyUserCanCreateNewArticleWithValidInformation login
INFO: Step 9: Enter value on 'Article Text' text area
Mar 05, 2018 1:19:57 PM testCase.ARTICLE_TC001_VerifyUserCanCreateNewArticleWithValidInformation login
INFO: Step 10: Click on 'Save & Close' icon of the top right toolbar
Mar 05, 2018 1:19:58 PM testCase.ARTICLE_TC001_VerifyUserCanCreateNewArticleWithValidInformation login
INFO: Step 11: Verify the article is saved successfully
]]></system-err>
</testsuite>
