<?xml version="1.0" encoding="UTF-8"?>
<testsuite name="testCase.ARTICLE_TC008_VerifyUserCanAccessArticlesHelpSection" tests="1" skipped="0" failures="0" errors="0" timestamp="2018-03-05T06:22:55" hostname="LGDN15031" time="5.288">
  <properties/>
  <testcase name="login[0](http://192.168.188.150/joomla/administrator, diempham, diempham)" classname="testCase.ARTICLE_TC008_VerifyUserCanAccessArticlesHelpSection" time="5.288"/>
  <system-out><![CDATA[]]></system-out>
  <system-err><![CDATA[Starting ChromeDriver 2.34.522940 (1a76f96f66e3ca7b8e57d503b4dd3bccfba87af1) on port 21435
Only local connections are allowed.
Mar 05, 2018 1:22:54 PM org.openqa.selenium.remote.ProtocolHandshake createSession
INFO: Detected dialect: OSS
Mar 05, 2018 1:22:55 PM testCase.ARTICLE_TC008_VerifyUserCanAccessArticlesHelpSection login
INFO: -----------TC_JOOMLA_ARTICLE_008-------------
Mar 05, 2018 1:22:55 PM testCase.ARTICLE_TC008_VerifyUserCanAccessArticlesHelpSection login
INFO: Step 1: Navigate to the URL: http://192.168.189.197:1081/joomla/administrator/
Mar 05, 2018 1:22:56 PM testCase.ARTICLE_TC008_VerifyUserCanAccessArticlesHelpSection login
INFO: Step 2 :Enter valid username into Username field
Mar 05, 2018 1:22:57 PM testCase.ARTICLE_TC008_VerifyUserCanAccessArticlesHelpSection login
INFO: Step 3: Enter valid password into Password field
Mar 05, 2018 1:22:57 PM testCase.ARTICLE_TC008_VerifyUserCanAccessArticlesHelpSection login
INFO: Step 4: Click on 'Log in' button
Mar 05, 2018 1:22:58 PM testCase.ARTICLE_TC008_VerifyUserCanAccessArticlesHelpSection login
INFO: Step 5: Select Content > Articles
Mar 05, 2018 1:23:00 PM testCase.ARTICLE_TC008_VerifyUserCanAccessArticlesHelpSection login
INFO: Step 6: Click on 'Help' icon of the top right toolbar
Mar 05, 2018 1:23:00 PM testCase.ARTICLE_TC008_VerifyUserCanAccessArticlesHelpSection login
INFO: Step 7: Verify the article's help window is displayed
]]></system-err>
</testsuite>
