<?xml version="1.0" encoding="UTF-8"?>
<testsuite name="testCase.BANNERS_TC010_VerifyThatUserCanCheckInABanner" tests="1" skipped="0" failures="0" errors="0" timestamp="2018-03-05T06:45:28" hostname="LGDN15031" time="67.108">
  <properties/>
  <testcase name="login[0](http://192.168.188.150/joomla/administrator, diempham, diempham, Client Test 1520232324951, Mr John, John@gmail.com, Category Test 1520232324951, Banner Test 1520232324951, Category Test 1520232324951)" classname="testCase.BANNERS_TC010_VerifyThatUserCanCheckInABanner" time="67.108"/>
  <system-out><![CDATA[]]></system-out>
  <system-err><![CDATA[Starting ChromeDriver 2.34.522940 (1a76f96f66e3ca7b8e57d503b4dd3bccfba87af1) on port 38572
Only local connections are allowed.
Mar 05, 2018 1:45:27 PM org.openqa.selenium.remote.ProtocolHandshake createSession
INFO: Detected dialect: OSS
Mar 05, 2018 1:45:28 PM testCase.BANNERS_TC010_VerifyThatUserCanCheckInABanner login
INFO: -----------TC_JOOMLA_BANNERS_010-------------
Mar 05, 2018 1:45:28 PM testCase.BANNERS_TC010_VerifyThatUserCanCheckInABanner login
INFO: Step 1: Navigate to the URL: http://192.168.189.197:1081/joomla/administrator/
Mar 05, 2018 1:45:29 PM testCase.BANNERS_TC010_VerifyThatUserCanCheckInABanner login
INFO: Step 2 : Login with User Name and password
Mar 05, 2018 1:45:29 PM testCase.BANNERS_TC010_VerifyThatUserCanCheckInABanner login
INFO: Step 3: Click Login in button
Mar 05, 2018 1:45:31 PM testCase.BANNERS_TC010_VerifyThatUserCanCheckInABanner login
INFO: Step 4: Select Components -> Banners -> Clients
Mar 05, 2018 1:45:32 PM testCase.BANNERS_TC010_VerifyThatUserCanCheckInABanner login
INFO: Step 5: Click New button in the right top cornera
Mar 05, 2018 1:45:32 PM testCase.BANNERS_TC010_VerifyThatUserCanCheckInABanner login
INFO: Step 6: Enter valid Client Name to Client Name textbox
Mar 05, 2018 1:45:33 PM testCase.BANNERS_TC010_VerifyThatUserCanCheckInABanner login
INFO: Step 7: Enter valid Client Name to Client Name textbox
Mar 05, 2018 1:45:33 PM testCase.BANNERS_TC010_VerifyThatUserCanCheckInABanner login
INFO: Step 8: Enter valid Contact Email to Contact Email textbox
Mar 05, 2018 1:45:33 PM testCase.BANNERS_TC010_VerifyThatUserCanCheckInABanner login
INFO: Step 9: Click Save & Close button
Mar 05, 2018 1:45:34 PM testCase.BANNERS_TC010_VerifyThatUserCanCheckInABanner login
INFO: Step 10: A message : Client successfully saved shows and new client is created
Mar 05, 2018 1:45:36 PM testCase.BANNERS_TC010_VerifyThatUserCanCheckInABanner login
INFO: Step 11: Select Components -> Banners -> Categories
Mar 05, 2018 1:45:37 PM testCase.BANNERS_TC010_VerifyThatUserCanCheckInABanner login
INFO: Step 12: Click New button in the right top corner
Mar 05, 2018 1:45:38 PM testCase.BANNERS_TC010_VerifyThatUserCanCheckInABanner login
INFO: Step 13: Enter valid Category Name to Name textbox
Mar 05, 2018 1:45:39 PM testCase.BANNERS_TC010_VerifyThatUserCanCheckInABanner login
INFO: Step 14: Click Save & Close button
Mar 05, 2018 1:45:40 PM testCase.BANNERS_TC010_VerifyThatUserCanCheckInABanner login
INFO: Step 15: A message : Category successfully saved shows and new category is created
Mar 05, 2018 1:45:43 PM testCase.BANNERS_TC010_VerifyThatUserCanCheckInABanner login
INFO: Step 16: Select Components -> Banners -> Banners
Mar 05, 2018 1:45:44 PM testCase.BANNERS_TC010_VerifyThatUserCanCheckInABanner login
INFO: Step 17: Click New button in the right top corner
Mar 05, 2018 1:45:46 PM testCase.BANNERS_TC010_VerifyThatUserCanCheckInABanner login
INFO: Step 18: Enter valid Name to Name textbox
Mar 05, 2018 1:45:46 PM testCase.BANNERS_TC010_VerifyThatUserCanCheckInABanner login
INFO: Step 19: Select a Category in Category dropdown list
Mar 05, 2018 1:45:47 PM testCase.BANNERS_TC010_VerifyThatUserCanCheckInABanner login
INFO: Step 20: Select a Client in Client dropdown list
Mar 05, 2018 1:45:48 PM testCase.BANNERS_TC010_VerifyThatUserCanCheckInABanner login
INFO: Step 21: Click Save button
Mar 05, 2018 1:45:50 PM testCase.BANNERS_TC010_VerifyThatUserCanCheckInABanner login
INFO: Step 22: A message : Banner successfully saved shows and new banner is created
Mar 05, 2018 1:45:50 PM testCase.BANNERS_TC010_VerifyThatUserCanCheckInABanner login
INFO: Step 23: Close browser
Mar 05, 2018 1:45:52 PM testCase.BANNERS_TC010_VerifyThatUserCanCheckInABanner login
INFO: Step 24: Navigate to the URL: http://192.168.189.197:1081/joomla/administrator/
Starting ChromeDriver 2.34.522940 (1a76f96f66e3ca7b8e57d503b4dd3bccfba87af1) on port 8217
Only local connections are allowed.
Mar 05, 2018 1:45:55 PM org.openqa.selenium.remote.ProtocolHandshake createSession
INFO: Detected dialect: OSS
Mar 05, 2018 1:45:58 PM testCase.BANNERS_TC010_VerifyThatUserCanCheckInABanner login
INFO: Step 25 : Login with User Name and password
Mar 05, 2018 1:45:58 PM testCase.BANNERS_TC010_VerifyThatUserCanCheckInABanner login
INFO: Step 26: Click Login in button
Mar 05, 2018 1:45:59 PM testCase.BANNERS_TC010_VerifyThatUserCanCheckInABanner login
INFO: Step 27: Select Components -> Banners -> Banners
Mar 05, 2018 1:46:01 PM testCase.BANNERS_TC010_VerifyThatUserCanCheckInABanner login
INFO: Step 28: Recently created banner displays and locked
Mar 05, 2018 1:46:03 PM testCase.BANNERS_TC010_VerifyThatUserCanCheckInABanner login
INFO: Step 29: Check recently created banner
Mar 05, 2018 1:46:04 PM testCase.BANNERS_TC010_VerifyThatUserCanCheckInABanner login
INFO: Step 30: Click Check In button
Mar 05, 2018 1:46:05 PM testCase.BANNERS_TC010_VerifyThatUserCanCheckInABanner login
INFO: Step 31: A message 1 banner successfully checked in appears and banner is changed to unlock
]]></system-err>
</testsuite>
