<?xml version="1.0" encoding="UTF-8"?>
<!-- Generated by org.testng.reporters.JUnitReportReporter -->
<testsuite hostname="LGDN15031" failures="0" tests="1" name="testCase.BANNERS_TC013_VerifyThatUserCanCreateANewBannerByUsingSaveAsCopyButton" time="61.105" errors="0" timestamp="27 Feb 2018 07:13:37 GMT" skipped="0">
  <testcase classname="testCase.BANNERS_TC013_VerifyThatUserCanCreateANewBannerByUsingSaveAsCopyButton" name="login" time="61.105"/>
</testsuite> <!-- testCase.BANNERS_TC013_VerifyThatUserCanCreateANewBannerByUsingSaveAsCopyButton -->
