<?xml version="1.0" encoding="UTF-8"?>
<!-- Generated by org.testng.reporters.JUnitReportReporter -->
<testsuite hostname="LGDN15031" failures="0" tests="1" name="testCase.TC017_VerifyUserCanCreateANewArticleWithPublicAccessLevelProperty" time="17.150" errors="0" timestamp="08 Feb 2018 09:26:50 GMT" skipped="0">
  <testcase classname="testCase.TC017_VerifyUserCanCreateANewArticleWithPublicAccessLevelProperty" name="login" time="17.150"/>
</testsuite> <!-- testCase.TC017_VerifyUserCanCreateANewArticleWithPublicAccessLevelProperty -->
