<?xml version="1.0" encoding="UTF-8"?>
<!-- Generated by org.testng.reporters.JUnitReportReporter -->
<testsuite hostname="LGDN15031" failures="0" tests="1" name="testCase.TO_JOOMLA_ARTICLE_003" time="36.533" errors="0" timestamp="01 Feb 2018 02:29:17 GMT" skipped="0">
  <testcase classname="testCase.TO_JOOMLA_ARTICLE_003" name="login" time="36.533"/>
</testsuite> <!-- testCase.TO_JOOMLA_ARTICLE_003 -->
