<?xml version="1.0" encoding="UTF-8"?>
<!-- Generated by org.testng.reporters.JUnitReportReporter -->
<testsuite hostname="LGDN15031" failures="0" tests="1" name="testCase.BANNERS_TC04_VerifyThatUserCanUnpublishABanner" time="41.088" errors="0" timestamp="26 Feb 2018 07:25:46 GMT" skipped="0">
  <testcase classname="testCase.BANNERS_TC04_VerifyThatUserCanUnpublishABanner" name="login" time="41.088"/>
</testsuite> <!-- testCase.BANNERS_TC04_VerifyThatUserCanUnpublishABanner -->
