<?xml version="1.0" encoding="UTF-8"?>
<!-- Generated by org.testng.reporters.JUnitReportReporter -->
<testsuite hostname="LGDN15031" failures="0" tests="1" name="testCase.BANNERS_TC004_VerifyThatUserCanUnpublishABanner" time="35.446" errors="0" timestamp="06 Mar 2018 10:10:06 GMT" skipped="0">
  <testcase classname="testCase.BANNERS_TC004_VerifyThatUserCanUnpublishABanner" name="login" time="35.446"/>
</testsuite> <!-- testCase.BANNERS_TC004_VerifyThatUserCanUnpublishABanner -->
