<?xml version="1.0" encoding="UTF-8"?>
<!-- Generated by org.testng.reporters.JUnitReportReporter -->
<testsuite hostname="LGDN15031" failures="0" tests="1" name="testCase.BANNERS_TC004_VerifyThatUserCanUnpublishABanner" time="114.085" errors="0" timestamp="07 Mar 2018 09:53:42 GMT" skipped="0">
  <testcase classname="testCase.BANNERS_TC004_VerifyThatUserCanUnpublishABanner" name="login" time="114.085"/>
</testsuite> <!-- testCase.BANNERS_TC004_VerifyThatUserCanUnpublishABanner -->
