<?xml version="1.0" encoding="UTF-8"?>
<!-- Generated by org.testng.reporters.JUnitReportReporter -->
<testsuite hostname="LGDN15031" failures="0" tests="1" name="testCase.ARTICLE_TC017_VerifyUserCanCreateANewArticleWithPublicAccessLevelProperty" time="20.967" errors="0" timestamp="05 Mar 2018 04:00:35 GMT" skipped="0">
  <testcase classname="testCase.ARTICLE_TC017_VerifyUserCanCreateANewArticleWithPublicAccessLevelProperty" name="login" time="20.967"/>
</testsuite> <!-- testCase.ARTICLE_TC017_VerifyUserCanCreateANewArticleWithPublicAccessLevelProperty -->
