<?xml version="1.0" encoding="UTF-8"?>
<!-- Generated by org.testng.reporters.JUnitReportReporter -->
<testsuite hostname="LGDN15031" failures="0" tests="1" name="testCase.BANNERS_TC015_VerifyThatUserCanChangeTheQuantityOfItemsDisplayedInBannerTable" time="159.682" errors="0" timestamp="28 Feb 2018 09:50:16 GMT" skipped="0">
  <testcase classname="testCase.BANNERS_TC015_VerifyThatUserCanChangeTheQuantityOfItemsDisplayedInBannerTable" name="login" time="159.682"/>
</testsuite> <!-- testCase.BANNERS_TC015_VerifyThatUserCanChangeTheQuantityOfItemsDisplayedInBannerTable -->
