<?xml version="1.0" encoding="UTF-8"?>
<!-- Generated by org.testng.reporters.JUnitReportReporter -->
<testsuite hostname="LGDN15031" failures="0" tests="1" name="testCase.TC001_VerifyUserCanCreateNewArticleWithValidInformation" time="16.627" errors="0" timestamp="08 Feb 2018 08:47:26 GMT" skipped="0">
  <testcase classname="testCase.TC001_VerifyUserCanCreateNewArticleWithValidInformation" name="login" time="16.627"/>
</testsuite> <!-- testCase.TC001_VerifyUserCanCreateNewArticleWithValidInformation -->
