<?xml version="1.0" encoding="UTF-8"?>
<!-- Generated by org.testng.reporters.JUnitReportReporter -->
<testsuite hostname="LGDN15031" failures="0" tests="1" name="testCase.ARTICLE_TC001_VerifyUserCanCreateNewArticleWithValidInformation" time="7.092" errors="0" timestamp="06 Mar 2018 04:11:24 GMT" skipped="0">
  <testcase classname="testCase.ARTICLE_TC001_VerifyUserCanCreateNewArticleWithValidInformation" name="login" time="7.092"/>
</testsuite> <!-- testCase.ARTICLE_TC001_VerifyUserCanCreateNewArticleWithValidInformation -->
