<?xml version="1.0" encoding="UTF-8"?>
<!-- Generated by org.testng.reporters.JUnitReportReporter -->
<testsuite hostname="LGDN15031" failures="0" tests="1" name="testCase.TC014_VerifyUserCanChangeTheOrderOfArticlesUsingTheOrderingColumn" time="108.161" errors="0" timestamp="08 Feb 2018 07:33:55 GMT" skipped="0">
  <testcase classname="testCase.TC014_VerifyUserCanChangeTheOrderOfArticlesUsingTheOrderingColumn" name="login" time="108.161"/>
</testsuite> <!-- testCase.TC014_VerifyUserCanChangeTheOrderOfArticlesUsingTheOrderingColumn -->
