<?xml version="1.0" encoding="UTF-8"?>
<!-- Generated by org.testng.reporters.JUnitReportReporter -->
<testsuite hostname="LGDN15031" failures="0" tests="1" name="testCase.TC005_VerifyUserCanMoveAnArticleToTheArchive" time="17.070" errors="0" timestamp="08 Feb 2018 08:57:07 GMT" skipped="0">
  <testcase classname="testCase.TC005_VerifyUserCanMoveAnArticleToTheArchive" name="login" time="17.070"/>
</testsuite> <!-- testCase.TC005_VerifyUserCanMoveAnArticleToTheArchive -->
