<?xml version="1.0" encoding="UTF-8"?>
<!-- Generated by org.testng.reporters.JUnitReportReporter -->
<testsuite hostname="LGDN15031" failures="0" tests="1" name="testCase.TC006_VerifyUserCanCheckInAnArticle" time="53.217" errors="0" timestamp="08 Feb 2018 03:52:08 GMT" skipped="0">
  <testcase classname="testCase.TC006_VerifyUserCanCheckInAnArticle" name="login" time="53.217"/>
</testsuite> <!-- testCase.TC006_VerifyUserCanCheckInAnArticle -->
