<?xml version="1.0" encoding="UTF-8"?>
<!-- Generated by org.testng.reporters.JUnitReportReporter -->
<testsuite hostname="LGDN15031" failures="0" tests="1" name="testCase.TC_JOOMLA_ARTICLE_005" time="17.153" errors="0" timestamp="02 Feb 2018 09:00:12 GMT" skipped="0">
  <testcase classname="testCase.TC_JOOMLA_ARTICLE_005" name="login" time="17.153"/>
</testsuite> <!-- testCase.TC_JOOMLA_ARTICLE_005 -->
