<?xml version="1.0" encoding="UTF-8"?>
<!-- Generated by org.testng.reporters.JUnitReportReporter -->
<testsuite hostname="LGDN15031" failures="0" tests="1" name="testCase.TC016_VerifyUserCanChangeTheFeaturePropertyOfArticlesUsingTheFeaturedColumn" time="20.250" errors="0" timestamp="08 Feb 2018 08:38:28 GMT" skipped="0">
  <testcase classname="testCase.TC016_VerifyUserCanChangeTheFeaturePropertyOfArticlesUsingTheFeaturedColumn" name="login" time="20.250"/>
</testsuite> <!-- testCase.TC016_VerifyUserCanChangeTheFeaturePropertyOfArticlesUsingTheFeaturedColumn -->
