<?xml version="1.0" encoding="UTF-8"?>
<!-- Generated by org.testng.reporters.JUnitReportReporter -->
<testsuite hostname="LGDN15031" failures="0" tests="1" name="testCase.BANNERS_TC008_VerifyThatUserCanSearchABannerByUsingFilterTextbox" time="97.824" errors="0" timestamp="07 Mar 2018 09:53:42 GMT" skipped="0">
  <testcase classname="testCase.BANNERS_TC008_VerifyThatUserCanSearchABannerByUsingFilterTextbox" name="login" time="97.824"/>
</testsuite> <!-- testCase.BANNERS_TC008_VerifyThatUserCanSearchABannerByUsingFilterTextbox -->
