<?xml version="1.0" encoding="UTF-8"?>
<!-- Generated by org.testng.reporters.JUnitReportReporter -->
<testsuite hostname="LGDN15031" failures="0" tests="1" name="testCase.BANNERS_TC015_VerifyThatUserCanChangeTheQuantityOfItemsDisplayedInBannerTable" time="100.540" errors="0" timestamp="07 Mar 2018 02:31:48 GMT" skipped="0">
  <testcase classname="testCase.BANNERS_TC015_VerifyThatUserCanChangeTheQuantityOfItemsDisplayedInBannerTable" name="login" time="100.540"/>
</testsuite> <!-- testCase.BANNERS_TC015_VerifyThatUserCanChangeTheQuantityOfItemsDisplayedInBannerTable -->
