<?xml version="1.0" encoding="UTF-8"?>
<!-- Generated by org.testng.reporters.JUnitReportReporter -->
<testsuite hostname="LGDN15031" failures="0" tests="1" name="testCase.BANNERS_TC007_VerifyThatUserCanBrowseBannerHelpPage" time="37.416" errors="0" timestamp="08 Mar 2018 03:22:55 GMT" skipped="0">
  <testcase classname="testCase.BANNERS_TC007_VerifyThatUserCanBrowseBannerHelpPage" name="login" time="37.416"/>
</testsuite> <!-- testCase.BANNERS_TC007_VerifyThatUserCanBrowseBannerHelpPage -->
