<?xml version="1.0" encoding="UTF-8"?>
<!-- Generated by org.testng.reporters.JUnitReportReporter -->
<testsuite hostname="LGDN15031" failures="0" tests="1" name="testCase.BANNERS_TC016_VerifyThatUserCanSortItemsDisplayedInBannerTableByID" time="62.531" errors="0" timestamp="02 Mar 2018 04:10:21 GMT" skipped="0">
  <testcase classname="testCase.BANNERS_TC016_VerifyThatUserCanSortItemsDisplayedInBannerTableByID" name="login" time="62.531"/>
</testsuite> <!-- testCase.BANNERS_TC016_VerifyThatUserCanSortItemsDisplayedInBannerTableByID -->
