<?xml version="1.0" encoding="UTF-8"?>
<!-- Generated by org.testng.reporters.JUnitReportReporter -->
<testsuite hostname="LGDN15031" failures="0" tests="1" name="testCase.ARTICLE_TC012_VerifyUserCanPagingTheArticlesUsingThePagingControl" time="154.015" errors="0" timestamp="05 Mar 2018 03:36:00 GMT" skipped="0">
  <testcase classname="testCase.ARTICLE_TC012_VerifyUserCanPagingTheArticlesUsingThePagingControl" name="login" time="154.015"/>
</testsuite> <!-- testCase.ARTICLE_TC012_VerifyUserCanPagingTheArticlesUsingThePagingControl -->
