<?xml version="1.0" encoding="UTF-8"?>
<!-- Generated by org.testng.reporters.JUnitReportReporter -->
<testsuite hostname="LGDN15031" failures="0" tests="1" name="testCase.BANNERS_TC03_VerifyThatUserCanCreateANewBannerWithUnpublishedStatus" time="34.490" errors="0" timestamp="26 Feb 2018 04:05:25 GMT" skipped="0">
  <testcase classname="testCase.BANNERS_TC03_VerifyThatUserCanCreateANewBannerWithUnpublishedStatus" name="login" time="34.490"/>
</testsuite> <!-- testCase.BANNERS_TC03_VerifyThatUserCanCreateANewBannerWithUnpublishedStatus -->
