<?xml version="1.0" encoding="UTF-8"?>
<!-- Generated by org.testng.reporters.JUnitReportReporter -->
<testsuite hostname="LGDN15031" failures="0" tests="1" name="testCase.TO_JOOMLA_ARTICLE_002" time="43.049" errors="0" timestamp="01 Feb 2018 02:32:06 GMT" skipped="0">
  <testcase classname="testCase.TO_JOOMLA_ARTICLE_002" name="login" time="43.049"/>
</testsuite> <!-- testCase.TO_JOOMLA_ARTICLE_002 -->
