<?xml version="1.0" encoding="UTF-8"?>
<!-- Generated by org.testng.reporters.JUnitReportReporter -->
<testsuite hostname="LGDN15031" failures="0" tests="1" name="testCase.TC002_VerifyUserCanEditAnArticle" time="25.564" errors="0" timestamp="08 Feb 2018 08:49:08 GMT" skipped="0">
  <testcase classname="testCase.TC002_VerifyUserCanEditAnArticle" name="login" time="25.564"/>
</testsuite> <!-- testCase.TC002_VerifyUserCanEditAnArticle -->
