<?xml version="1.0" encoding="UTF-8"?>
<!-- Generated by org.testng.reporters.JUnitReportReporter -->
<testsuite hostname="LGDN15031" failures="0" tests="1" name="testCase.TC004_VerifyUserCanUnpublishAPublishedArticle" time="16.767" errors="0" timestamp="08 Feb 2018 08:55:30 GMT" skipped="0">
  <testcase classname="testCase.TC004_VerifyUserCanUnpublishAPublishedArticle" name="login" time="16.767"/>
</testsuite> <!-- testCase.TC004_VerifyUserCanUnpublishAPublishedArticle -->
