<?xml version="1.0" encoding="UTF-8"?>
<!-- Generated by org.testng.reporters.JUnitReportReporter -->
<testsuite hostname="LGDN15031" failures="0" tests="1" name="testCase.ARTICLE_TC010_VerifyUserCanSearchForArticlesUsingTheFilterDropdownLists" time="26.859" errors="0" timestamp="06 Mar 2018 07:35:59 GMT" skipped="0">
  <testcase classname="testCase.ARTICLE_TC010_VerifyUserCanSearchForArticlesUsingTheFilterDropdownLists" name="login" time="26.859"/>
</testsuite> <!-- testCase.ARTICLE_TC010_VerifyUserCanSearchForArticlesUsingTheFilterDropdownLists -->
