<?xml version="1.0" encoding="UTF-8"?>
<!-- Generated by org.testng.reporters.JUnitReportReporter -->
<testsuite hostname="LGDN15031" failures="0" tests="1" name="testCase.BANNERS_TC017_VerifyThatUserCanAccessBannerClientsPageWhileBrowsingBannerPage" time="9.709" errors="0" timestamp="28 Feb 2018 03:42:47 GMT" skipped="0">
  <testcase classname="testCase.BANNERS_TC017_VerifyThatUserCanAccessBannerClientsPageWhileBrowsingBannerPage" name="login" time="9.709"/>
</testsuite> <!-- testCase.BANNERS_TC017_VerifyThatUserCanAccessBannerClientsPageWhileBrowsingBannerPage -->
