<?xml version="1.0" encoding="UTF-8"?>
<!-- Generated by org.testng.reporters.JUnitReportReporter -->
<testsuite hostname="LGDN15031" failures="0" tests="1" name="testCase.BANNERS_TC09_VerifyThatUserCanSearchABannerByUsingFilterDropdownLists" time="34.903" errors="0" timestamp="26 Feb 2018 09:46:56 GMT" skipped="0">
  <testcase classname="testCase.BANNERS_TC09_VerifyThatUserCanSearchABannerByUsingFilterDropdownLists" name="login" time="34.903"/>
</testsuite> <!-- testCase.BANNERS_TC09_VerifyThatUserCanSearchABannerByUsingFilterDropdownLists -->
