<?xml version="1.0" encoding="UTF-8"?>
<!-- Generated by org.testng.reporters.JUnitReportReporter -->
<testsuite hostname="LGDN15031" failures="0" tests="1" name="testCase.ARTICLE_TC007_VerifyUserCanMoveAnArticleToTrashSection" time="31.595" errors="0" timestamp="06 Mar 2018 07:31:04 GMT" skipped="0">
  <testcase classname="testCase.ARTICLE_TC007_VerifyUserCanMoveAnArticleToTrashSection" name="login" time="31.595"/>
</testsuite> <!-- testCase.ARTICLE_TC007_VerifyUserCanMoveAnArticleToTrashSection -->
