<?xml version="1.0" encoding="UTF-8"?>
<!-- Generated by org.testng.reporters.JUnitReportReporter -->
<testsuite hostname="LGDN15031" failures="0" tests="1" name="testCase.BANNERS_TC014_VerifyThatUserCanNotCreateANewBannerWithoutEnteringTheNameOfTheBanner" time="64.790" errors="0" timestamp="05 Mar 2018 03:44:26 GMT" skipped="0">
  <testcase classname="testCase.BANNERS_TC014_VerifyThatUserCanNotCreateANewBannerWithoutEnteringTheNameOfTheBanner" name="login" time="64.790"/>
</testsuite> <!-- testCase.BANNERS_TC014_VerifyThatUserCanNotCreateANewBannerWithoutEnteringTheNameOfTheBanner -->
