<?xml version="1.0" encoding="UTF-8"?>
<!-- Generated by org.testng.reporters.JUnitReportReporter -->
<testsuite hostname="LGDN15031" failures="0" tests="1" name="testCase.ARTICLE_TC014_VerifyUserCanChangeTheOrderOfArticlesUsingTheOrderingColumn" time="127.245" errors="0" timestamp="07 Mar 2018 10:23:20 GMT" skipped="0">
  <testcase classname="testCase.ARTICLE_TC014_VerifyUserCanChangeTheOrderOfArticlesUsingTheOrderingColumn" name="login" time="127.245"/>
</testsuite> <!-- testCase.ARTICLE_TC014_VerifyUserCanChangeTheOrderOfArticlesUsingTheOrderingColumn -->
