<?xml version="1.0" encoding="UTF-8"?>
<!-- Generated by org.testng.reporters.JUnitReportReporter -->
<testsuite hostname="LGDN15031" failures="0" tests="1" name="testCase.BANNERS_TC06_VerifyThatUserCanSendABannerToTrash" time="35.499" errors="0" timestamp="26 Feb 2018 08:31:03 GMT" skipped="0">
  <testcase classname="testCase.BANNERS_TC06_VerifyThatUserCanSendABannerToTrash" name="login" time="35.499"/>
</testsuite> <!-- testCase.BANNERS_TC06_VerifyThatUserCanSendABannerToTrash -->
