<?xml version="1.0" encoding="UTF-8"?>
<!-- Generated by org.testng.reporters.JUnitReportReporter -->
<testsuite hostname="LGDN15031" failures="0" tests="1" name="testCase.BANNERS_TC07_VerifyThatUserCanBrowseBannerHelpPage" time="9.323" errors="0" timestamp="26 Feb 2018 08:55:24 GMT" skipped="0">
  <testcase classname="testCase.BANNERS_TC07_VerifyThatUserCanBrowseBannerHelpPage" name="login" time="9.323"/>
</testsuite> <!-- testCase.BANNERS_TC07_VerifyThatUserCanBrowseBannerHelpPage -->
