<?xml version="1.0" encoding="UTF-8"?>
<!-- Generated by org.testng.reporters.JUnitReportReporter -->
<testsuite hostname="LGDN15031" failures="0" tests="1" name="testCase.BANNERS_TC10_VerifyThatUserCanCheckInABanner" time="69.945" errors="0" timestamp="27 Feb 2018 03:09:02 GMT" skipped="0">
  <testcase classname="testCase.BANNERS_TC10_VerifyThatUserCanCheckInABanner" name="login" time="69.945"/>
</testsuite> <!-- testCase.BANNERS_TC10_VerifyThatUserCanCheckInABanner -->
