<?xml version="1.0" encoding="UTF-8"?>
<!-- Generated by org.testng.reporters.JUnitReportReporter -->
<testsuite hostname="LGDN15031" failures="0" tests="1" name="testCase.BANNERS_TC005_VerifyThatUserCanArchiveABanner" time="49.855" errors="0" timestamp="05 Mar 2018 03:08:55 GMT" skipped="0">
  <testcase classname="testCase.BANNERS_TC005_VerifyThatUserCanArchiveABanner" name="login" time="49.855"/>
</testsuite> <!-- testCase.BANNERS_TC005_VerifyThatUserCanArchiveABanner -->
