<?xml version="1.0" encoding="UTF-8"?>
<!-- Generated by org.testng.reporters.JUnitReportReporter -->
<testsuite hostname="LGDN15031" failures="0" tests="1" name="testCase.TC015_VerifyUserCanChangeTheStatusOfArticlesUsingTheStatusColumn" time="21.523" errors="0" timestamp="08 Feb 2018 08:14:14 GMT" skipped="0">
  <testcase classname="testCase.TC015_VerifyUserCanChangeTheStatusOfArticlesUsingTheStatusColumn" name="login" time="21.523"/>
</testsuite> <!-- testCase.TC015_VerifyUserCanChangeTheStatusOfArticlesUsingTheStatusColumn -->
