<?xml version="1.0" encoding="UTF-8"?>
<!-- Generated by org.testng.reporters.JUnitReportReporter -->
<testsuite hostname="LGDN15031" failures="0" tests="1" name="testCase.ARTICLE_TC009_VerifyUserCanSearchForArticlesUsingTheFilterTextField" time="21.480" errors="0" timestamp="02 Mar 2018 02:20:43 GMT" skipped="0">
  <testcase classname="testCase.ARTICLE_TC009_VerifyUserCanSearchForArticlesUsingTheFilterTextField" name="login" time="21.480"/>
</testsuite> <!-- testCase.ARTICLE_TC009_VerifyUserCanSearchForArticlesUsingTheFilterTextField -->
