<?xml version="1.0" encoding="UTF-8"?>
<!-- Generated by org.testng.reporters.JUnitReportReporter -->
<testsuite hostname="LGDN15031" failures="0" tests="1" name="testCase.BANNERS_TC005_VerifyThatUserCanArchiveABanner" time="123.132" errors="0" timestamp="08 Mar 2018 02:53:59 GMT" skipped="0">
  <testcase classname="testCase.BANNERS_TC005_VerifyThatUserCanArchiveABanner" name="login" time="123.132"/>
</testsuite> <!-- testCase.BANNERS_TC005_VerifyThatUserCanArchiveABanner -->
