<?xml version="1.0" encoding="UTF-8"?>
<!-- Generated by org.testng.reporters.JUnitReportReporter -->
<testsuite hostname="LGDN15031" failures="0" tests="1" name="testCase.BANNERS_TC01_VerifyThatUserCanCreateNewBanner" time="32.509" errors="0" timestamp="09 Feb 2018 08:46:57 GMT" skipped="0">
  <testcase classname="testCase.BANNERS_TC01_VerifyThatUserCanCreateNewBanner" name="login" time="32.509"/>
</testsuite> <!-- testCase.BANNERS_TC01_VerifyThatUserCanCreateNewBanner -->
