<?xml version="1.0" encoding="UTF-8"?>
<!-- Generated by org.testng.reporters.JUnitReportReporter -->
<testsuite hostname="LGDN15031" failures="0" tests="1" name="testCase.BANNERS_TC05_VerifyThatUserCanArchiveABanner" time="42.153" errors="0" timestamp="26 Feb 2018 08:18:41 GMT" skipped="0">
  <testcase classname="testCase.BANNERS_TC05_VerifyThatUserCanArchiveABanner" name="login" time="42.153"/>
</testsuite> <!-- testCase.BANNERS_TC05_VerifyThatUserCanArchiveABanner -->
