<?xml version="1.0" encoding="UTF-8"?>
<!-- Generated by org.testng.reporters.JUnitReportReporter -->
<testsuite hostname="LGDN15031" failures="0" tests="1" name="testCase.BANNERS_TC004_VerifyThatUserCanUnpublishABanner" time="241.250" errors="0" timestamp="08 Mar 2018 03:38:19 GMT" skipped="0">
  <testcase classname="testCase.BANNERS_TC004_VerifyThatUserCanUnpublishABanner" name="login" time="241.250"/>
</testsuite> <!-- testCase.BANNERS_TC004_VerifyThatUserCanUnpublishABanner -->
