<?xml version="1.0" encoding="UTF-8"?>
<!-- Generated by org.testng.reporters.JUnitReportReporter -->
<testsuite hostname="LGDN15031" failures="0" tests="1" name="testCase.BANNERS_TC012_VerifyThatUserCanBrowseNewBannerHelpPageInNewBannerPage" time="12.954" errors="0" timestamp="27 Feb 2018 04:41:13 GMT" skipped="0">
  <testcase classname="testCase.BANNERS_TC012_VerifyThatUserCanBrowseNewBannerHelpPageInNewBannerPage" name="login" time="12.954"/>
</testsuite> <!-- testCase.BANNERS_TC012_VerifyThatUserCanBrowseNewBannerHelpPageInNewBannerPage -->
