<?xml version="1.0" encoding="UTF-8"?>
<!-- Generated by org.testng.reporters.JUnitReportReporter -->
<testsuite hostname="LGDN15031" failures="0" tests="1" name="testCase.TC_JOOMLA_ARTICLE_007_VerifyUserCanMoveAnArticleToTrashSection" time="49.203" errors="0" timestamp="02 Feb 2018 09:07:20 GMT" skipped="0">
  <testcase classname="testCase.TC_JOOMLA_ARTICLE_007_VerifyUserCanMoveAnArticleToTrashSection" name="login" time="49.203"/>
</testsuite> <!-- testCase.TC_JOOMLA_ARTICLE_007_VerifyUserCanMoveAnArticleToTrashSection -->
