<?xml version="1.0" encoding="UTF-8"?>
<!-- Generated by org.testng.reporters.JUnitReportReporter -->
<testsuite hostname="LGDN15031" failures="0" tests="1" name="testCase.BANNERS_TC010_VerifyThatUserCanCheckInABanner" time="76.798" errors="0" timestamp="06 Mar 2018 10:09:17 GMT" skipped="0">
  <testcase classname="testCase.BANNERS_TC010_VerifyThatUserCanCheckInABanner" name="login" time="76.798"/>
</testsuite> <!-- testCase.BANNERS_TC010_VerifyThatUserCanCheckInABanner -->
