<?xml version="1.0" encoding="UTF-8"?>
<!-- Generated by org.testng.reporters.JUnitReportReporter -->
<testsuite hostname="LGDN15031" failures="0" tests="1" name="testCase.TC012_VerifyUserCanPagingTheArticlesUsingThePagingControl" time="65.389" errors="0" timestamp="06 Feb 2018 10:04:24 GMT" skipped="0">
  <testcase classname="testCase.TC012_VerifyUserCanPagingTheArticlesUsingThePagingControl" name="login" time="65.389"/>
</testsuite> <!-- testCase.TC012_VerifyUserCanPagingTheArticlesUsingThePagingControl -->
