<?xml version="1.0" encoding="UTF-8"?>
<!-- Generated by org.testng.reporters.JUnitReportReporter -->
<testsuite hostname="LGDN15031" failures="0" tests="1" name="testCase.BANNERS_TC001_VerifyThatUserCanCreateNewBanner" time="100.450" errors="0" timestamp="02 Mar 2018 06:24:26 GMT" skipped="0">
  <testcase classname="testCase.BANNERS_TC001_VerifyThatUserCanCreateNewBanner" name="login" time="100.450"/>
</testsuite> <!-- testCase.BANNERS_TC001_VerifyThatUserCanCreateNewBanner -->
