<?xml version="1.0" encoding="UTF-8"?>
<!-- Generated by org.testng.reporters.JUnitReportReporter -->
<testsuite hostname="LGDN15031" failures="0" tests="1" name="testCase.ARTICLE_TC012_VerifyUserCanPagingTheArticlesUsingThePagingControl" time="154.089" errors="0" timestamp="07 Mar 2018 02:25:15 GMT" skipped="0">
  <testcase classname="testCase.ARTICLE_TC012_VerifyUserCanPagingTheArticlesUsingThePagingControl" name="login" time="154.089"/>
</testsuite> <!-- testCase.ARTICLE_TC012_VerifyUserCanPagingTheArticlesUsingThePagingControl -->
