<?xml version="1.0" encoding="UTF-8"?>
<!-- Generated by org.testng.reporters.JUnitReportReporter -->
<testsuite hostname="LGDN15031" failures="0" tests="1" name="testCase.ARTICLE_TC002_VerifyUserCanEditAnArticle" time="84.796" errors="0" timestamp="01 Mar 2018 09:03:38 GMT" skipped="0">
  <testcase classname="testCase.ARTICLE_TC002_VerifyUserCanEditAnArticle" name="login" time="84.796"/>
</testsuite> <!-- testCase.ARTICLE_TC002_VerifyUserCanEditAnArticle -->
