<?xml version="1.0" encoding="UTF-8"?>
<!-- Generated by org.testng.reporters.JUnitReportReporter -->
<testsuite hostname="LGDN15031" failures="0" tests="1" name="testCase.BANNERS_TC005_VerifyThatUserCanArchiveABanner" time="49.991" errors="0" timestamp="06 Mar 2018 10:16:42 GMT" skipped="0">
  <testcase classname="testCase.BANNERS_TC005_VerifyThatUserCanArchiveABanner" name="login" time="49.991"/>
</testsuite> <!-- testCase.BANNERS_TC005_VerifyThatUserCanArchiveABanner -->
