<?xml version="1.0" encoding="UTF-8"?>
<!-- Generated by org.testng.reporters.JUnitReportReporter -->
<testsuite hostname="LGDN15031" failures="0" tests="1" name="testCase.ARTICLE_TC011_VerifyUserCanSortTheArticleTableByIDColumn" time="43.093" errors="0" timestamp="02 Mar 2018 02:21:43 GMT" skipped="0">
  <testcase classname="testCase.ARTICLE_TC011_VerifyUserCanSortTheArticleTableByIDColumn" name="login" time="43.093"/>
</testsuite> <!-- testCase.ARTICLE_TC011_VerifyUserCanSortTheArticleTableByIDColumn -->
