<?xml version="1.0" encoding="UTF-8"?>
<!-- Generated by org.testng.reporters.JUnitReportReporter -->
<testsuite hostname="LGDN15031" failures="0" tests="1" name="testCase.ARTICLE_TC014_VerifyUserCanChangeTheOrderOfArticlesUsingTheOrderingColumn" time="39.611" errors="0" timestamp="06 Mar 2018 03:38:01 GMT" skipped="0">
  <testcase classname="testCase.ARTICLE_TC014_VerifyUserCanChangeTheOrderOfArticlesUsingTheOrderingColumn" name="login" time="39.611"/>
</testsuite> <!-- testCase.ARTICLE_TC014_VerifyUserCanChangeTheOrderOfArticlesUsingTheOrderingColumn -->
