<?xml version="1.0" encoding="UTF-8"?>
<!-- Generated by org.testng.reporters.JUnitReportReporter -->
<testsuite hostname="LGDN15031" failures="0" tests="1" name="testCase.TC_JOOMLA_ARTICLE_004" time="43.151" errors="0" timestamp="02 Feb 2018 06:29:02 GMT" skipped="0">
  <testcase classname="testCase.TC_JOOMLA_ARTICLE_004" name="login" time="43.151"/>
</testsuite> <!-- testCase.TC_JOOMLA_ARTICLE_004 -->
