<?xml version="1.0" encoding="UTF-8"?>
<!-- Generated by org.testng.reporters.JUnitReportReporter -->
<testsuite hostname="LGDN15031" failures="0" tests="1" name="testCase.ARTICLE_TC016_VerifyUserCanChangeTheFeaturePropertyOfArticlesUsingTheFeaturedColumn" time="73.985" errors="0" timestamp="02 Mar 2018 06:18:41 GMT" skipped="0">
  <testcase classname="testCase.ARTICLE_TC016_VerifyUserCanChangeTheFeaturePropertyOfArticlesUsingTheFeaturedColumn" name="login" time="73.985"/>
</testsuite> <!-- testCase.ARTICLE_TC016_VerifyUserCanChangeTheFeaturePropertyOfArticlesUsingTheFeaturedColumn -->
