<?xml version="1.0" encoding="UTF-8"?>
<!-- Generated by org.testng.reporters.JUnitReportReporter -->
<testsuite hostname="LGDN15031" failures="0" tests="1" name="testCase.BANNERS_TC08_VerifyThatUserCanSearchABannerByUsingFilterTextbox" time="30.840" errors="0" timestamp="26 Feb 2018 09:19:36 GMT" skipped="0">
  <testcase classname="testCase.BANNERS_TC08_VerifyThatUserCanSearchABannerByUsingFilterTextbox" name="login" time="30.840"/>
</testsuite> <!-- testCase.BANNERS_TC08_VerifyThatUserCanSearchABannerByUsingFilterTextbox -->
