<?xml version="1.0" encoding="UTF-8"?>
<!-- Generated by org.testng.reporters.JUnitReportReporter -->
<testsuite hostname="LGDN15031" failures="0" tests="1" name="testCase.BANNERS_TC011_VerifyThatUserCanCreateManyBannersByUsingSaveNewButton" time="39.274" errors="0" timestamp="27 Feb 2018 04:27:45 GMT" skipped="0">
  <testcase classname="testCase.BANNERS_TC011_VerifyThatUserCanCreateManyBannersByUsingSaveNewButton" name="login" time="39.274"/>
</testsuite> <!-- testCase.BANNERS_TC011_VerifyThatUserCanCreateManyBannersByUsingSaveNewButton -->
