<?xml version="1.0" encoding="UTF-8"?>
<!-- Generated by org.testng.reporters.JUnitReportReporter -->
<testsuite hostname="LGDN15031" failures="0" tests="1" name="testCase.TC003_VerifyUserCanPublishAnUnpublishedArticle" time="22.754" errors="0" timestamp="08 Feb 2018 08:54:18 GMT" skipped="0">
  <testcase classname="testCase.TC003_VerifyUserCanPublishAnUnpublishedArticle" name="login" time="22.754"/>
</testsuite> <!-- testCase.TC003_VerifyUserCanPublishAnUnpublishedArticle -->
