<?xml version="1.0" encoding="UTF-8"?>
<!-- Generated by org.testng.reporters.JUnitReportReporter -->
<testsuite hostname="LGDN15031" failures="0" tests="1" name="testCase.ARTICLE_TC005_VerifyUserCanMoveAnArticleToTheArchive" time="23.765" errors="0" timestamp="06 Mar 2018 07:29:03 GMT" skipped="0">
  <testcase classname="testCase.ARTICLE_TC005_VerifyUserCanMoveAnArticleToTheArchive" name="login" time="23.765"/>
</testsuite> <!-- testCase.ARTICLE_TC005_VerifyUserCanMoveAnArticleToTheArchive -->
