<?xml version="1.0" encoding="UTF-8"?>
<!-- Generated by org.testng.reporters.JUnitReportReporter -->
<testsuite hostname="LGDN15031" failures="0" tests="1" name="testCase.TC007_VerifyUserCanMoveAnArticleToTrashSection" time="19.244" errors="0" timestamp="08 Feb 2018 08:59:50 GMT" skipped="0">
  <testcase classname="testCase.TC007_VerifyUserCanMoveAnArticleToTrashSection" name="login" time="19.244"/>
</testsuite> <!-- testCase.TC007_VerifyUserCanMoveAnArticleToTrashSection -->
